#
# A fatal error has been detected by the Java Runtime Environment:
#
#  EXCEPTION_ACCESS_VIOLATION (0xc0000005) at pc=0x00007ffa6ee47a40, pid=10700, tid=11336
#
# JRE version: OpenJDK Runtime Environment (17.0.1+12) (build 17.0.1+12-39)
# Java VM: OpenJDK 64-Bit Server VM (17.0.1+12-39, mixed mode, sharing, tiered, compressed oops, compressed class ptrs, g1 gc, windows-amd64)
# Problematic frame:
# C  [nvoglv64.dll+0x917a40]
#
# No core dump will be written. Minidumps are not enabled by default on client versions of Windows
#
# If you would like to submit a bug report, please visit:
#   https://bugreport.java.com/bugreport/crash.jsp
# The crash happened outside the Java Virtual Machine in native code.
# See problematic frame for where to report the bug.
#

---------------  S U M M A R Y ------------

Command Line: -Dfile.encoding=windows-1252 -Duser.country=GB -Duser.language=en -Duser.variant windowStuff.Main

Host: Intel(R) Core(TM) i7-10750H CPU @ 2.60GHz, 12 cores, 15G,  Windows 10 , 64 bit Build 22000 (10.0.22000.708)
Time: Tue Aug 30 19:52:14 2022 Central Europe Summer Time elapsed time: 3.075742 seconds (0d 0h 0m 3s)

---------------  T H R E A D  ---------------

Current thread (0x0000026284e57b70):  JavaThread "main" [_thread_in_native, id=11336, stack(0x00000070d6000000,0x00000070d6100000)]

Stack: [0x00000070d6000000,0x00000070d6100000],  sp=0x00000070d60feda0,  free space=1019k
Native frames: (J=compiled Java code, j=interpreted, Vv=VM code, C=native code)
C  [nvoglv64.dll+0x917a40]

Java frames: (J=compiled Java code, j=interpreted, Vv=VM code)
j  org.lwjgl.opengl.GL11C.nglDrawElements(IIIJ)V+0
j  org.lwjgl.opengl.GL11C.glDrawElements(IIIJ)V+4
j  org.lwjgl.opengl.GL11.glDrawElements(IIIJ)V+4
J 822 c1 windowStuff.Batch.draw()V (122 bytes) @ 0x000002628e5592bc [0x000002628e558d00+0x00000000000005bc]
j  windowStuff.BatchSystem.draw()V+98
j  windowStuff.Graphics.redraw(D)V+51
j  Game.Game.graphicsUpdate(D)V+5
j  windowStuff.Window.loop(F)V+25
j  windowStuff.Window.run()V+75
j  windowStuff.Main.main([Ljava/lang/String;)V+14
v  ~StubRoutines::call_stub

siginfo: EXCEPTION_ACCESS_VIOLATION (0xc0000005), reading address 0x0000000000000000


Register to memory mapping:

RIP=0x00007ffa6ee47a40 nvoglv64.dll
RAX=0x0 is NULL
RBX=0x0 is NULL
RCX=0x00000000ffffffb6 is an unknown value
RDX=0x00000262ab29a7e0 points into unknown readable memory: 0x0000000000000000 | 00 00 00 00 00 00 00 00
RSP=0x00000070d60feda0 is pointing into the stack for thread: 0x0000026284e57b70
RBP=0x000000000000098c is an unknown value
RSI=0x0000000000000258 is an unknown value
RDI=0x00000262ac0c5080 points into unknown readable memory: 0x0000000000000000 | 00 00 00 00 00 00 00 00
R8 =0x0000000000000008 is an unknown value
R9 =0x00000262ab29a7b8 points into unknown readable memory: 0x00000004004c6006 | 06 60 4c 00 04 00 00 00
R10=0x00000262ab29a7d0 points into unknown readable memory: 0x0000000000000000 | 00 00 00 00 00 00 00 00
R11=0x000000000000004a is an unknown value
R12=0x00000262ab29a7e0 points into unknown readable memory: 0x0000000000000000 | 00 00 00 00 00 00 00 00
R13=0x0000000000001405 is an unknown value
R14=2400 is a compressed pointer to class: 0x0000000800000960
R15=0x0 is NULL


Registers:
RAX=0x0000000000000000, RBX=0x0000000000000000, RCX=0x00000000ffffffb6, RDX=0x00000262ab29a7e0
RSP=0x00000070d60feda0, RBP=0x000000000000098c, RSI=0x0000000000000258, RDI=0x00000262ac0c5080
R8 =0x0000000000000008, R9 =0x00000262ab29a7b8, R10=0x00000262ab29a7d0, R11=0x000000000000004a
R12=0x00000262ab29a7e0, R13=0x0000000000001405, R14=0x0000000000000960, R15=0x0000000000000000
RIP=0x00007ffa6ee47a40, EFLAGS=0x0000000000010293

Top of Stack: (sp=0x00000070d60feda0)
0x00000070d60feda0:   000000000000000d 0000000800b31ea0
0x00000070d60fedb0:   00000070d60fee70 00007ffaaaa96534
0x00000070d60fedc0:   00000262b1676092 0000026200000000
0x00000070d60fedd0:   0000000000010000 0000000000000000
0x00000070d60fede0:   0000000000000000 0000026200000000
0x00000070d60fedf0:   0000000000000000 0000000000000000
0x00000070d60fee00:   0000026284e57b70 00000262aa7ce708
0x00000070d60fee10:   0000000000000000 0000000000000000
0x00000070d60fee20:   0000000000000064 000002628de6d621
0x00000070d60fee30:   00000070d60feec8 0000000000000001
0x00000070d60fee40:   00000070d60fef08 00000262aa7ce708
0x00000070d60fee50:   3ff0000000001405 0000000000000000
0x00000070d60fee60:   00000262b69d9bf8 0000000000000000
0x00000070d60fee70:   0000000000000000 0000000000000000
0x00000070d60fee80:   00000070d60fee80 0000000000000000
0x00000070d60fee90:   00000070d60fef08 00000262aa7d8d88 

Instructions: (pc=0x00007ffa6ee47a40)
0x00007ffa6ee47940:   90 00 00 00 4c 8b b4 24 a0 00 00 00 48 8b 9c 24
0x00007ffa6ee47950:   a8 00 00 00 48 83 c4 60 41 5f 41 5d 41 5c 5f 5e
0x00007ffa6ee47960:   c3 4c 8b 4f 40 8b c3 48 8b 4f 50 49 2b c9 48 c1
0x00007ffa6ee47970:   f9 02 85 c9 0f 49 c1 c1 e0 02 3b e8 72 0e 8b d5
0x00007ffa6ee47980:   48 8b cf e8 d8 3d 21 00 4c 8b 4f 40 8b c5 45 89
0x00007ffa6ee47990:   61 04 c1 e0 0b 83 c8 06 41 89 71 08 41 89 01 45
0x00007ffa6ee479a0:   89 69 0c 4d 89 79 10 38 9c 24 98 00 00 00 0f 84
0x00007ffa6ee479b0:   15 01 00 00 4c 8b 57 40 41 8d 4f 0f 83 e1 f0 49
0x00007ffa6ee479c0:   83 c2 18 41 2b cf 0f 57 db d1 f9 49 8b c7 44 8b
0x00007ffa6ee479d0:   c6 66 0f 7f 5c 24 50 49 8d 52 04 03 ca 49 8d 52
0x00007ffa6ee479e0:   04 f7 d9 83 e1 0f 48 03 d1 4c 8b e2 41 f6 c7 0f
0x00007ffa6ee479f0:   74 1b 45 85 c0 74 16 8b 08 41 ff c8 66 89 0a 0b
0x00007ffa6ee47a00:   d9 48 83 c2 02 48 83 c0 04 a8 0f 75 e5 41 83 f8
0x00007ffa6ee47a10:   08 7e 71 66 0f 6f 25 f5 4a 9f 01 41 8d 48 f7 66
0x00007ffa6ee47a20:   0f 6f 2d f9 4a 9f 01 c1 e9 03 ff c1 44 8b d9 f7
0x00007ffa6ee47a30:   d9 45 8d 04 c8 66 66 66 0f 1f 84 00 00 00 00 00
0x00007ffa6ee47a40:   f3 0f 6f 10 f3 0f 6f 48 10 66 0f 6f c2 66 0f eb
0x00007ffa6ee47a50:   c3 48 83 c0 20 66 0f 6f d8 66 0f eb d9 0f 18 00
0x00007ffa6ee47a60:   66 0f fe d4 66 0f fe cc 66 0f 6b d1 66 0f fd d5
0x00007ffa6ee47a70:   f3 0f 7f 12 48 83 c2 10 49 83 eb 01 75 c2 66 0f
0x00007ffa6ee47a80:   7f 5c 24 50 8b 4c 24 5c 0b 4c 24 58 0b 4c 24 54
0x00007ffa6ee47a90:   0b 4c 24 50 0b d9 45 85 c0 74 1a 0f 1f 44 00 00
0x00007ffa6ee47aa0:   8b 08 0b d9 66 89 0a 48 8d 52 02 48 8d 40 04 41
0x00007ffa6ee47ab0:   83 e8 01 75 eb 45 2b e2 45 89 22 f7 c3 00 00 ff
0x00007ffa6ee47ac0:   ff 74 46 ff 87 ec ef 55 00 48 8b 5f 40 49 8b d7
0x00007ffa6ee47ad0:   4d 63 c6 48 8d 4b 1c e8 44 3e 95 00 c7 43 18 04
0x00007ffa6ee47ae0:   00 00 00 48 63 c5 48 83 e0 fc 48 01 47 40 48 8b
0x00007ffa6ee47af0:   47 40 48 3b 47 48 0f 82 40 fe ff ff 48 8b cf e8
0x00007ffa6ee47b00:   8c 38 21 00 e9 33 fe ff ff 41 c7 41 0c 03 14 00
0x00007ffa6ee47b10:   00 41 8b 2a 48 8b 47 40 83 c5 03 8d 6c 75 00 83
0x00007ffa6ee47b20:   e5 fc 83 c5 18 8b cd c1 e1 0b 83 c9 06 89 08 8b
0x00007ffa6ee47b30:   87 ec ef 55 00 85 c0 74 aa ff c8 89 87 ec ef 55 


Stack slot to memory mapping:
stack at sp + 0 slots: 0x000000000000000d is an unknown value
stack at sp + 1 slots: 0x0000000800b31ea0 is pointing into metadata
stack at sp + 2 slots: 0x00000070d60fee70 is pointing into the stack for thread: 0x0000026284e57b70
stack at sp + 3 slots: 0x00007ffaaaa96534 jvm.dll
stack at sp + 4 slots: 0x00000262b1676092 points into unknown readable memory: 00 00 00 00 00 00
stack at sp + 5 slots: 0x0000026200000000 is an unknown value
stack at sp + 6 slots: 0x0000000000010000 is an unknown value
stack at sp + 7 slots: 0x0 is NULL


---------------  P R O C E S S  ---------------

Threads class SMR info:
_java_thread_list=0x00000262b181dd50, length=13, elements={
0x0000026284e57b70, 0x00000262aa843a90, 0x00000262a9e0ef20, 0x00000262a9e24550,
0x00000262a9e24f00, 0x00000262a9e258b0, 0x00000262a9e26260, 0x00000262a9e2b010,
0x00000262a9e2efb0, 0x00000262a9e2f9a0, 0x00000262aa955030, 0x00000262aa95b520,
0x00000262b124b070
}

Java Threads: ( => current thread )
=>0x0000026284e57b70 JavaThread "main" [_thread_in_native, id=11336, stack(0x00000070d6000000,0x00000070d6100000)]
  0x00000262aa843a90 JavaThread "Reference Handler" daemon [_thread_blocked, id=4128, stack(0x00000070d6700000,0x00000070d6800000)]
  0x00000262a9e0ef20 JavaThread "Finalizer" daemon [_thread_blocked, id=17576, stack(0x00000070d6800000,0x00000070d6900000)]
  0x00000262a9e24550 JavaThread "Signal Dispatcher" daemon [_thread_blocked, id=744, stack(0x00000070d6900000,0x00000070d6a00000)]
  0x00000262a9e24f00 JavaThread "Attach Listener" daemon [_thread_blocked, id=13408, stack(0x00000070d6a00000,0x00000070d6b00000)]
  0x00000262a9e258b0 JavaThread "Service Thread" daemon [_thread_blocked, id=16288, stack(0x00000070d6b00000,0x00000070d6c00000)]
  0x00000262a9e26260 JavaThread "Monitor Deflation Thread" daemon [_thread_blocked, id=11320, stack(0x00000070d6c00000,0x00000070d6d00000)]
  0x00000262a9e2b010 JavaThread "C2 CompilerThread0" daemon [_thread_blocked, id=10204, stack(0x00000070d6d00000,0x00000070d6e00000)]
  0x00000262a9e2efb0 JavaThread "C1 CompilerThread0" daemon [_thread_blocked, id=19756, stack(0x00000070d6e00000,0x00000070d6f00000)]
  0x00000262a9e2f9a0 JavaThread "Sweeper thread" daemon [_thread_blocked, id=24344, stack(0x00000070d6f00000,0x00000070d7000000)]
  0x00000262aa955030 JavaThread "Notification Thread" daemon [_thread_blocked, id=17836, stack(0x00000070d7000000,0x00000070d7100000)]
  0x00000262aa95b520 JavaThread "Common-Cleaner" daemon [_thread_blocked, id=20744, stack(0x00000070d7200000,0x00000070d7300000)]
  0x00000262b124b070 JavaThread "Thread-0" [_thread_blocked, id=11556, stack(0x00000070d7c00000,0x00000070d7d00000)]

Other Threads:
  0x00000262aa842010 VMThread "VM Thread" [stack: 0x00000070d6600000,0x00000070d6700000] [id=9236]
  0x0000026284ec73f0 WatcherThread [stack: 0x00000070d7100000,0x00000070d7200000] [id=22060]
  0x0000026284ea7430 GCTaskThread "GC Thread#0" [stack: 0x00000070d6100000,0x00000070d6200000] [id=23140]
  0x0000026284eba050 ConcurrentGCThread "G1 Main Marker" [stack: 0x00000070d6200000,0x00000070d6300000] [id=13232]
  0x0000026284ebb430 ConcurrentGCThread "G1 Conc#0" [stack: 0x00000070d6300000,0x00000070d6400000] [id=11768]
  0x0000026284f2e830 ConcurrentGCThread "G1 Refine#0" [stack: 0x00000070d6400000,0x00000070d6500000] [id=22396]
  0x00000262a9cbe320 ConcurrentGCThread "G1 Service" [stack: 0x00000070d6500000,0x00000070d6600000] [id=9484]

Threads with active compile tasks:

VM state: not at safepoint (normal execution)

VM Mutex/Monitor currently owned by a thread: None

Heap address: 0x0000000703400000, size: 4044 MB, Compressed Oops mode: Zero based, Oop shift amount: 3

CDS archive(s) mapped at: [0x0000000800000000-0x0000000800bc0000-0x0000000800bc0000), size 12320768, SharedBaseAddress: 0x0000000800000000, ArchiveRelocationMode: 0.
Compressed class space mapped at: 0x0000000800c00000-0x0000000840c00000, reserved size: 1073741824
Narrow klass base: 0x0000000800000000, Narrow klass shift: 0, Narrow klass range: 0x100000000

GC Precious Log:
 CPUs: 12 total, 12 available
 Memory: 16169M
 Large Page Support: Disabled
 NUMA Support: Disabled
 Compressed Oops: Enabled (Zero based)
 Heap Region Size: 2M
 Heap Min Capacity: 8M
 Heap Initial Capacity: 254M
 Heap Max Capacity: 4044M
 Pre-touch: Disabled
 Parallel Workers: 10
 Concurrent Workers: 3
 Concurrent Refinement Workers: 10
 Periodic GC: Disabled

Heap:
 garbage-first heap   total 260096K, used 16384K [0x0000000703400000, 0x0000000800000000)
  region size 2048K, 10 young (20480K), 0 survivors (0K)
 Metaspace       used 7698K, committed 7872K, reserved 1064960K
  class space    used 361K, committed 448K, reserved 1048576K

Heap Regions: E=young(eden), S=young(survivor), O=old, HS=humongous(starts), HC=humongous(continues), CS=collection set, F=free, OA=open archive, CA=closed archive, TAMS=top-at-mark-start (previous, next)
|   0|0x0000000703400000, 0x0000000703400000, 0x0000000703600000|  0%| F|  |TAMS 0x0000000703400000, 0x0000000703400000| Untracked 
|   1|0x0000000703600000, 0x0000000703600000, 0x0000000703800000|  0%| F|  |TAMS 0x0000000703600000, 0x0000000703600000| Untracked 
|   2|0x0000000703800000, 0x0000000703800000, 0x0000000703a00000|  0%| F|  |TAMS 0x0000000703800000, 0x0000000703800000| Untracked 
|   3|0x0000000703a00000, 0x0000000703a00000, 0x0000000703c00000|  0%| F|  |TAMS 0x0000000703a00000, 0x0000000703a00000| Untracked 
|   4|0x0000000703c00000, 0x0000000703c00000, 0x0000000703e00000|  0%| F|  |TAMS 0x0000000703c00000, 0x0000000703c00000| Untracked 
|   5|0x0000000703e00000, 0x0000000703e00000, 0x0000000704000000|  0%| F|  |TAMS 0x0000000703e00000, 0x0000000703e00000| Untracked 
|   6|0x0000000704000000, 0x0000000704000000, 0x0000000704200000|  0%| F|  |TAMS 0x0000000704000000, 0x0000000704000000| Untracked 
|   7|0x0000000704200000, 0x0000000704200000, 0x0000000704400000|  0%| F|  |TAMS 0x0000000704200000, 0x0000000704200000| Untracked 
|   8|0x0000000704400000, 0x0000000704400000, 0x0000000704600000|  0%| F|  |TAMS 0x0000000704400000, 0x0000000704400000| Untracked 
|   9|0x0000000704600000, 0x0000000704600000, 0x0000000704800000|  0%| F|  |TAMS 0x0000000704600000, 0x0000000704600000| Untracked 
|  10|0x0000000704800000, 0x0000000704800000, 0x0000000704a00000|  0%| F|  |TAMS 0x0000000704800000, 0x0000000704800000| Untracked 
|  11|0x0000000704a00000, 0x0000000704a00000, 0x0000000704c00000|  0%| F|  |TAMS 0x0000000704a00000, 0x0000000704a00000| Untracked 
|  12|0x0000000704c00000, 0x0000000704c00000, 0x0000000704e00000|  0%| F|  |TAMS 0x0000000704c00000, 0x0000000704c00000| Untracked 
|  13|0x0000000704e00000, 0x0000000704e00000, 0x0000000705000000|  0%| F|  |TAMS 0x0000000704e00000, 0x0000000704e00000| Untracked 
|  14|0x0000000705000000, 0x0000000705000000, 0x0000000705200000|  0%| F|  |TAMS 0x0000000705000000, 0x0000000705000000| Untracked 
|  15|0x0000000705200000, 0x0000000705200000, 0x0000000705400000|  0%| F|  |TAMS 0x0000000705200000, 0x0000000705200000| Untracked 
|  16|0x0000000705400000, 0x0000000705400000, 0x0000000705600000|  0%| F|  |TAMS 0x0000000705400000, 0x0000000705400000| Untracked 
|  17|0x0000000705600000, 0x0000000705600000, 0x0000000705800000|  0%| F|  |TAMS 0x0000000705600000, 0x0000000705600000| Untracked 
|  18|0x0000000705800000, 0x0000000705800000, 0x0000000705a00000|  0%| F|  |TAMS 0x0000000705800000, 0x0000000705800000| Untracked 
|  19|0x0000000705a00000, 0x0000000705a00000, 0x0000000705c00000|  0%| F|  |TAMS 0x0000000705a00000, 0x0000000705a00000| Untracked 
|  20|0x0000000705c00000, 0x0000000705c00000, 0x0000000705e00000|  0%| F|  |TAMS 0x0000000705c00000, 0x0000000705c00000| Untracked 
|  21|0x0000000705e00000, 0x0000000705e00000, 0x0000000706000000|  0%| F|  |TAMS 0x0000000705e00000, 0x0000000705e00000| Untracked 
|  22|0x0000000706000000, 0x0000000706000000, 0x0000000706200000|  0%| F|  |TAMS 0x0000000706000000, 0x0000000706000000| Untracked 
|  23|0x0000000706200000, 0x0000000706200000, 0x0000000706400000|  0%| F|  |TAMS 0x0000000706200000, 0x0000000706200000| Untracked 
|  24|0x0000000706400000, 0x0000000706400000, 0x0000000706600000|  0%| F|  |TAMS 0x0000000706400000, 0x0000000706400000| Untracked 
|  25|0x0000000706600000, 0x0000000706600000, 0x0000000706800000|  0%| F|  |TAMS 0x0000000706600000, 0x0000000706600000| Untracked 
|  26|0x0000000706800000, 0x0000000706800000, 0x0000000706a00000|  0%| F|  |TAMS 0x0000000706800000, 0x0000000706800000| Untracked 
|  27|0x0000000706a00000, 0x0000000706a00000, 0x0000000706c00000|  0%| F|  |TAMS 0x0000000706a00000, 0x0000000706a00000| Untracked 
|  28|0x0000000706c00000, 0x0000000706c00000, 0x0000000706e00000|  0%| F|  |TAMS 0x0000000706c00000, 0x0000000706c00000| Untracked 
|  29|0x0000000706e00000, 0x0000000706e00000, 0x0000000707000000|  0%| F|  |TAMS 0x0000000706e00000, 0x0000000706e00000| Untracked 
|  30|0x0000000707000000, 0x0000000707000000, 0x0000000707200000|  0%| F|  |TAMS 0x0000000707000000, 0x0000000707000000| Untracked 
|  31|0x0000000707200000, 0x0000000707200000, 0x0000000707400000|  0%| F|  |TAMS 0x0000000707200000, 0x0000000707200000| Untracked 
|  32|0x0000000707400000, 0x0000000707400000, 0x0000000707600000|  0%| F|  |TAMS 0x0000000707400000, 0x0000000707400000| Untracked 
|  33|0x0000000707600000, 0x0000000707600000, 0x0000000707800000|  0%| F|  |TAMS 0x0000000707600000, 0x0000000707600000| Untracked 
|  34|0x0000000707800000, 0x0000000707800000, 0x0000000707a00000|  0%| F|  |TAMS 0x0000000707800000, 0x0000000707800000| Untracked 
|  35|0x0000000707a00000, 0x0000000707a00000, 0x0000000707c00000|  0%| F|  |TAMS 0x0000000707a00000, 0x0000000707a00000| Untracked 
|  36|0x0000000707c00000, 0x0000000707c00000, 0x0000000707e00000|  0%| F|  |TAMS 0x0000000707c00000, 0x0000000707c00000| Untracked 
|  37|0x0000000707e00000, 0x0000000707e00000, 0x0000000708000000|  0%| F|  |TAMS 0x0000000707e00000, 0x0000000707e00000| Untracked 
|  38|0x0000000708000000, 0x0000000708000000, 0x0000000708200000|  0%| F|  |TAMS 0x0000000708000000, 0x0000000708000000| Untracked 
|  39|0x0000000708200000, 0x0000000708200000, 0x0000000708400000|  0%| F|  |TAMS 0x0000000708200000, 0x0000000708200000| Untracked 
|  40|0x0000000708400000, 0x0000000708400000, 0x0000000708600000|  0%| F|  |TAMS 0x0000000708400000, 0x0000000708400000| Untracked 
|  41|0x0000000708600000, 0x0000000708600000, 0x0000000708800000|  0%| F|  |TAMS 0x0000000708600000, 0x0000000708600000| Untracked 
|  42|0x0000000708800000, 0x0000000708800000, 0x0000000708a00000|  0%| F|  |TAMS 0x0000000708800000, 0x0000000708800000| Untracked 
|  43|0x0000000708a00000, 0x0000000708a00000, 0x0000000708c00000|  0%| F|  |TAMS 0x0000000708a00000, 0x0000000708a00000| Untracked 
|  44|0x0000000708c00000, 0x0000000708c00000, 0x0000000708e00000|  0%| F|  |TAMS 0x0000000708c00000, 0x0000000708c00000| Untracked 
|  45|0x0000000708e00000, 0x0000000708e00000, 0x0000000709000000|  0%| F|  |TAMS 0x0000000708e00000, 0x0000000708e00000| Untracked 
|  46|0x0000000709000000, 0x0000000709000000, 0x0000000709200000|  0%| F|  |TAMS 0x0000000709000000, 0x0000000709000000| Untracked 
|  47|0x0000000709200000, 0x0000000709200000, 0x0000000709400000|  0%| F|  |TAMS 0x0000000709200000, 0x0000000709200000| Untracked 
|  48|0x0000000709400000, 0x0000000709400000, 0x0000000709600000|  0%| F|  |TAMS 0x0000000709400000, 0x0000000709400000| Untracked 
|  49|0x0000000709600000, 0x0000000709600000, 0x0000000709800000|  0%| F|  |TAMS 0x0000000709600000, 0x0000000709600000| Untracked 
|  50|0x0000000709800000, 0x0000000709800000, 0x0000000709a00000|  0%| F|  |TAMS 0x0000000709800000, 0x0000000709800000| Untracked 
|  51|0x0000000709a00000, 0x0000000709a00000, 0x0000000709c00000|  0%| F|  |TAMS 0x0000000709a00000, 0x0000000709a00000| Untracked 
|  52|0x0000000709c00000, 0x0000000709c00000, 0x0000000709e00000|  0%| F|  |TAMS 0x0000000709c00000, 0x0000000709c00000| Untracked 
|  53|0x0000000709e00000, 0x0000000709e00000, 0x000000070a000000|  0%| F|  |TAMS 0x0000000709e00000, 0x0000000709e00000| Untracked 
|  54|0x000000070a000000, 0x000000070a000000, 0x000000070a200000|  0%| F|  |TAMS 0x000000070a000000, 0x000000070a000000| Untracked 
|  55|0x000000070a200000, 0x000000070a200000, 0x000000070a400000|  0%| F|  |TAMS 0x000000070a200000, 0x000000070a200000| Untracked 
|  56|0x000000070a400000, 0x000000070a400000, 0x000000070a600000|  0%| F|  |TAMS 0x000000070a400000, 0x000000070a400000| Untracked 
|  57|0x000000070a600000, 0x000000070a600000, 0x000000070a800000|  0%| F|  |TAMS 0x000000070a600000, 0x000000070a600000| Untracked 
|  58|0x000000070a800000, 0x000000070a800000, 0x000000070aa00000|  0%| F|  |TAMS 0x000000070a800000, 0x000000070a800000| Untracked 
|  59|0x000000070aa00000, 0x000000070aa00000, 0x000000070ac00000|  0%| F|  |TAMS 0x000000070aa00000, 0x000000070aa00000| Untracked 
|  60|0x000000070ac00000, 0x000000070ac00000, 0x000000070ae00000|  0%| F|  |TAMS 0x000000070ac00000, 0x000000070ac00000| Untracked 
|  61|0x000000070ae00000, 0x000000070ae00000, 0x000000070b000000|  0%| F|  |TAMS 0x000000070ae00000, 0x000000070ae00000| Untracked 
|  62|0x000000070b000000, 0x000000070b000000, 0x000000070b200000|  0%| F|  |TAMS 0x000000070b000000, 0x000000070b000000| Untracked 
|  63|0x000000070b200000, 0x000000070b200000, 0x000000070b400000|  0%| F|  |TAMS 0x000000070b200000, 0x000000070b200000| Untracked 
|  64|0x000000070b400000, 0x000000070b400000, 0x000000070b600000|  0%| F|  |TAMS 0x000000070b400000, 0x000000070b400000| Untracked 
|  65|0x000000070b600000, 0x000000070b600000, 0x000000070b800000|  0%| F|  |TAMS 0x000000070b600000, 0x000000070b600000| Untracked 
|  66|0x000000070b800000, 0x000000070b800000, 0x000000070ba00000|  0%| F|  |TAMS 0x000000070b800000, 0x000000070b800000| Untracked 
|  67|0x000000070ba00000, 0x000000070ba00000, 0x000000070bc00000|  0%| F|  |TAMS 0x000000070ba00000, 0x000000070ba00000| Untracked 
|  68|0x000000070bc00000, 0x000000070bc00000, 0x000000070be00000|  0%| F|  |TAMS 0x000000070bc00000, 0x000000070bc00000| Untracked 
|  69|0x000000070be00000, 0x000000070be00000, 0x000000070c000000|  0%| F|  |TAMS 0x000000070be00000, 0x000000070be00000| Untracked 
|  70|0x000000070c000000, 0x000000070c000000, 0x000000070c200000|  0%| F|  |TAMS 0x000000070c000000, 0x000000070c000000| Untracked 
|  71|0x000000070c200000, 0x000000070c200000, 0x000000070c400000|  0%| F|  |TAMS 0x000000070c200000, 0x000000070c200000| Untracked 
|  72|0x000000070c400000, 0x000000070c400000, 0x000000070c600000|  0%| F|  |TAMS 0x000000070c400000, 0x000000070c400000| Untracked 
|  73|0x000000070c600000, 0x000000070c600000, 0x000000070c800000|  0%| F|  |TAMS 0x000000070c600000, 0x000000070c600000| Untracked 
|  74|0x000000070c800000, 0x000000070c800000, 0x000000070ca00000|  0%| F|  |TAMS 0x000000070c800000, 0x000000070c800000| Untracked 
|  75|0x000000070ca00000, 0x000000070ca00000, 0x000000070cc00000|  0%| F|  |TAMS 0x000000070ca00000, 0x000000070ca00000| Untracked 
|  76|0x000000070cc00000, 0x000000070cc00000, 0x000000070ce00000|  0%| F|  |TAMS 0x000000070cc00000, 0x000000070cc00000| Untracked 
|  77|0x000000070ce00000, 0x000000070ce00000, 0x000000070d000000|  0%| F|  |TAMS 0x000000070ce00000, 0x000000070ce00000| Untracked 
|  78|0x000000070d000000, 0x000000070d000000, 0x000000070d200000|  0%| F|  |TAMS 0x000000070d000000, 0x000000070d000000| Untracked 
|  79|0x000000070d200000, 0x000000070d200000, 0x000000070d400000|  0%| F|  |TAMS 0x000000070d200000, 0x000000070d200000| Untracked 
|  80|0x000000070d400000, 0x000000070d400000, 0x000000070d600000|  0%| F|  |TAMS 0x000000070d400000, 0x000000070d400000| Untracked 
|  81|0x000000070d600000, 0x000000070d600000, 0x000000070d800000|  0%| F|  |TAMS 0x000000070d600000, 0x000000070d600000| Untracked 
|  82|0x000000070d800000, 0x000000070d800000, 0x000000070da00000|  0%| F|  |TAMS 0x000000070d800000, 0x000000070d800000| Untracked 
|  83|0x000000070da00000, 0x000000070da00000, 0x000000070dc00000|  0%| F|  |TAMS 0x000000070da00000, 0x000000070da00000| Untracked 
|  84|0x000000070dc00000, 0x000000070dc00000, 0x000000070de00000|  0%| F|  |TAMS 0x000000070dc00000, 0x000000070dc00000| Untracked 
|  85|0x000000070de00000, 0x000000070de00000, 0x000000070e000000|  0%| F|  |TAMS 0x000000070de00000, 0x000000070de00000| Untracked 
|  86|0x000000070e000000, 0x000000070e000000, 0x000000070e200000|  0%| F|  |TAMS 0x000000070e000000, 0x000000070e000000| Untracked 
|  87|0x000000070e200000, 0x000000070e200000, 0x000000070e400000|  0%| F|  |TAMS 0x000000070e200000, 0x000000070e200000| Untracked 
|  88|0x000000070e400000, 0x000000070e400000, 0x000000070e600000|  0%| F|  |TAMS 0x000000070e400000, 0x000000070e400000| Untracked 
|  89|0x000000070e600000, 0x000000070e600000, 0x000000070e800000|  0%| F|  |TAMS 0x000000070e600000, 0x000000070e600000| Untracked 
|  90|0x000000070e800000, 0x000000070e800000, 0x000000070ea00000|  0%| F|  |TAMS 0x000000070e800000, 0x000000070e800000| Untracked 
|  91|0x000000070ea00000, 0x000000070ea00000, 0x000000070ec00000|  0%| F|  |TAMS 0x000000070ea00000, 0x000000070ea00000| Untracked 
|  92|0x000000070ec00000, 0x000000070ec00000, 0x000000070ee00000|  0%| F|  |TAMS 0x000000070ec00000, 0x000000070ec00000| Untracked 
|  93|0x000000070ee00000, 0x000000070ee00000, 0x000000070f000000|  0%| F|  |TAMS 0x000000070ee00000, 0x000000070ee00000| Untracked 
|  94|0x000000070f000000, 0x000000070f000000, 0x000000070f200000|  0%| F|  |TAMS 0x000000070f000000, 0x000000070f000000| Untracked 
|  95|0x000000070f200000, 0x000000070f200000, 0x000000070f400000|  0%| F|  |TAMS 0x000000070f200000, 0x000000070f200000| Untracked 
|  96|0x000000070f400000, 0x000000070f400000, 0x000000070f600000|  0%| F|  |TAMS 0x000000070f400000, 0x000000070f400000| Untracked 
|  97|0x000000070f600000, 0x000000070f600000, 0x000000070f800000|  0%| F|  |TAMS 0x000000070f600000, 0x000000070f600000| Untracked 
|  98|0x000000070f800000, 0x000000070f800000, 0x000000070fa00000|  0%| F|  |TAMS 0x000000070f800000, 0x000000070f800000| Untracked 
|  99|0x000000070fa00000, 0x000000070fa00000, 0x000000070fc00000|  0%| F|  |TAMS 0x000000070fa00000, 0x000000070fa00000| Untracked 
| 100|0x000000070fc00000, 0x000000070fc00000, 0x000000070fe00000|  0%| F|  |TAMS 0x000000070fc00000, 0x000000070fc00000| Untracked 
| 101|0x000000070fe00000, 0x000000070fe00000, 0x0000000710000000|  0%| F|  |TAMS 0x000000070fe00000, 0x000000070fe00000| Untracked 
| 102|0x0000000710000000, 0x0000000710000000, 0x0000000710200000|  0%| F|  |TAMS 0x0000000710000000, 0x0000000710000000| Untracked 
| 103|0x0000000710200000, 0x0000000710200000, 0x0000000710400000|  0%| F|  |TAMS 0x0000000710200000, 0x0000000710200000| Untracked 
| 104|0x0000000710400000, 0x0000000710400000, 0x0000000710600000|  0%| F|  |TAMS 0x0000000710400000, 0x0000000710400000| Untracked 
| 105|0x0000000710600000, 0x0000000710600000, 0x0000000710800000|  0%| F|  |TAMS 0x0000000710600000, 0x0000000710600000| Untracked 
| 106|0x0000000710800000, 0x0000000710800000, 0x0000000710a00000|  0%| F|  |TAMS 0x0000000710800000, 0x0000000710800000| Untracked 
| 107|0x0000000710a00000, 0x0000000710a00000, 0x0000000710c00000|  0%| F|  |TAMS 0x0000000710a00000, 0x0000000710a00000| Untracked 
| 108|0x0000000710c00000, 0x0000000710c00000, 0x0000000710e00000|  0%| F|  |TAMS 0x0000000710c00000, 0x0000000710c00000| Untracked 
| 109|0x0000000710e00000, 0x0000000710e00000, 0x0000000711000000|  0%| F|  |TAMS 0x0000000710e00000, 0x0000000710e00000| Untracked 
| 110|0x0000000711000000, 0x0000000711000000, 0x0000000711200000|  0%| F|  |TAMS 0x0000000711000000, 0x0000000711000000| Untracked 
| 111|0x0000000711200000, 0x0000000711200000, 0x0000000711400000|  0%| F|  |TAMS 0x0000000711200000, 0x0000000711200000| Untracked 
| 112|0x0000000711400000, 0x0000000711400000, 0x0000000711600000|  0%| F|  |TAMS 0x0000000711400000, 0x0000000711400000| Untracked 
| 113|0x0000000711600000, 0x0000000711600000, 0x0000000711800000|  0%| F|  |TAMS 0x0000000711600000, 0x0000000711600000| Untracked 
| 114|0x0000000711800000, 0x0000000711800000, 0x0000000711a00000|  0%| F|  |TAMS 0x0000000711800000, 0x0000000711800000| Untracked 
| 115|0x0000000711a00000, 0x0000000711a00000, 0x0000000711c00000|  0%| F|  |TAMS 0x0000000711a00000, 0x0000000711a00000| Untracked 
| 116|0x0000000711c00000, 0x0000000711c00000, 0x0000000711e00000|  0%| F|  |TAMS 0x0000000711c00000, 0x0000000711c00000| Untracked 
| 117|0x0000000711e00000, 0x0000000711eefdf8, 0x0000000712000000| 46%| E|  |TAMS 0x0000000711e00000, 0x0000000711e00000| Complete 
| 118|0x0000000712000000, 0x0000000712200000, 0x0000000712200000|100%| E|CS|TAMS 0x0000000712000000, 0x0000000712000000| Complete 
| 119|0x0000000712200000, 0x0000000712400000, 0x0000000712400000|100%| E|CS|TAMS 0x0000000712200000, 0x0000000712200000| Complete 
| 120|0x0000000712400000, 0x0000000712600000, 0x0000000712600000|100%| E|CS|TAMS 0x0000000712400000, 0x0000000712400000| Complete 
| 121|0x0000000712600000, 0x0000000712800000, 0x0000000712800000|100%| E|CS|TAMS 0x0000000712600000, 0x0000000712600000| Complete 
| 122|0x0000000712800000, 0x0000000712a00000, 0x0000000712a00000|100%| E|CS|TAMS 0x0000000712800000, 0x0000000712800000| Complete 
| 123|0x0000000712a00000, 0x0000000712c00000, 0x0000000712c00000|100%| E|CS|TAMS 0x0000000712a00000, 0x0000000712a00000| Complete 
| 124|0x0000000712c00000, 0x0000000712e00000, 0x0000000712e00000|100%| E|  |TAMS 0x0000000712c00000, 0x0000000712c00000| Complete 
| 125|0x0000000712e00000, 0x0000000713000000, 0x0000000713000000|100%| E|CS|TAMS 0x0000000712e00000, 0x0000000712e00000| Complete 
| 126|0x0000000713000000, 0x0000000713200000, 0x0000000713200000|100%| E|CS|TAMS 0x0000000713000000, 0x0000000713000000| Complete 

Card table byte_map: [0x000002629e2e0000,0x000002629ead0000] _byte_map_base: 0x000002629aac6000

Marking Bits (Prev, Next): (CMBitMap*) 0x0000026284ea9a60, (CMBitMap*) 0x0000026284ea9aa0
 Prev Bits: [0x000002629f2c0000, 0x00000262a31f0000)
 Next Bits: [0x00000262a31f0000, 0x00000262a7120000)

Polling page: 0x0000026284f30000

Metaspace:

Usage:
  Non-class:      7.17 MB used.
      Class:    361.15 KB used.
       Both:      7.52 MB used.

Virtual space:
  Non-class space:       16.00 MB reserved,       7.25 MB ( 45%) committed,  2 nodes.
      Class space:        1.00 GB reserved,     448.00 KB ( <1%) committed,  1 nodes.
             Both:        1.02 GB reserved,       7.69 MB ( <1%) committed. 

Chunk freelists:
   Non-Class:  2.14 MB
       Class:  3.47 MB
        Both:  5.61 MB

MaxMetaspaceSize: unlimited
CompressedClassSpaceSize: 1.00 GB
Initial GC threshold: 21.00 MB
Current GC threshold: 21.00 MB
CDS: on
MetaspaceReclaimPolicy: balanced
 - commit_granule_bytes: 65536.
 - commit_granule_words: 8192.
 - virtual_space_node_default_size: 1048576.
 - enlarge_chunks_in_place: 1.
 - new_chunks_are_fully_committed: 0.
 - uncommit_free_chunks: 1.
 - use_allocation_guard: 0.
 - handle_deallocations: 1.


Internal statistics:

num_allocs_failed_limit: 0.
num_arena_births: 72.
num_arena_deaths: 0.
num_vsnodes_births: 3.
num_vsnodes_deaths: 0.
num_space_committed: 121.
num_space_uncommitted: 0.
num_chunks_returned_to_freelist: 0.
num_chunks_taken_from_freelist: 302.
num_chunk_merges: 0.
num_chunk_splits: 233.
num_chunks_enlarged: 194.
num_purges: 0.
num_inconsistent_stats: 0.

CodeHeap 'non-profiled nmethods': size=120000Kb used=279Kb max_used=279Kb free=119720Kb
 bounds [0x0000026295930000, 0x0000026295ba0000, 0x000002629ce60000]
CodeHeap 'profiled nmethods': size=120000Kb used=1392Kb max_used=1392Kb free=118607Kb
 bounds [0x000002628e400000, 0x000002628e670000, 0x0000026295930000]
CodeHeap 'non-nmethods': size=5760Kb used=1647Kb max_used=1661Kb free=4112Kb
 bounds [0x000002628de60000, 0x000002628e0d0000, 0x000002628e400000]
 total_blobs=1923 nmethods=832 adapters=1004
 compilation: enabled
              stopped_count=0, restarted_count=0
 full_count=0

Compilation events (20 events):
Event: 2.267 Thread 0x00000262a9e2efb0  820       3       java.util.LinkedList::checkPositionIndex (22 bytes)
Event: 2.268 Thread 0x00000262a9e2efb0 nmethod 820 0x000002628e557410 code [0x000002628e557660, 0x000002628e557dc8]
Event: 2.268 Thread 0x00000262a9e2efb0  821       3       java.util.AbstractSequentialList::iterator (5 bytes)
Event: 2.269 Thread 0x00000262a9e2efb0 nmethod 821 0x000002628e558110 code [0x000002628e558300, 0x000002628e558888]
Event: 2.392 Thread 0x00000262a9e2efb0  822       3       windowStuff.Batch::draw (122 bytes)
Event: 2.394 Thread 0x00000262a9e2efb0 nmethod 822 0x000002628e558a90 code [0x000002628e558d00, 0x000002628e5595f8]
Event: 2.434 Thread 0x00000262a9e2efb0  824       3       java.lang.invoke.DirectMethodHandle::internalMemberName (8 bytes)
Event: 2.435 Thread 0x00000262a9e2efb0 nmethod 824 0x000002628e559a10 code [0x000002628e559ba0, 0x000002628e559d98]
Event: 2.564 Thread 0x00000262a9e2efb0  826       3       java.util.LinkedList$ListItr::<init> (47 bytes)
Event: 2.564 Thread 0x00000262a9e2efb0 nmethod 826 0x000002628e559e90 code [0x000002628e55a040, 0x000002628e55a348]
Event: 2.564 Thread 0x00000262a9e2efb0  827       3       windowStuff.Shader::uploadTexture (20 bytes)
Event: 2.565 Thread 0x00000262a9e2efb0 nmethod 827 0x000002628e55a490 code [0x000002628e55a660, 0x000002628e55a9a8]
Event: 2.565 Thread 0x00000262a9e2efb0  828       3       org.lwjgl.opengl.GL20::glUniform1f (6 bytes)
Event: 2.565 Thread 0x00000262a9e2efb0 nmethod 828 0x000002628e55ab90 code [0x000002628e55ad20, 0x000002628e55ae28]
Event: 3.010 Thread 0x00000262a9e2efb0  830       3       java.util.LinkedList::node (65 bytes)
Event: 3.011 Thread 0x00000262a9e2efb0 nmethod 830 0x000002628e55af10 code [0x000002628e55b0c0, 0x000002628e55b3b8]
Event: 3.011 Thread 0x00000262a9e2efb0  831       3       java.util.LinkedList$ListItr::next (56 bytes)
Event: 3.012 Thread 0x00000262a9e2efb0 nmethod 831 0x000002628e55b510 code [0x000002628e55b700, 0x000002628e55bb98]
Event: 3.012 Thread 0x00000262a9e2efb0  832       3       java.util.LinkedList$ListItr::checkForComodification (23 bytes)
Event: 3.012 Thread 0x00000262a9e2efb0 nmethod 832 0x000002628e55bd90 code [0x000002628e55bf40, 0x000002628e55c108]

GC Heap History (0 events):
No events

Deoptimization events (20 events):
Event: 0.161 Thread 0x0000026284e57b70 DEOPT PACKING pc=0x000002628e405fd1 sp=0x00000070d60faae0
Event: 0.161 Thread 0x0000026284e57b70 DEOPT UNPACKING pc=0x000002628deb2b43 sp=0x00000070d60f9f58 mode 0
Event: 1.143 Thread 0x0000026284e57b70 DEOPT PACKING pc=0x000002628e42fc65 sp=0x00000070d60fdf10
Event: 1.143 Thread 0x0000026284e57b70 DEOPT UNPACKING pc=0x000002628deb2b43 sp=0x00000070d60fd360 mode 0
Event: 1.302 Thread 0x0000026284e57b70 Uncommon trap: trap_request=0xffffff45 fr.pc=0x000002629595f908 relative=0x00000000000004e8
Event: 1.302 Thread 0x0000026284e57b70 Uncommon trap: reason=unstable_if action=reinterpret pc=0x000002629595f908 method=java.lang.StringLatin1.newString([BII)Ljava/lang/String; @ 1 c2
Event: 1.302 Thread 0x0000026284e57b70 DEOPT PACKING pc=0x000002629595f908 sp=0x00000070d60fed70
Event: 1.302 Thread 0x0000026284e57b70 DEOPT UNPACKING pc=0x000002628deb23a3 sp=0x00000070d60fecd0 mode 2
Event: 1.311 Thread 0x0000026284e57b70 Uncommon trap: trap_request=0xffffff45 fr.pc=0x000002629595cab4 relative=0x0000000000000414
Event: 1.311 Thread 0x0000026284e57b70 Uncommon trap: reason=unstable_if action=reinterpret pc=0x000002629595cab4 method=java.lang.StringLatin1.newString([BII)Ljava/lang/String; @ 1 c2
Event: 1.311 Thread 0x0000026284e57b70 DEOPT PACKING pc=0x000002629595cab4 sp=0x00000070d60fecf0
Event: 1.311 Thread 0x0000026284e57b70 DEOPT UNPACKING pc=0x000002628deb23a3 sp=0x00000070d60fecb8 mode 2
Event: 1.314 Thread 0x0000026284e57b70 Uncommon trap: trap_request=0xffffff45 fr.pc=0x000002629595647c relative=0x0000000000000dfc
Event: 1.314 Thread 0x0000026284e57b70 Uncommon trap: reason=unstable_if action=reinterpret pc=0x000002629595647c method=java.util.LinkedHashMap.linkNodeLast(Ljava/util/LinkedHashMap$Entry;)V @ 11 c2
Event: 1.314 Thread 0x0000026284e57b70 DEOPT PACKING pc=0x000002629595647c sp=0x00000070d60fd950
Event: 1.314 Thread 0x0000026284e57b70 DEOPT UNPACKING pc=0x000002628deb23a3 sp=0x00000070d60fd7f0 mode 2
Event: 1.574 Thread 0x0000026284e57b70 Uncommon trap: trap_request=0xffffff54 fr.pc=0x00000262959578dc relative=0x000000000000005c
Event: 1.574 Thread 0x0000026284e57b70 Uncommon trap: reason=speculate_null_assert action=make_not_entrant pc=0x00000262959578dc method=sun.misc.Unsafe.getLong(Ljava/lang/Object;J)J @ 5 c2
Event: 1.574 Thread 0x0000026284e57b70 DEOPT PACKING pc=0x00000262959578dc sp=0x00000070d60fee40
Event: 1.574 Thread 0x0000026284e57b70 DEOPT UNPACKING pc=0x000002628deb23a3 sp=0x00000070d60fedc8 mode 2

Classes unloaded (0 events):
No events

Classes redefined (0 events):
No events

Internal exceptions (16 events):
Event: 0.136 Thread 0x0000026284e57b70 Exception <a 'java/lang/NoSuchMethodError'{0x0000000712f40280}: 'java.lang.Object java.lang.invoke.DirectMethodHandle$Holder.invokeStaticInit(java.lang.Object)'> (0x0000000712f40280) 
thrown [t:\workspace\open\src\hotspot\share\interpreter\linkResolver.cpp, line 766]
Event: 0.149 Thread 0x0000026284e57b70 Exception <a 'java/lang/NoSuchMethodError'{0x0000000712f8dea8}: 'void java.lang.invoke.DirectMethodHandle$Holder.invokeStatic(java.lang.Object, java.lang.Object)'> (0x0000000712f8dea8) 
thrown [t:\workspace\open\src\hotspot\share\interpreter\linkResolver.cpp, line 766]
Event: 0.150 Thread 0x0000026284e57b70 Exception <a 'java/lang/NoSuchMethodError'{0x0000000712f936f0}: 'void java.lang.invoke.DirectMethodHandle$Holder.invokeSpecial(java.lang.Object, java.lang.Object, java.lang.Object)'> (0x0000000712f936f0) 
thrown [t:\workspace\open\src\hotspot\share\interpreter\linkResolver.cpp, line 766]
Event: 0.152 Thread 0x0000026284e57b70 Exception <a 'java/lang/NoSuchMethodError'{0x0000000712fa1df0}: 'java.lang.Object java.lang.invoke.DirectMethodHandle$Holder.invokeStatic(java.lang.Object, java.lang.Object, int)'> (0x0000000712fa1df0) 
thrown [t:\workspace\open\src\hotspot\share\interpreter\linkResolver.cpp, line 766]
Event: 0.153 Thread 0x0000026284e57b70 Exception <a 'java/lang/NoSuchMethodError'{0x0000000712fadae0}: 'void java.lang.invoke.DelegatingMethodHandle$Holder.delegate(java.lang.Object, java.lang.Object, int, java.lang.Object)'> (0x0000000712fadae0) 
thrown [t:\workspace\open\src\hotspot\share\interpreter\linkResolver.cpp, line 766]
Event: 0.154 Thread 0x0000026284e57b70 Exception <a 'java/lang/NoSuchMethodError'{0x0000000712fb1d20}: 'int java.lang.invoke.DirectMethodHandle$Holder.invokeSpecial(java.lang.Object, java.lang.Object, java.lang.Object)'> (0x0000000712fb1d20) 
thrown [t:\workspace\open\src\hotspot\share\interpreter\linkResolver.cpp, line 766]
Event: 0.186 Thread 0x0000026284e57b70 Exception <a 'sun/nio/fs/WindowsException'{0x0000000712c0e420}> (0x0000000712c0e420) 
thrown [t:\workspace\open\src\hotspot\share\prims\jni.cpp, line 516]
Event: 0.187 Thread 0x0000026284e57b70 Exception <a 'sun/nio/fs/WindowsException'{0x0000000712c0e978}> (0x0000000712c0e978) 
thrown [t:\workspace\open\src\hotspot\share\prims\jni.cpp, line 516]
Event: 0.215 Thread 0x0000026284e57b70 Exception <a 'sun/nio/fs/WindowsException'{0x0000000712ccb060}> (0x0000000712ccb060) 
thrown [t:\workspace\open\src\hotspot\share\prims\jni.cpp, line 516]
Event: 0.215 Thread 0x0000026284e57b70 Exception <a 'sun/nio/fs/WindowsException'{0x0000000712ccb3d0}> (0x0000000712ccb3d0) 
thrown [t:\workspace\open\src\hotspot\share\prims\jni.cpp, line 516]
Event: 1.001 Thread 0x0000026284e57b70 Exception <a 'sun/nio/fs/WindowsException'{0x0000000712d80060}> (0x0000000712d80060) 
thrown [t:\workspace\open\src\hotspot\share\prims\jni.cpp, line 516]
Event: 1.001 Thread 0x0000026284e57b70 Exception <a 'sun/nio/fs/WindowsException'{0x0000000712d80410}> (0x0000000712d80410) 
thrown [t:\workspace\open\src\hotspot\share\prims\jni.cpp, line 516]
Event: 1.005 Thread 0x0000026284e57b70 Exception <a 'sun/nio/fs/WindowsException'{0x0000000712d87b48}> (0x0000000712d87b48) 
thrown [t:\workspace\open\src\hotspot\share\prims\jni.cpp, line 516]
Event: 1.005 Thread 0x0000026284e57b70 Exception <a 'sun/nio/fs/WindowsException'{0x0000000712d87e30}> (0x0000000712d87e30) 
thrown [t:\workspace\open\src\hotspot\share\prims\jni.cpp, line 516]
Event: 1.326 Thread 0x0000026284e57b70 Exception <a 'sun/nio/fs/WindowsException'{0x00000007122be270}> (0x00000007122be270) 
thrown [t:\workspace\open\src\hotspot\share\prims\jni.cpp, line 516]
Event: 1.326 Thread 0x0000026284e57b70 Exception <a 'sun/nio/fs/WindowsException'{0x00000007122be5f8}> (0x00000007122be5f8) 
thrown [t:\workspace\open\src\hotspot\share\prims\jni.cpp, line 516]

VM Operations (10 events):
Event: 0.075 Executing VM operation: HandshakeAllThreads
Event: 0.075 Executing VM operation: HandshakeAllThreads done
Event: 1.012 Executing VM operation: HandshakeAllThreads
Event: 1.012 Executing VM operation: HandshakeAllThreads done
Event: 1.389 Executing VM operation: HandshakeAllThreads
Event: 1.389 Executing VM operation: HandshakeAllThreads done
Event: 1.389 Executing VM operation: Cleanup
Event: 1.389 Executing VM operation: Cleanup done
Event: 2.395 Executing VM operation: Cleanup
Event: 2.395 Executing VM operation: Cleanup done

Events (20 events):
Event: 1.302 loading class java/util/regex/Pattern$BnM
Event: 1.302 loading class java/util/regex/Pattern$BnM done
Event: 1.302 loading class java/util/regex/Pattern$SliceS
Event: 1.302 loading class java/util/regex/Pattern$SliceS done
Event: 1.328 Loaded shared library C:\Users\karel\AppData\Local\Temp\lwjglkarel\3.2.3-build-13\lwjgl_stb.dll
Event: 1.329 loading class jdk/internal/misc/ScopedMemoryAccess$Scope
Event: 1.329 loading class jdk/internal/misc/ScopedMemoryAccess$Scope done
Event: 1.382 loading class java/io/Externalizable
Event: 1.382 loading class java/io/Externalizable done
Event: 1.384 Loaded shared library C:\Users\karel\.jdks\openjdk-17.0.1\bin\verify.dll
Event: 1.389 loading class java/lang/NumberFormatException
Event: 1.389 loading class java/lang/NumberFormatException done
Event: 1.477 loading class java/lang/SecurityException
Event: 1.477 loading class java/lang/SecurityException done
Event: 1.480 loading class jdk/internal/access/foreign/MemorySegmentProxy
Event: 1.480 loading class jdk/internal/access/foreign/MemorySegmentProxy done
Event: 1.539 Thread 0x00000262b124b140 Thread exited: 0x00000262b124b140
Event: 1.576 loading class java/util/LinkedList$ListItr
Event: 1.576 loading class java/util/LinkedList$ListItr done
Event: 1.587 Thread 0x00000262b124b070 Thread added: 0x00000262b124b070


Dynamic libraries:
0x00007ff71f530000 - 0x00007ff71f53e000 	C:\Users\karel\.jdks\openjdk-17.0.1\bin\java.exe
0x00007ffb07aa0000 - 0x00007ffb07ca9000 	C:\WINDOWS\SYSTEM32\ntdll.dll
0x00007ffaccfc0000 - 0x00007ffaccfd7000 	C:\Program Files\Avast Software\Avast\aswhook.dll
0x00007ffb06250000 - 0x00007ffb0630d000 	C:\WINDOWS\System32\KERNEL32.DLL
0x00007ffb04f80000 - 0x00007ffb052fd000 	C:\WINDOWS\System32\KERNELBASE.dll
0x00007ffb054f0000 - 0x00007ffb05601000 	C:\WINDOWS\System32\ucrtbase.dll
0x00007ffaf5870000 - 0x00007ffaf5888000 	C:\Users\karel\.jdks\openjdk-17.0.1\bin\jli.dll
0x00007ffaf5380000 - 0x00007ffaf539a000 	C:\Users\karel\.jdks\openjdk-17.0.1\bin\VCRUNTIME140.dll
0x00007ffb060a0000 - 0x00007ffb0624d000 	C:\WINDOWS\System32\USER32.dll
0x00007ffb057a0000 - 0x00007ffb057c6000 	C:\WINDOWS\System32\win32u.dll
0x00007ffafc350000 - 0x00007ffafc5f5000 	C:\WINDOWS\WinSxS\amd64_microsoft.windows.common-controls_6595b64144ccf1df_6.0.22000.120_none_9d947278b86cc467\COMCTL32.dll
0x00007ffb05ab0000 - 0x00007ffb05ad9000 	C:\WINDOWS\System32\GDI32.dll
0x00007ffb064a0000 - 0x00007ffb06543000 	C:\WINDOWS\System32\msvcrt.dll
0x00007ffb05610000 - 0x00007ffb05728000 	C:\WINDOWS\System32\gdi32full.dll
0x00007ffb057d0000 - 0x00007ffb0586d000 	C:\WINDOWS\System32\msvcp_win.dll
0x00007ffb074a0000 - 0x00007ffb074d1000 	C:\WINDOWS\System32\IMM32.DLL
0x00007ffafa4a0000 - 0x00007ffafa4ac000 	C:\Users\karel\.jdks\openjdk-17.0.1\bin\vcruntime140_1.dll
0x00007ffae7620000 - 0x00007ffae76ad000 	C:\Users\karel\.jdks\openjdk-17.0.1\bin\msvcp140.dll
0x00007ffaaa480000 - 0x00007ffaab03e000 	C:\Users\karel\.jdks\openjdk-17.0.1\bin\server\jvm.dll
0x00007ffb05a00000 - 0x00007ffb05aae000 	C:\WINDOWS\System32\ADVAPI32.dll
0x00007ffb06000000 - 0x00007ffb0609e000 	C:\WINDOWS\System32\sechost.dll
0x00007ffb07640000 - 0x00007ffb07760000 	C:\WINDOWS\System32\RPCRT4.dll
0x00007ffb07490000 - 0x00007ffb07498000 	C:\WINDOWS\System32\PSAPI.DLL
0x00007ffaef120000 - 0x00007ffaef129000 	C:\WINDOWS\SYSTEM32\WSOCK32.dll
0x00007ffaefb40000 - 0x00007ffaefb73000 	C:\WINDOWS\SYSTEM32\WINMM.dll
0x00007ffafc900000 - 0x00007ffafc90a000 	C:\WINDOWS\SYSTEM32\VERSION.dll
0x00007ffb05990000 - 0x00007ffb059ff000 	C:\WINDOWS\System32\WS2_32.dll
0x00007ffb04170000 - 0x00007ffb04188000 	C:\WINDOWS\SYSTEM32\kernel.appcore.dll
0x00007ffaf5d80000 - 0x00007ffaf5d8a000 	C:\Users\karel\.jdks\openjdk-17.0.1\bin\jimage.dll
0x00007ffb02ab0000 - 0x00007ffb02cd1000 	C:\WINDOWS\SYSTEM32\DBGHELP.DLL
0x00007ffafa750000 - 0x00007ffafa781000 	C:\WINDOWS\SYSTEM32\dbgcore.DLL
0x00007ffb05300000 - 0x00007ffb0537f000 	C:\WINDOWS\System32\bcryptPrimitives.dll
0x00007ffaf5350000 - 0x00007ffaf5375000 	C:\Users\karel\.jdks\openjdk-17.0.1\bin\java.dll
0x00007ffae7540000 - 0x00007ffae7616000 	C:\Users\karel\.jdks\openjdk-17.0.1\bin\svml.dll
0x00007ffb06640000 - 0x00007ffb06df8000 	C:\WINDOWS\System32\SHELL32.dll
0x00007ffb03100000 - 0x00007ffb03968000 	C:\WINDOWS\SYSTEM32\windows.storage.dll
0x00007ffb05b70000 - 0x00007ffb05ee9000 	C:\WINDOWS\System32\combase.dll
0x00007ffb02f90000 - 0x00007ffb030f6000 	C:\WINDOWS\SYSTEM32\wintypes.dll
0x00007ffb074e0000 - 0x00007ffb075ca000 	C:\WINDOWS\System32\SHCORE.dll
0x00007ffb05ef0000 - 0x00007ffb05f4d000 	C:\WINDOWS\System32\shlwapi.dll
0x00007ffb04eb0000 - 0x00007ffb04ed1000 	C:\WINDOWS\SYSTEM32\profapi.dll
0x00007ffaedf80000 - 0x00007ffaedf99000 	C:\Users\karel\.jdks\openjdk-17.0.1\bin\net.dll
0x00007ffaffc60000 - 0x00007ffaffd6c000 	C:\WINDOWS\SYSTEM32\WINHTTP.dll
0x00007ffb045a0000 - 0x00007ffb04607000 	C:\WINDOWS\system32\mswsock.dll
0x00007ffaedf60000 - 0x00007ffaedf75000 	C:\Users\karel\.jdks\openjdk-17.0.1\bin\nio.dll
0x00007ffaedf40000 - 0x00007ffaedf58000 	C:\Users\karel\.jdks\openjdk-17.0.1\bin\zip.dll
0x00007ffaee400000 - 0x00007ffaee464000 	C:\Users\karel\AppData\Local\Temp\lwjglkarel\3.2.3-build-13\lwjgl.dll
0x00007ffaee390000 - 0x00007ffaee3f2000 	C:\Users\karel\AppData\Local\Temp\lwjglkarel\3.2.3-build-13\glfw.dll
0x00007ffb01ee0000 - 0x00007ffb01f8c000 	C:\WINDOWS\system32\uxtheme.dll
0x00007ffaf5920000 - 0x00007ffaf5965000 	C:\WINDOWS\SYSTEM32\dinput8.dll
0x00007ffafcf40000 - 0x00007ffafcf51000 	C:\WINDOWS\SYSTEM32\xinput1_4.dll
0x00007ffb04ca0000 - 0x00007ffb04cec000 	C:\WINDOWS\SYSTEM32\cfgmgr32.dll
0x00007ffb04c50000 - 0x00007ffb04c7c000 	C:\WINDOWS\SYSTEM32\DEVOBJ.dll
0x00007ffb02550000 - 0x00007ffb0257f000 	C:\WINDOWS\SYSTEM32\dwmapi.dll
0x00007ffac8010000 - 0x00007ffac81d9000 	C:\WINDOWS\SYSTEM32\inputhost.dll
0x00007ffb01b00000 - 0x00007ffb01c32000 	C:\WINDOWS\SYSTEM32\CoreMessaging.dll
0x00007ffa8a950000 - 0x00007ffa8aa81000 	C:\ProgramData\A-Volute\A-Volute.SonicStudio3\Modules\ScheduledModules\x64\AudioDevProps2.dll
0x00007ffb072f0000 - 0x00007ffb0748a000 	C:\WINDOWS\System32\ole32.dll
0x00007ffb07770000 - 0x00007ffb0788e000 	C:\WINDOWS\System32\MSCTF.dll
0x00007ffb04800000 - 0x00007ffb0480c000 	C:\WINDOWS\SYSTEM32\CRYPTBASE.DLL
0x00007ffb03970000 - 0x00007ffb0397e000 	C:\WINDOWS\SYSTEM32\HID.DLL
0x00007ffb06e80000 - 0x00007ffb072ec000 	C:\WINDOWS\System32\SETUPAPI.DLL
0x00007ffb05730000 - 0x00007ffb05797000 	C:\WINDOWS\System32\WINTRUST.dll
0x00007ffb05380000 - 0x00007ffb054e2000 	C:\WINDOWS\System32\CRYPT32.dll
0x00007ffb04840000 - 0x00007ffb04852000 	C:\WINDOWS\SYSTEM32\MSASN1.dll
0x00007ffacce20000 - 0x00007ffaccf21000 	C:\WINDOWS\SYSTEM32\opengl32.dll
0x00007ffaccdb0000 - 0x00007ffaccddd000 	C:\WINDOWS\SYSTEM32\GLU32.dll
0x00007ffb024d0000 - 0x00007ffb02508000 	C:\WINDOWS\SYSTEM32\dxcore.dll
0x00007ffaffd70000 - 0x00007ffaffdb4000 	C:\WINDOWS\SYSTEM32\directxdatabasehelper.dll
0x00007ffb02580000 - 0x00007ffb025b4000 	C:\WINDOWS\SYSTEM32\ntmarta.dll
0x00007ffb05f50000 - 0x00007ffb05fff000 	C:\WINDOWS\System32\clbcatq.dll
0x00007ffa6e530000 - 0x00007ffa71558000 	C:\WINDOWS\System32\DriverStore\FileRepository\nvam.inf_amd64_4c9ded46d0fbe1f8\nvoglv64.dll
0x00007ffb06310000 - 0x00007ffb063e6000 	C:\WINDOWS\System32\OLEAUT32.dll
0x00007ffb004b0000 - 0x00007ffb004c4000 	C:\WINDOWS\SYSTEM32\WTSAPI32.dll
0x00007ffafb4d0000 - 0x00007ffafb501000 	C:\WINDOWS\SYSTEM32\cryptnet.dll
0x00007ffafb380000 - 0x00007ffafb4c9000 	C:\WINDOWS\SYSTEM32\drvstore.dll
0x00007ffb048b0000 - 0x00007ffb048f0000 	C:\WINDOWS\SYSTEM32\wldp.dll
0x00007ffa97c90000 - 0x00007ffa97f55000 	C:\WINDOWS\system32\nvspcap64.dll
0x00007ffb03980000 - 0x00007ffb039cd000 	C:\WINDOWS\SYSTEM32\powrprof.dll
0x00007ffb03a70000 - 0x00007ffb03a83000 	C:\WINDOWS\SYSTEM32\UMPDC.dll
0x00007ffb03c20000 - 0x00007ffb03c83000 	C:\WINDOWS\SYSTEM32\WINSTA.dll
0x00007ffac5e80000 - 0x00007ffac5fad000 	C:\WINDOWS\SYSTEM32\textinputframework.dll
0x00007ffafeb00000 - 0x00007ffafee6d000 	C:\WINDOWS\SYSTEM32\CoreUIComponents.dll
0x00007ffb02390000 - 0x00007ffb02483000 	C:\WINDOWS\system32\dxgi.dll
0x00007ffafe510000 - 0x00007ffafe790000 	C:\WINDOWS\system32\d3d11.dll
0x00007ffaba130000 - 0x00007ffaba1e0000 	C:\WINDOWS\System32\DriverStore\FileRepository\nvam.inf_amd64_4c9ded46d0fbe1f8\nvldumdx.dll
0x00007ffb06e60000 - 0x00007ffb06e7f000 	C:\WINDOWS\System32\imagehlp.dll
0x00007ffb047e0000 - 0x00007ffb047f8000 	C:\WINDOWS\SYSTEM32\CRYPTSP.dll
0x00007ffb040d0000 - 0x00007ffb04105000 	C:\WINDOWS\system32\rsaenh.dll
0x00007ffb04960000 - 0x00007ffb04987000 	C:\WINDOWS\SYSTEM32\bcrypt.dll
0x00007ffa93810000 - 0x00007ffa9615a000 	C:\WINDOWS\System32\DriverStore\FileRepository\nvam.inf_amd64_4c9ded46d0fbe1f8\nvwgf2umx.dll
0x00007ffaf14d0000 - 0x00007ffaf1c38000 	C:\WINDOWS\SYSTEM32\nvapi64.dll
0x00007ffaf8fc0000 - 0x00007ffafa230000 	C:\WINDOWS\System32\DriverStore\FileRepository\iigd_dch.inf_amd64_2ce3ffa204f4b311\igd10iumd64.dll
0x00007ffb04930000 - 0x00007ffb04958000 	C:\WINDOWS\SYSTEM32\ncrypt.dll
0x00007ffb048f0000 - 0x00007ffb04927000 	C:\WINDOWS\SYSTEM32\NTASN1.dll
0x00007ffafb530000 - 0x00007ffafb6d4000 	C:\WINDOWS\System32\DriverStore\FileRepository\iigd_dch.inf_amd64_2ce3ffa204f4b311\igdgmm64.dll
0x00007ffaf6b20000 - 0x00007ffaf8fbb000 	C:\WINDOWS\System32\DriverStore\FileRepository\iigd_dch.inf_amd64_2ce3ffa204f4b311\igc64.dll
0x00007ffaee330000 - 0x00007ffaee389000 	C:\Users\karel\AppData\Local\Temp\lwjglkarel\3.2.3-build-13\lwjgl_opengl.dll
0x00007ffaee2b0000 - 0x00007ffaee327000 	C:\Users\karel\AppData\Local\Temp\lwjglkarel\3.2.3-build-13\lwjgl_stb.dll
0x00007ffae7870000 - 0x00007ffae7880000 	C:\Users\karel\.jdks\openjdk-17.0.1\bin\verify.dll

dbghelp: loaded successfully - version: 4.0.5 - missing functions: none
symbol engine: initialized successfully - sym options: 0x614 - pdb path: .;C:\Users\karel\.jdks\openjdk-17.0.1\bin;C:\WINDOWS\SYSTEM32;C:\Program Files\Avast Software\Avast;C:\WINDOWS\WinSxS\amd64_microsoft.windows.common-controls_6595b64144ccf1df_6.0.22000.120_none_9d947278b86cc467;C:\Users\karel\.jdks\openjdk-17.0.1\bin\server;C:\Users\karel\AppData\Local\Temp\lwjglkarel\3.2.3-build-13;C:\ProgramData\A-Volute\A-Volute.SonicStudio3\Modules\ScheduledModules\x64;C:\WINDOWS\System32\DriverStore\FileRepository\nvam.inf_amd64_4c9ded46d0fbe1f8;C:\WINDOWS\System32\DriverStore\FileRepository\iigd_dch.inf_amd64_2ce3ffa204f4b311

VM Arguments:
jvm_args: -Dfile.encoding=windows-1252 -Duser.country=GB -Duser.language=en -Duser.variant 
java_command: windowStuff.Main
java_class_path (initial): C:\Users\karel\Documents\programming\Gloriousness\build\classes\java\main;C:\Users\karel\Documents\programming\Gloriousness\build\resources\main;C:\Users\karel\.gradle\caches\modules-2\files-2.1\org.lwjgl\lwjgl-assimp\3.2.3\f62aa07a20afbdd3097efc296c4841e0d29700eb\lwjgl-assimp-3.2.3.jar;C:\Users\karel\.gradle\caches\modules-2\files-2.1\org.lwjgl\lwjgl-assimp\3.2.3\4e60aeb75f0343c4a9ede4ef8b6b32ca702a00a3\lwjgl-assimp-3.2.3-natives-windows.jar;C:\Users\karel\.gradle\caches\modules-2\files-2.1\org.lwjgl\lwjgl-glfw\3.2.3\5e520d5c290c8b012545a8d34fa5db5ab051ea53\lwjgl-glfw-3.2.3.jar;C:\Users\karel\.gradle\caches\modules-2\files-2.1\org.lwjgl\lwjgl-glfw\3.2.3\b4d8a3477cdc2edcf7a5f1e822926be846223f54\lwjgl-glfw-3.2.3-natives-windows.jar;C:\Users\karel\.gradle\caches\modules-2\files-2.1\org.lwjgl\lwjgl-nfd\3.2.3\c44fee1043c022cf6614a28872d44cf114ca7737\lwjgl-nfd-3.2.3.jar;C:\Users\karel\.gradle\caches\modules-2\files-2.1\org.lwjgl\lwjgl-nfd\3.2.3\32782f5f5c57769efb82af864e70b819c77bc891\lwjgl-nfd-3.2.3-natives-windows.jar;C:\Users\karel\.gradle\caches\modules-2\files-2.1\org.lwjgl\lwjgl-openal\3.2.3\106742e805803ab9eab8e343f0fb31a3d263903c\lwjgl-openal-3.2.3.jar;C:\Users\karel\.gradle\caches\modules-2\files-2.1\org.lwjgl\lwjgl-openal\3.2.3\ec898e8ce11b5886f4f532a1536283ef2817758d\lwjgl-openal-3.2.3-natives-windows.jar;C:\Users\karel\.gradle\caches\modules-2\files-2.1\org.lwjgl\lwjgl-opengl\3.2.3\bdd534a323d0c8f54969b95e424b6ac8984f7d6e\lwjgl-opengl-3.2.3.jar;C:\Users\karel\.gradle\caches\modules-2\files-2.1\org.lwjgl\lwjgl-opengl\3.2.3\e81cfc73ec8708e5e791ed770e4ec3edfc1bbab1\lwjgl-opengl-3.2.3-natives-windows.jar;C:\Users\karel\.gradle\caches\modules-2\files-2.1\org.lwjgl\lwjgl-stb\3.2.3\40eccaa4fa86fc815f2e17946a392fb5fdcc286a\lwjgl-stb-3.2.3.jar;C:\Users\karel\.gradle\caches\modules-2\files-2.1\org.lwjgl\lwjgl-stb\3.2.3\817b21ec286f0ba3dcedb56a3bd275e6a9345be9\lwjgl-stb-3.2.3-natives-windows.jar;C:\Users\karel\.gradle\caches\modules-2\files-
Launcher Type: SUN_STANDARD

[Global flags]
     intx CICompilerCount                          = 4                                         {product} {ergonomic}
     uint ConcGCThreads                            = 3                                         {product} {ergonomic}
     uint G1ConcRefinementThreads                  = 10                                        {product} {ergonomic}
   size_t G1HeapRegionSize                         = 2097152                                   {product} {ergonomic}
    uintx GCDrainStackTargetSize                   = 64                                        {product} {ergonomic}
   size_t InitialHeapSize                          = 266338304                                 {product} {ergonomic}
   size_t MarkStackSize                            = 4194304                                   {product} {ergonomic}
   size_t MaxHeapSize                              = 4240441344                                {product} {ergonomic}
   size_t MaxNewSize                               = 2543845376                                {product} {ergonomic}
   size_t MinHeapDeltaBytes                        = 2097152                                   {product} {ergonomic}
   size_t MinHeapSize                              = 8388608                                   {product} {ergonomic}
    uintx NonNMethodCodeHeapSize                   = 5839372                                {pd product} {ergonomic}
    uintx NonProfiledCodeHeapSize                  = 122909434                              {pd product} {ergonomic}
    uintx ProfiledCodeHeapSize                     = 122909434                              {pd product} {ergonomic}
    uintx ReservedCodeCacheSize                    = 251658240                              {pd product} {ergonomic}
     bool SegmentedCodeCache                       = true                                      {product} {ergonomic}
   size_t SoftMaxHeapSize                          = 4240441344                             {manageable} {ergonomic}
     bool UseCompressedClassPointers               = true                           {product lp64_product} {ergonomic}
     bool UseCompressedOops                        = true                           {product lp64_product} {ergonomic}
     bool UseG1GC                                  = true                                      {product} {ergonomic}
     bool UseLargePagesIndividualAllocation        = false                                  {pd product} {ergonomic}

Logging:
Log output configuration:
 #0: stdout all=warning uptime,level,tags
 #1: stderr all=off uptime,level,tags

Environment Variables:
JAVA_HOME=C:\Program Files\AdoptOpenJDK\jdk-11.0.10.9-hotspot\
PATH=C:\Program Files\NVIDIA GPU Computing Toolkit\CUDA\v11.4\bin;C:\Program Files\NVIDIA GPU Computing Toolkit\CUDA\v11.4\libnvvp;C:\Program Files\AdoptOpenJDK\jdk-11.0.10.9-hotspot\bin;C:\Windows\system32;C:\Windows;C:\Windows\System32\Wbem;C:\Windows\System32\WindowsPowerShell\v1.0\;C:\Windows\System32\OpenSSH\;C:\Program Files (x86)\NVIDIA Corporation\PhysX\Common;C:\Program Files\NVIDIA Corporation\NVIDIA NvDLISR;C:\Program Files\Git\cmd;C:\Program Files\NVIDIA Corporation\Nsight Compute 2021.2.2\;C:\WINDOWS\system32;C:\WINDOWS;C:\WINDOWS\System32\Wbem;C:\WINDOWS\System32\WindowsPowerShell\v1.0\;C:\WINDOWS\System32\OpenSSH\;C:\Program Files\dotnet\;C:\Users\karel\AppData\Local\Programs\Python\Python39\Scripts\;C:\Users\karel\AppData\Local\Programs\Python\Python39\;C:\Users\karel\AppData\Local\Microsoft\WindowsApps;C:\Users\karel\AppData\Local\GitHubDesktop\bin;C:\Program Files\JetBrains\IntelliJ IDEA\bin;;C:\Program Files\CMake\bin;C:\pypy3.7-v7.3.5-win64;C:\Users\karel\.dotnet\tools
USERNAME=karel
OS=Windows_NT
PROCESSOR_IDENTIFIER=Intel64 Family 6 Model 165 Stepping 2, GenuineIntel



---------------  S Y S T E M  ---------------

OS:
 Windows 10 , 64 bit Build 22000 (10.0.22000.708)
OS uptime: 0 days 12:40 hours

CPU: total 12 (initial active 12) (6 cores per cpu, 2 threads per core) family 6 model 165 stepping 2 microcode 0xe0, cx8, cmov, fxsr, ht, mmx, 3dnowpref, sse, sse2, sse3, ssse3, sse4.1, sse4.2, popcnt, lzcnt, tsc, tscinvbit, avx, avx2, aes, erms, clmul, bmi1, bmi2, adx, fma, vzeroupper, clflush, clflushopt

Memory: 4k page, system-wide physical 16169M (5510M free)
TotalPageFile size 22313M (AvailPageFile size 6486M)
current process WorkingSet (physical memory assigned to process): 153M, peak: 160M
current process commit charge ("private bytes"): 490M, peak: 500M

vm_info: OpenJDK 64-Bit Server VM (17.0.1+12-39) for windows-amd64 JRE (17.0.1+12-39), built on Sep 27 2021 18:39:29 by "mach5one" with MS VC++ 16.8 (VS2019)

END.
