#
# A fatal error has been detected by the Java Runtime Environment:
#
#  EXCEPTION_ACCESS_VIOLATION (0xc0000005) at pc=0x00007ffa6ee47a40, pid=7184, tid=23024
#
# JRE version: OpenJDK Runtime Environment (17.0.1+12) (build 17.0.1+12-39)
# Java VM: OpenJDK 64-Bit Server VM (17.0.1+12-39, mixed mode, sharing, tiered, compressed oops, compressed class ptrs, g1 gc, windows-amd64)
# Problematic frame:
# C  [nvoglv64.dll+0x917a40]
#
# No core dump will be written. Minidumps are not enabled by default on client versions of Windows
#
# If you would like to submit a bug report, please visit:
#   https://bugreport.java.com/bugreport/crash.jsp
# The crash happened outside the Java Virtual Machine in native code.
# See problematic frame for where to report the bug.
#

---------------  S U M M A R Y ------------

Command Line: -Dfile.encoding=windows-1252 -Duser.country=GB -Duser.language=en -Duser.variant windowStuff.Main

Host: Intel(R) Core(TM) i7-10750H CPU @ 2.60GHz, 12 cores, 15G,  Windows 10 , 64 bit Build 22000 (10.0.22000.708)
Time: Tue Aug 30 19:48:13 2022 Central Europe Summer Time elapsed time: 3.915479 seconds (0d 0h 0m 3s)

---------------  T H R E A D  ---------------

Current thread (0x000001f26611a530):  JavaThread "main" [_thread_in_native, id=23024, stack(0x000000e237d00000,0x000000e237e00000)]

Stack: [0x000000e237d00000,0x000000e237e00000],  sp=0x000000e237dff230,  free space=1020k
Native frames: (J=compiled Java code, j=interpreted, Vv=VM code, C=native code)
C  [nvoglv64.dll+0x917a40]

Java frames: (J=compiled Java code, j=interpreted, Vv=VM code)
J 998  org.lwjgl.opengl.GL11C.nglDrawElements(IIIJ)V (0 bytes) @ 0x000001f27544ac76 [0x000001f27544ac20+0x0000000000000056]
J 1003 c1 org.lwjgl.opengl.GL11C.glDrawElements(IIIJ)V (8 bytes) @ 0x000001f26e0424ec [0x000001f26e0424a0+0x000000000000004c]
J 994 c1 org.lwjgl.opengl.GL11.glDrawElements(IIIJ)V (8 bytes) @ 0x000001f26e03eeec [0x000001f26e03eea0+0x000000000000004c]
J 1056 c1 windowStuff.Batch.draw()V (117 bytes) @ 0x000001f26e056344 [0x000001f26e055de0+0x0000000000000564]
j  windowStuff.BatchSystem.draw()V+98
j  windowStuff.Graphics.redraw(D)V+51
j  Game.Game.graphicsUpdate(D)V+5
j  windowStuff.Window.loop(F)V+25
j  windowStuff.Window.run()V+79
j  windowStuff.Main.main([Ljava/lang/String;)V+14
v  ~StubRoutines::call_stub

siginfo: EXCEPTION_ACCESS_VIOLATION (0xc0000005), reading address 0x0000000000000000


Register to memory mapping:

RIP=0x00007ffa6ee47a40 nvoglv64.dll
RAX=0x0 is NULL
RBX=0x0 is NULL
RCX=0x00000000ffffffb6 is an unknown value
RDX=0x000001f20a4d8ba0 points into unknown readable memory: 0x0000000000000090 | 90 00 00 00 00 00 00 00
RSP=0x000000e237dff230 is pointing into the stack for thread: 0x000001f26611a530
RBP=0x000000000000098c is an unknown value
RSI=0x0000000000000258 is an unknown value
RDI=0x000001f20b390080 points into unknown readable memory: 0x0000000000000000 | 00 00 00 00 00 00 00 00
R8 =0x0000000000000008 is an unknown value
R9 =0x000001f20a4d8b84 points into unknown readable memory: 06 60 4c 00
R10=0x000001f20a4d8b9c points into unknown readable memory: 00 00 00 00
R11=0x000000000000004a is an unknown value
R12=0x000001f20a4d8ba0 points into unknown readable memory: 0x0000000000000090 | 90 00 00 00 00 00 00 00
R13=0x0000000000001405 is an unknown value
R14=2400 is a compressed pointer to class: 0x0000000800000960
R15=0x0 is NULL


Registers:
RAX=0x0000000000000000, RBX=0x0000000000000000, RCX=0x00000000ffffffb6, RDX=0x000001f20a4d8ba0
RSP=0x000000e237dff230, RBP=0x000000000000098c, RSI=0x0000000000000258, RDI=0x000001f20b390080
R8 =0x0000000000000008, R9 =0x000001f20a4d8b84, R10=0x000001f20a4d8b9c, R11=0x000000000000004a
R12=0x000001f20a4d8ba0, R13=0x0000000000001405, R14=0x0000000000000960, R15=0x0000000000000000
RIP=0x00007ffa6ee47a40, EFLAGS=0x0000000000010293

Top of Stack: (sp=0x000000e237dff230)
0x000000e237dff230:   0000000000000000 0000000706ac3378
0x000000e237dff240:   0000000706ac337c 00007ffb04fd742d
0x000000e237dff250:   000000000003069c 000001f275433db6
0x000000e237dff260:   0000000800000000 000000080041a158
0x000000e237dff270:   000001f210d34600 00007ffaaaad4fc6
0x000000e237dff280:   0000000000000000 0000000000000000
0x000000e237dff290:   000001f26611a530 000001f26e056164
0x000000e237dff2a0:   0000000000000000 0000000000000000
0x000000e237dff2b0:   000001f215de0c58 000001f27544ad16
0x000000e237dff2c0:   000000e237dff330 000001f26e058001
0x000000e237dff2d0:   000000e237dff320 0000000000000780
0x000000e237dff2e0:   0000000000001405 0000000000000000
0x000000e237dff2f0:   00030cdd00000640 000000e237dff350
0x000000e237dff300:   000000e237dff3b8 00000007034014b8
0x000000e237dff310:   0000000000030cdc 000001f26d92c2f2
0x000000e237dff320:   0000000703582d78 00000000000000c3 

Instructions: (pc=0x00007ffa6ee47a40)
0x00007ffa6ee47940:   90 00 00 00 4c 8b b4 24 a0 00 00 00 48 8b 9c 24
0x00007ffa6ee47950:   a8 00 00 00 48 83 c4 60 41 5f 41 5d 41 5c 5f 5e
0x00007ffa6ee47960:   c3 4c 8b 4f 40 8b c3 48 8b 4f 50 49 2b c9 48 c1
0x00007ffa6ee47970:   f9 02 85 c9 0f 49 c1 c1 e0 02 3b e8 72 0e 8b d5
0x00007ffa6ee47980:   48 8b cf e8 d8 3d 21 00 4c 8b 4f 40 8b c5 45 89
0x00007ffa6ee47990:   61 04 c1 e0 0b 83 c8 06 41 89 71 08 41 89 01 45
0x00007ffa6ee479a0:   89 69 0c 4d 89 79 10 38 9c 24 98 00 00 00 0f 84
0x00007ffa6ee479b0:   15 01 00 00 4c 8b 57 40 41 8d 4f 0f 83 e1 f0 49
0x00007ffa6ee479c0:   83 c2 18 41 2b cf 0f 57 db d1 f9 49 8b c7 44 8b
0x00007ffa6ee479d0:   c6 66 0f 7f 5c 24 50 49 8d 52 04 03 ca 49 8d 52
0x00007ffa6ee479e0:   04 f7 d9 83 e1 0f 48 03 d1 4c 8b e2 41 f6 c7 0f
0x00007ffa6ee479f0:   74 1b 45 85 c0 74 16 8b 08 41 ff c8 66 89 0a 0b
0x00007ffa6ee47a00:   d9 48 83 c2 02 48 83 c0 04 a8 0f 75 e5 41 83 f8
0x00007ffa6ee47a10:   08 7e 71 66 0f 6f 25 f5 4a 9f 01 41 8d 48 f7 66
0x00007ffa6ee47a20:   0f 6f 2d f9 4a 9f 01 c1 e9 03 ff c1 44 8b d9 f7
0x00007ffa6ee47a30:   d9 45 8d 04 c8 66 66 66 0f 1f 84 00 00 00 00 00
0x00007ffa6ee47a40:   f3 0f 6f 10 f3 0f 6f 48 10 66 0f 6f c2 66 0f eb
0x00007ffa6ee47a50:   c3 48 83 c0 20 66 0f 6f d8 66 0f eb d9 0f 18 00
0x00007ffa6ee47a60:   66 0f fe d4 66 0f fe cc 66 0f 6b d1 66 0f fd d5
0x00007ffa6ee47a70:   f3 0f 7f 12 48 83 c2 10 49 83 eb 01 75 c2 66 0f
0x00007ffa6ee47a80:   7f 5c 24 50 8b 4c 24 5c 0b 4c 24 58 0b 4c 24 54
0x00007ffa6ee47a90:   0b 4c 24 50 0b d9 45 85 c0 74 1a 0f 1f 44 00 00
0x00007ffa6ee47aa0:   8b 08 0b d9 66 89 0a 48 8d 52 02 48 8d 40 04 41
0x00007ffa6ee47ab0:   83 e8 01 75 eb 45 2b e2 45 89 22 f7 c3 00 00 ff
0x00007ffa6ee47ac0:   ff 74 46 ff 87 ec ef 55 00 48 8b 5f 40 49 8b d7
0x00007ffa6ee47ad0:   4d 63 c6 48 8d 4b 1c e8 44 3e 95 00 c7 43 18 04
0x00007ffa6ee47ae0:   00 00 00 48 63 c5 48 83 e0 fc 48 01 47 40 48 8b
0x00007ffa6ee47af0:   47 40 48 3b 47 48 0f 82 40 fe ff ff 48 8b cf e8
0x00007ffa6ee47b00:   8c 38 21 00 e9 33 fe ff ff 41 c7 41 0c 03 14 00
0x00007ffa6ee47b10:   00 41 8b 2a 48 8b 47 40 83 c5 03 8d 6c 75 00 83
0x00007ffa6ee47b20:   e5 fc 83 c5 18 8b cd c1 e1 0b 83 c9 06 89 08 8b
0x00007ffa6ee47b30:   87 ec ef 55 00 85 c0 74 aa ff c8 89 87 ec ef 55 


Stack slot to memory mapping:
stack at sp + 0 slots: 0x0 is NULL
stack at sp + 1 slots: 0x0000000706ac3378 is pointing into object: [Ljava.lang.Object; 
{0x0000000706a00000} - klass: 'java/lang/Object'[]
 - length: 291871
stack at sp + 2 slots: 0x0000000706ac337c is pointing into object: [Ljava.lang.Object; 
{0x0000000706a00000} - klass: 'java/lang/Object'[]
 - length: 291871
stack at sp + 3 slots: 0x00007ffb04fd742d KERNELBASE.dll
stack at sp + 4 slots: 0x000000000003069c is an unknown value
stack at sp + 5 slots: 0x000001f275433db6 is at entry_point+182 in (nmethod*)0x000001f275433b90
stack at sp + 6 slots: 0x0000000800000000 is pointing into metadata
stack at sp + 7 slots: {method} {0x000000080041a160} 'remove' '(Ljava/lang/Object;)Z' in 'java/util/ArrayList'


---------------  P R O C E S S  ---------------

Threads class SMR info:
_java_thread_list=0x000001f21dc9d670, length=14, elements={
0x000001f26611a530, 0x000001f27f29f930, 0x000001f27f2a04e0, 0x000001f27f2b6a40,
0x000001f27f2b73f0, 0x000001f27f2b7da0, 0x000001f27f2b8750, 0x000001f27f2bbc90,
0x000001f27f2bced0, 0x000001f27f2bd8c0, 0x000001f27fd10be0, 0x000001f27fd1e4c0,
0x000001f21b853020, 0x000001f21c15bb90
}

Java Threads: ( => current thread )
=>0x000001f26611a530 JavaThread "main" [_thread_in_native, id=23024, stack(0x000000e237d00000,0x000000e237e00000)]
  0x000001f27f29f930 JavaThread "Reference Handler" daemon [_thread_blocked, id=24512, stack(0x000000e238400000,0x000000e238500000)]
  0x000001f27f2a04e0 JavaThread "Finalizer" daemon [_thread_blocked, id=2872, stack(0x000000e238500000,0x000000e238600000)]
  0x000001f27f2b6a40 JavaThread "Signal Dispatcher" daemon [_thread_blocked, id=18320, stack(0x000000e238600000,0x000000e238700000)]
  0x000001f27f2b73f0 JavaThread "Attach Listener" daemon [_thread_blocked, id=22244, stack(0x000000e238700000,0x000000e238800000)]
  0x000001f27f2b7da0 JavaThread "Service Thread" daemon [_thread_blocked, id=11748, stack(0x000000e238800000,0x000000e238900000)]
  0x000001f27f2b8750 JavaThread "Monitor Deflation Thread" daemon [_thread_blocked, id=3872, stack(0x000000e238900000,0x000000e238a00000)]
  0x000001f27f2bbc90 JavaThread "C2 CompilerThread0" daemon [_thread_blocked, id=4292, stack(0x000000e238a00000,0x000000e238b00000)]
  0x000001f27f2bced0 JavaThread "C1 CompilerThread0" daemon [_thread_blocked, id=6680, stack(0x000000e238b00000,0x000000e238c00000)]
  0x000001f27f2bd8c0 JavaThread "Sweeper thread" daemon [_thread_blocked, id=5164, stack(0x000000e238c00000,0x000000e238d00000)]
  0x000001f27fd10be0 JavaThread "Notification Thread" daemon [_thread_blocked, id=360, stack(0x000000e238d00000,0x000000e238e00000)]
  0x000001f27fd1e4c0 JavaThread "Common-Cleaner" daemon [_thread_blocked, id=804, stack(0x000000e238f00000,0x000000e239000000)]
  0x000001f21b853020 JavaThread "Thread-0" [_thread_in_Java, id=18220, stack(0x000000e23a200000,0x000000e23a300000)]
  0x000001f21c15bb90 JavaThread "Thread-1" [_thread_in_Java, id=18892, stack(0x000000e23a300000,0x000000e23a400000)]

Other Threads:
  0x000001f27f2966d0 VMThread "VM Thread" [stack: 0x000000e238300000,0x000000e238400000] [id=11340]
  0x000001f26618e730 WatcherThread [stack: 0x000000e238e00000,0x000000e238f00000] [id=14716]
  0x000001f266166af0 GCTaskThread "GC Thread#0" [stack: 0x000000e237e00000,0x000000e237f00000] [id=23396]
  0x000001f20a3ffdc0 GCTaskThread "GC Thread#1" [stack: 0x000000e239a00000,0x000000e239b00000] [id=12192]
  0x000001f2108c4ab0 GCTaskThread "GC Thread#2" [stack: 0x000000e239b00000,0x000000e239c00000] [id=22256]
  0x000001f210d54850 GCTaskThread "GC Thread#3" [stack: 0x000000e239c00000,0x000000e239d00000] [id=6952]
  0x000001f2108fe610 GCTaskThread "GC Thread#4" [stack: 0x000000e239d00000,0x000000e239e00000] [id=15988]
  0x000001f2108fe8c0 GCTaskThread "GC Thread#5" [stack: 0x000000e239e00000,0x000000e239f00000] [id=23132]
  0x000001f210d37cf0 GCTaskThread "GC Thread#6" [stack: 0x000000e239f00000,0x000000e23a000000] [id=7752]
  0x000001f210aba020 GCTaskThread "GC Thread#7" [stack: 0x000000e23a000000,0x000000e23a100000] [id=5432]
  0x000001f266179710 ConcurrentGCThread "G1 Main Marker" [stack: 0x000000e237f00000,0x000000e238000000] [id=9160]
  0x000001f26617ab00 ConcurrentGCThread "G1 Conc#0" [stack: 0x000000e238000000,0x000000e238100000] [id=13160]
  0x000001f27f1624d0 ConcurrentGCThread "G1 Refine#0" [stack: 0x000000e238100000,0x000000e238200000] [id=9916]
  0x000001f2661d8420 ConcurrentGCThread "G1 Service" [stack: 0x000000e238200000,0x000000e238300000] [id=20664]

Threads with active compile tasks:

VM state: not at safepoint (normal execution)

VM Mutex/Monitor currently owned by a thread: None

Heap address: 0x0000000703400000, size: 4044 MB, Compressed Oops mode: Zero based, Oop shift amount: 3

CDS archive(s) mapped at: [0x0000000800000000-0x0000000800bc0000-0x0000000800bc0000), size 12320768, SharedBaseAddress: 0x0000000800000000, ArchiveRelocationMode: 0.
Compressed class space mapped at: 0x0000000800c00000-0x0000000840c00000, reserved size: 1073741824
Narrow klass base: 0x0000000800000000, Narrow klass shift: 0, Narrow klass range: 0x100000000

GC Precious Log:
 CPUs: 12 total, 12 available
 Memory: 16169M
 Large Page Support: Disabled
 NUMA Support: Disabled
 Compressed Oops: Enabled (Zero based)
 Heap Region Size: 2M
 Heap Min Capacity: 8M
 Heap Initial Capacity: 254M
 Heap Max Capacity: 4044M
 Pre-touch: Disabled
 Parallel Workers: 10
 Concurrent Workers: 3
 Concurrent Refinement Workers: 10
 Periodic GC: Disabled

Heap:
 garbage-first heap   total 260096K, used 69575K [0x0000000703400000, 0x0000000800000000)
  region size 2048K, 7 young (14336K), 3 survivors (6144K)
 Metaspace       used 7772K, committed 8000K, reserved 1064960K
  class space    used 361K, committed 448K, reserved 1048576K

Heap Regions: E=young(eden), S=young(survivor), O=old, HS=humongous(starts), HC=humongous(continues), CS=collection set, F=free, OA=open archive, CA=closed archive, TAMS=top-at-mark-start (previous, next)
|   0|0x0000000703400000, 0x0000000703600000, 0x0000000703600000|100%| O|  |TAMS 0x0000000703400000, 0x0000000703400000| Untracked 
|   1|0x0000000703600000, 0x0000000703800000, 0x0000000703800000|100%| O|  |TAMS 0x0000000703600000, 0x0000000703600000| Untracked 
|   2|0x0000000703800000, 0x0000000703a00000, 0x0000000703a00000|100%| O|  |TAMS 0x0000000703800000, 0x0000000703800000| Untracked 
|   3|0x0000000703a00000, 0x0000000703c00000, 0x0000000703c00000|100%| O|  |TAMS 0x0000000703a00000, 0x0000000703a00000| Untracked 
|   4|0x0000000703c00000, 0x0000000703e00000, 0x0000000703e00000|100%| O|  |TAMS 0x0000000703c00000, 0x0000000703c00000| Untracked 
|   5|0x0000000703e00000, 0x0000000704000000, 0x0000000704000000|100%| O|  |TAMS 0x0000000703e00000, 0x0000000703e00000| Untracked 
|   6|0x0000000704000000, 0x0000000704200000, 0x0000000704200000|100%| O|  |TAMS 0x0000000704000000, 0x0000000704000000| Untracked 
|   7|0x0000000704200000, 0x0000000704400000, 0x0000000704400000|100%| O|  |TAMS 0x0000000704200000, 0x0000000704200000| Untracked 
|   8|0x0000000704400000, 0x0000000704600000, 0x0000000704600000|100%| O|  |TAMS 0x0000000704400000, 0x0000000704400000| Untracked 
|   9|0x0000000704600000, 0x0000000704800000, 0x0000000704800000|100%| O|  |TAMS 0x0000000704600000, 0x0000000704600000| Untracked 
|  10|0x0000000704800000, 0x0000000704a00000, 0x0000000704a00000|100%| O|  |TAMS 0x0000000704800000, 0x0000000704800000| Untracked 
|  11|0x0000000704a00000, 0x0000000704c00000, 0x0000000704c00000|100%| O|  |TAMS 0x0000000704a00000, 0x0000000704a00000| Untracked 
|  12|0x0000000704c00000, 0x0000000704e00000, 0x0000000704e00000|100%| O|  |TAMS 0x0000000704c00000, 0x0000000704c00000| Untracked 
|  13|0x0000000704e00000, 0x0000000705000000, 0x0000000705000000|100%| O|  |TAMS 0x0000000704e00000, 0x0000000704e00000| Untracked 
|  14|0x0000000705000000, 0x0000000705200000, 0x0000000705200000|100%| O|  |TAMS 0x0000000705000000, 0x0000000705000000| Untracked 
|  15|0x0000000705200000, 0x0000000705400000, 0x0000000705400000|100%| O|  |TAMS 0x0000000705200000, 0x0000000705200000| Untracked 
|  16|0x0000000705400000, 0x0000000705600000, 0x0000000705600000|100%| O|  |TAMS 0x0000000705400000, 0x0000000705400000| Untracked 
|  17|0x0000000705600000, 0x0000000705800000, 0x0000000705800000|100%| O|  |TAMS 0x0000000705600000, 0x0000000705600000| Untracked 
|  18|0x0000000705800000, 0x0000000705a00000, 0x0000000705a00000|100%| O|  |TAMS 0x0000000705800000, 0x0000000705800000| Untracked 
|  19|0x0000000705a00000, 0x0000000705c00000, 0x0000000705c00000|100%| O|  |TAMS 0x0000000705a00000, 0x0000000705a00000| Untracked 
|  20|0x0000000705c00000, 0x0000000705e00000, 0x0000000705e00000|100%| O|  |TAMS 0x0000000705c00000, 0x0000000705c00000| Untracked 
|  21|0x0000000705e00000, 0x0000000706000000, 0x0000000706000000|100%| O|  |TAMS 0x0000000705e00000, 0x0000000705e00000| Untracked 
|  22|0x0000000706000000, 0x0000000706200000, 0x0000000706200000|100%| O|  |TAMS 0x0000000706000000, 0x0000000706000000| Untracked 
|  23|0x0000000706200000, 0x0000000706400000, 0x0000000706400000|100%| O|  |TAMS 0x0000000706200000, 0x0000000706200000| Untracked 
|  24|0x0000000706400000, 0x0000000706600000, 0x0000000706600000|100%| O|  |TAMS 0x0000000706400000, 0x0000000706400000| Untracked 
|  25|0x0000000706600000, 0x00000007067f1e00, 0x0000000706800000| 97%| O|  |TAMS 0x0000000706600000, 0x0000000706600000| Untracked 
|  26|0x0000000706800000, 0x0000000706a00000, 0x0000000706a00000|100%|HS|  |TAMS 0x0000000706800000, 0x0000000706800000| Complete 
|  27|0x0000000706a00000, 0x0000000706c00000, 0x0000000706c00000|100%|HS|  |TAMS 0x0000000706a00000, 0x0000000706a00000| Complete 
|  28|0x0000000706c00000, 0x0000000706c00000, 0x0000000706e00000|  0%| F|  |TAMS 0x0000000706c00000, 0x0000000706c00000| Untracked 
|  29|0x0000000706e00000, 0x0000000706e00000, 0x0000000707000000|  0%| F|  |TAMS 0x0000000706e00000, 0x0000000706e00000| Untracked 
|  30|0x0000000707000000, 0x0000000707000000, 0x0000000707200000|  0%| F|  |TAMS 0x0000000707000000, 0x0000000707000000| Untracked 
|  31|0x0000000707200000, 0x0000000707200000, 0x0000000707400000|  0%| F|  |TAMS 0x0000000707200000, 0x0000000707200000| Untracked 
|  32|0x0000000707400000, 0x0000000707400000, 0x0000000707600000|  0%| F|  |TAMS 0x0000000707400000, 0x0000000707400000| Untracked 
|  33|0x0000000707600000, 0x0000000707600000, 0x0000000707800000|  0%| F|  |TAMS 0x0000000707600000, 0x0000000707600000| Untracked 
|  34|0x0000000707800000, 0x0000000707800000, 0x0000000707a00000|  0%| F|  |TAMS 0x0000000707800000, 0x0000000707800000| Untracked 
|  35|0x0000000707a00000, 0x0000000707a00000, 0x0000000707c00000|  0%| F|  |TAMS 0x0000000707a00000, 0x0000000707a00000| Untracked 
|  36|0x0000000707c00000, 0x0000000707c00000, 0x0000000707e00000|  0%| F|  |TAMS 0x0000000707c00000, 0x0000000707c00000| Untracked 
|  37|0x0000000707e00000, 0x0000000707e00000, 0x0000000708000000|  0%| F|  |TAMS 0x0000000707e00000, 0x0000000707e00000| Untracked 
|  38|0x0000000708000000, 0x0000000708000000, 0x0000000708200000|  0%| F|  |TAMS 0x0000000708000000, 0x0000000708000000| Untracked 
|  39|0x0000000708200000, 0x0000000708200000, 0x0000000708400000|  0%| F|  |TAMS 0x0000000708200000, 0x0000000708200000| Untracked 
|  40|0x0000000708400000, 0x0000000708400000, 0x0000000708600000|  0%| F|  |TAMS 0x0000000708400000, 0x0000000708400000| Untracked 
|  41|0x0000000708600000, 0x0000000708600000, 0x0000000708800000|  0%| F|  |TAMS 0x0000000708600000, 0x0000000708600000| Untracked 
|  42|0x0000000708800000, 0x0000000708800000, 0x0000000708a00000|  0%| F|  |TAMS 0x0000000708800000, 0x0000000708800000| Untracked 
|  43|0x0000000708a00000, 0x0000000708a00000, 0x0000000708c00000|  0%| F|  |TAMS 0x0000000708a00000, 0x0000000708a00000| Untracked 
|  44|0x0000000708c00000, 0x0000000708c00000, 0x0000000708e00000|  0%| F|  |TAMS 0x0000000708c00000, 0x0000000708c00000| Untracked 
|  45|0x0000000708e00000, 0x0000000708e00000, 0x0000000709000000|  0%| F|  |TAMS 0x0000000708e00000, 0x0000000708e00000| Untracked 
|  46|0x0000000709000000, 0x0000000709000000, 0x0000000709200000|  0%| F|  |TAMS 0x0000000709000000, 0x0000000709000000| Untracked 
|  47|0x0000000709200000, 0x0000000709200000, 0x0000000709400000|  0%| F|  |TAMS 0x0000000709200000, 0x0000000709200000| Untracked 
|  48|0x0000000709400000, 0x0000000709400000, 0x0000000709600000|  0%| F|  |TAMS 0x0000000709400000, 0x0000000709400000| Untracked 
|  49|0x0000000709600000, 0x0000000709600000, 0x0000000709800000|  0%| F|  |TAMS 0x0000000709600000, 0x0000000709600000| Untracked 
|  50|0x0000000709800000, 0x0000000709800000, 0x0000000709a00000|  0%| F|  |TAMS 0x0000000709800000, 0x0000000709800000| Untracked 
|  51|0x0000000709a00000, 0x0000000709a00000, 0x0000000709c00000|  0%| F|  |TAMS 0x0000000709a00000, 0x0000000709a00000| Untracked 
|  52|0x0000000709c00000, 0x0000000709c00000, 0x0000000709e00000|  0%| F|  |TAMS 0x0000000709c00000, 0x0000000709c00000| Untracked 
|  53|0x0000000709e00000, 0x0000000709e00000, 0x000000070a000000|  0%| F|  |TAMS 0x0000000709e00000, 0x0000000709e00000| Untracked 
|  54|0x000000070a000000, 0x000000070a000000, 0x000000070a200000|  0%| F|  |TAMS 0x000000070a000000, 0x000000070a000000| Untracked 
|  55|0x000000070a200000, 0x000000070a200000, 0x000000070a400000|  0%| F|  |TAMS 0x000000070a200000, 0x000000070a200000| Untracked 
|  56|0x000000070a400000, 0x000000070a400000, 0x000000070a600000|  0%| F|  |TAMS 0x000000070a400000, 0x000000070a400000| Untracked 
|  57|0x000000070a600000, 0x000000070a600000, 0x000000070a800000|  0%| F|  |TAMS 0x000000070a600000, 0x000000070a600000| Untracked 
|  58|0x000000070a800000, 0x000000070a800000, 0x000000070aa00000|  0%| F|  |TAMS 0x000000070a800000, 0x000000070a800000| Untracked 
|  59|0x000000070aa00000, 0x000000070aa00000, 0x000000070ac00000|  0%| F|  |TAMS 0x000000070aa00000, 0x000000070aa00000| Untracked 
|  60|0x000000070ac00000, 0x000000070ac00000, 0x000000070ae00000|  0%| F|  |TAMS 0x000000070ac00000, 0x000000070ac00000| Untracked 
|  61|0x000000070ae00000, 0x000000070ae00000, 0x000000070b000000|  0%| F|  |TAMS 0x000000070ae00000, 0x000000070ae00000| Untracked 
|  62|0x000000070b000000, 0x000000070b000000, 0x000000070b200000|  0%| F|  |TAMS 0x000000070b000000, 0x000000070b000000| Untracked 
|  63|0x000000070b200000, 0x000000070b200000, 0x000000070b400000|  0%| F|  |TAMS 0x000000070b200000, 0x000000070b200000| Untracked 
|  64|0x000000070b400000, 0x000000070b400000, 0x000000070b600000|  0%| F|  |TAMS 0x000000070b400000, 0x000000070b400000| Untracked 
|  65|0x000000070b600000, 0x000000070b600000, 0x000000070b800000|  0%| F|  |TAMS 0x000000070b600000, 0x000000070b600000| Untracked 
|  66|0x000000070b800000, 0x000000070b800000, 0x000000070ba00000|  0%| F|  |TAMS 0x000000070b800000, 0x000000070b800000| Untracked 
|  67|0x000000070ba00000, 0x000000070ba00000, 0x000000070bc00000|  0%| F|  |TAMS 0x000000070ba00000, 0x000000070ba00000| Untracked 
|  68|0x000000070bc00000, 0x000000070bc00000, 0x000000070be00000|  0%| F|  |TAMS 0x000000070bc00000, 0x000000070bc00000| Untracked 
|  69|0x000000070be00000, 0x000000070be00000, 0x000000070c000000|  0%| F|  |TAMS 0x000000070be00000, 0x000000070be00000| Untracked 
|  70|0x000000070c000000, 0x000000070c000000, 0x000000070c200000|  0%| F|  |TAMS 0x000000070c000000, 0x000000070c000000| Untracked 
|  71|0x000000070c200000, 0x000000070c200000, 0x000000070c400000|  0%| F|  |TAMS 0x000000070c200000, 0x000000070c200000| Untracked 
|  72|0x000000070c400000, 0x000000070c400000, 0x000000070c600000|  0%| F|  |TAMS 0x000000070c400000, 0x000000070c400000| Untracked 
|  73|0x000000070c600000, 0x000000070c600000, 0x000000070c800000|  0%| F|  |TAMS 0x000000070c600000, 0x000000070c600000| Untracked 
|  74|0x000000070c800000, 0x000000070c800000, 0x000000070ca00000|  0%| F|  |TAMS 0x000000070c800000, 0x000000070c800000| Untracked 
|  75|0x000000070ca00000, 0x000000070ca00000, 0x000000070cc00000|  0%| F|  |TAMS 0x000000070ca00000, 0x000000070ca00000| Untracked 
|  76|0x000000070cc00000, 0x000000070cc00000, 0x000000070ce00000|  0%| F|  |TAMS 0x000000070cc00000, 0x000000070cc00000| Untracked 
|  77|0x000000070ce00000, 0x000000070ce00000, 0x000000070d000000|  0%| F|  |TAMS 0x000000070ce00000, 0x000000070ce00000| Untracked 
|  78|0x000000070d000000, 0x000000070d000000, 0x000000070d200000|  0%| F|  |TAMS 0x000000070d000000, 0x000000070d000000| Untracked 
|  79|0x000000070d200000, 0x000000070d200000, 0x000000070d400000|  0%| F|  |TAMS 0x000000070d200000, 0x000000070d200000| Untracked 
|  80|0x000000070d400000, 0x000000070d400000, 0x000000070d600000|  0%| F|  |TAMS 0x000000070d400000, 0x000000070d400000| Untracked 
|  81|0x000000070d600000, 0x000000070d600000, 0x000000070d800000|  0%| F|  |TAMS 0x000000070d600000, 0x000000070d600000| Untracked 
|  82|0x000000070d800000, 0x000000070d800000, 0x000000070da00000|  0%| F|  |TAMS 0x000000070d800000, 0x000000070d800000| Untracked 
|  83|0x000000070da00000, 0x000000070da00000, 0x000000070dc00000|  0%| F|  |TAMS 0x000000070da00000, 0x000000070da00000| Untracked 
|  84|0x000000070dc00000, 0x000000070dc00000, 0x000000070de00000|  0%| F|  |TAMS 0x000000070dc00000, 0x000000070dc00000| Untracked 
|  85|0x000000070de00000, 0x000000070de00000, 0x000000070e000000|  0%| F|  |TAMS 0x000000070de00000, 0x000000070de00000| Untracked 
|  86|0x000000070e000000, 0x000000070e000000, 0x000000070e200000|  0%| F|  |TAMS 0x000000070e000000, 0x000000070e000000| Untracked 
|  87|0x000000070e200000, 0x000000070e200000, 0x000000070e400000|  0%| F|  |TAMS 0x000000070e200000, 0x000000070e200000| Untracked 
|  88|0x000000070e400000, 0x000000070e400000, 0x000000070e600000|  0%| F|  |TAMS 0x000000070e400000, 0x000000070e400000| Untracked 
|  89|0x000000070e600000, 0x000000070e600000, 0x000000070e800000|  0%| F|  |TAMS 0x000000070e600000, 0x000000070e600000| Untracked 
|  90|0x000000070e800000, 0x000000070e800000, 0x000000070ea00000|  0%| F|  |TAMS 0x000000070e800000, 0x000000070e800000| Untracked 
|  91|0x000000070ea00000, 0x000000070ea00000, 0x000000070ec00000|  0%| F|  |TAMS 0x000000070ea00000, 0x000000070ea00000| Untracked 
|  92|0x000000070ec00000, 0x000000070ec00000, 0x000000070ee00000|  0%| F|  |TAMS 0x000000070ec00000, 0x000000070ec00000| Untracked 
|  93|0x000000070ee00000, 0x000000070ee00000, 0x000000070f000000|  0%| F|  |TAMS 0x000000070ee00000, 0x000000070ee00000| Untracked 
|  94|0x000000070f000000, 0x000000070f000000, 0x000000070f200000|  0%| F|  |TAMS 0x000000070f000000, 0x000000070f000000| Untracked 
|  95|0x000000070f200000, 0x000000070f200000, 0x000000070f400000|  0%| F|  |TAMS 0x000000070f200000, 0x000000070f200000| Untracked 
|  96|0x000000070f400000, 0x000000070f400000, 0x000000070f600000|  0%| F|  |TAMS 0x000000070f400000, 0x000000070f400000| Untracked 
|  97|0x000000070f600000, 0x000000070f600000, 0x000000070f800000|  0%| F|  |TAMS 0x000000070f600000, 0x000000070f600000| Untracked 
|  98|0x000000070f800000, 0x000000070f800000, 0x000000070fa00000|  0%| F|  |TAMS 0x000000070f800000, 0x000000070f800000| Untracked 
|  99|0x000000070fa00000, 0x000000070fa00000, 0x000000070fc00000|  0%| F|  |TAMS 0x000000070fa00000, 0x000000070fa00000| Untracked 
| 100|0x000000070fc00000, 0x000000070fc00000, 0x000000070fe00000|  0%| F|  |TAMS 0x000000070fc00000, 0x000000070fc00000| Untracked 
| 101|0x000000070fe00000, 0x0000000710000000, 0x0000000710000000|100%| S|CS|TAMS 0x000000070fe00000, 0x000000070fe00000| Complete 
| 102|0x0000000710000000, 0x0000000710200000, 0x0000000710200000|100%| S|CS|TAMS 0x0000000710000000, 0x0000000710000000| Complete 
| 103|0x0000000710200000, 0x0000000710400000, 0x0000000710400000|100%| S|CS|TAMS 0x0000000710200000, 0x0000000710200000| Complete 
| 104|0x0000000710400000, 0x0000000710400000, 0x0000000710600000|  0%| F|  |TAMS 0x0000000710400000, 0x0000000710400000| Untracked 
| 105|0x0000000710600000, 0x0000000710600000, 0x0000000710800000|  0%| F|  |TAMS 0x0000000710600000, 0x0000000710600000| Untracked 
| 106|0x0000000710800000, 0x0000000710800000, 0x0000000710a00000|  0%| F|  |TAMS 0x0000000710800000, 0x0000000710800000| Untracked 
| 107|0x0000000710a00000, 0x0000000710a00000, 0x0000000710c00000|  0%| F|  |TAMS 0x0000000710a00000, 0x0000000710a00000| Untracked 
| 108|0x0000000710c00000, 0x0000000710c00000, 0x0000000710e00000|  0%| F|  |TAMS 0x0000000710c00000, 0x0000000710c00000| Untracked 
| 109|0x0000000710e00000, 0x0000000710e00000, 0x0000000711000000|  0%| F|  |TAMS 0x0000000710e00000, 0x0000000710e00000| Untracked 
| 110|0x0000000711000000, 0x0000000711000000, 0x0000000711200000|  0%| F|  |TAMS 0x0000000711000000, 0x0000000711000000| Untracked 
| 111|0x0000000711200000, 0x0000000711200000, 0x0000000711400000|  0%| F|  |TAMS 0x0000000711200000, 0x0000000711200000| Untracked 
| 112|0x0000000711400000, 0x0000000711400000, 0x0000000711600000|  0%| F|  |TAMS 0x0000000711400000, 0x0000000711400000| Untracked 
| 113|0x0000000711600000, 0x0000000711600000, 0x0000000711800000|  0%| F|  |TAMS 0x0000000711600000, 0x0000000711600000| Untracked 
| 114|0x0000000711800000, 0x0000000711800000, 0x0000000711a00000|  0%| F|  |TAMS 0x0000000711800000, 0x0000000711800000| Untracked 
| 115|0x0000000711a00000, 0x0000000711a00000, 0x0000000711c00000|  0%| F|  |TAMS 0x0000000711a00000, 0x0000000711a00000| Untracked 
| 116|0x0000000711c00000, 0x0000000711c00000, 0x0000000711e00000|  0%| F|  |TAMS 0x0000000711c00000, 0x0000000711c00000| Untracked 
| 117|0x0000000711e00000, 0x0000000711e00000, 0x0000000712000000|  0%| F|  |TAMS 0x0000000711e00000, 0x0000000711e00000| Untracked 
| 118|0x0000000712000000, 0x0000000712000000, 0x0000000712200000|  0%| F|  |TAMS 0x0000000712000000, 0x0000000712000000| Untracked 
| 119|0x0000000712200000, 0x0000000712200000, 0x0000000712400000|  0%| F|  |TAMS 0x0000000712200000, 0x0000000712200000| Untracked 
| 120|0x0000000712400000, 0x0000000712400000, 0x0000000712600000|  0%| F|  |TAMS 0x0000000712400000, 0x0000000712400000| Untracked 
| 121|0x0000000712600000, 0x0000000712600000, 0x0000000712800000|  0%| F|  |TAMS 0x0000000712600000, 0x0000000712600000| Untracked 
| 122|0x0000000712800000, 0x0000000712800000, 0x0000000712a00000|  0%| F|  |TAMS 0x0000000712800000, 0x0000000712800000| Untracked 
| 123|0x0000000712a00000, 0x0000000712af30e8, 0x0000000712c00000| 47%| E|  |TAMS 0x0000000712a00000, 0x0000000712a00000| Complete 
| 124|0x0000000712c00000, 0x0000000712e00000, 0x0000000712e00000|100%| E|CS|TAMS 0x0000000712c00000, 0x0000000712c00000| Complete 
| 125|0x0000000712e00000, 0x0000000713000000, 0x0000000713000000|100%| E|CS|TAMS 0x0000000712e00000, 0x0000000712e00000| Complete 
| 126|0x0000000713000000, 0x0000000713200000, 0x0000000713200000|100%| E|CS|TAMS 0x0000000713000000, 0x0000000713000000| Complete 

Card table byte_map: [0x000001f27d660000,0x000001f27de50000] _byte_map_base: 0x000001f279e46000

Marking Bits (Prev, Next): (CMBitMap*) 0x000001f266169120, (CMBitMap*) 0x000001f266169160
 Prev Bits: [0x000001f200000000, 0x000001f203f30000)
 Next Bits: [0x000001f203f30000, 0x000001f207e60000)

Polling page: 0x000001f2658f0000

Metaspace:

Usage:
  Non-class:      7.24 MB used.
      Class:    361.15 KB used.
       Both:      7.59 MB used.

Virtual space:
  Non-class space:       16.00 MB reserved,       7.38 MB ( 46%) committed,  2 nodes.
      Class space:        1.00 GB reserved,     448.00 KB ( <1%) committed,  1 nodes.
             Both:        1.02 GB reserved,       7.81 MB ( <1%) committed. 

Chunk freelists:
   Non-Class:  2.11 MB
       Class:  3.47 MB
        Both:  5.58 MB

MaxMetaspaceSize: unlimited
CompressedClassSpaceSize: 1.00 GB
Initial GC threshold: 21.00 MB
Current GC threshold: 21.00 MB
CDS: on
MetaspaceReclaimPolicy: balanced
 - commit_granule_bytes: 65536.
 - commit_granule_words: 8192.
 - virtual_space_node_default_size: 1048576.
 - enlarge_chunks_in_place: 1.
 - new_chunks_are_fully_committed: 0.
 - uncommit_free_chunks: 1.
 - use_allocation_guard: 0.
 - handle_deallocations: 1.


Internal statistics:

num_allocs_failed_limit: 0.
num_arena_births: 72.
num_arena_deaths: 0.
num_vsnodes_births: 3.
num_vsnodes_deaths: 0.
num_space_committed: 123.
num_space_uncommitted: 0.
num_chunks_returned_to_freelist: 0.
num_chunks_taken_from_freelist: 302.
num_chunk_merges: 0.
num_chunk_splits: 234.
num_chunks_enlarged: 197.
num_purges: 0.
num_inconsistent_stats: 0.

CodeHeap 'non-profiled nmethods': size=120000Kb used=584Kb max_used=584Kb free=119415Kb
 bounds [0x000001f2753e0000, 0x000001f275650000, 0x000001f27c910000]
CodeHeap 'profiled nmethods': size=120000Kb used=1697Kb max_used=1697Kb free=118303Kb
 bounds [0x000001f26deb0000, 0x000001f26e120000, 0x000001f2753e0000]
CodeHeap 'non-nmethods': size=5760Kb used=1648Kb max_used=1698Kb free=4111Kb
 bounds [0x000001f26d910000, 0x000001f26db80000, 0x000001f26deb0000]
 total_blobs=2154 nmethods=1063 adapters=1004
 compilation: enabled
              stopped_count=0, restarted_count=0
 full_count=0

Compilation events (20 events):
Event: 3.237 Thread 0x000001f27f2bbc90 nmethod 1052% 0x000001f27546e210 code [0x000001f27546e480, 0x000001f27546f348]
Event: 3.238 Thread 0x000001f27f2bbc90 1053  s    4       Game.Game::tick (120 bytes)
Event: 3.251 Thread 0x000001f27f2bbc90 nmethod 1053 0x000001f27546f990 code [0x000001f27546fc00, 0x000001f275470be8]
Event: 3.833 Thread 0x000001f27f2bced0 1054       3       Game.Test::delete (8 bytes)
Event: 3.833 Thread 0x000001f27f2bced0 nmethod 1054 0x000001f26e055290 code [0x000001f26e055440, 0x000001f26e055698]
Event: 3.833 Thread 0x000001f27f2bced0 1055  s    3       windowStuff.Sprite::delete (6 bytes)
Event: 3.833 Thread 0x000001f27f2bced0 nmethod 1055 0x000001f26e055790 code [0x000001f26e055920, 0x000001f26e055ad8]
Event: 3.882 Thread 0x000001f27f2bced0 1056       3       windowStuff.Batch::draw (117 bytes)
Event: 3.883 Thread 0x000001f27f2bced0 nmethod 1056 0x000001f26e055b90 code [0x000001f26e055de0, 0x000001f26e056688]
Event: 3.883 Thread 0x000001f27f2bced0 1057       3       org.lwjgl.opengl.GL13::glActiveTexture (5 bytes)
Event: 3.883 Thread 0x000001f27f2bced0 nmethod 1057 0x000001f26e056a90 code [0x000001f26e056c20, 0x000001f26e056d28]
Event: 3.883 Thread 0x000001f27f2bced0 1058       3       windowStuff.Texture::bind (11 bytes)
Event: 3.883 Thread 0x000001f27f2bced0 nmethod 1058 0x000001f26e056e10 code [0x000001f26e056fa0, 0x000001f26e0570e8]
Event: 3.884 Thread 0x000001f27f2bbc90 1059       4       java.lang.Object::equals (11 bytes)
Event: 3.884 Thread 0x000001f27f2bbc90 nmethod 1059 0x000001f275471510 code [0x000001f275471680, 0x000001f275471718]
Event: 3.888 Thread 0x000001f27f2bced0 1060 %     3       java.util.ArrayList::remove @ 39 (76 bytes)
Event: 3.888 Thread 0x000001f27f2bced0 nmethod 1060% 0x000001f26e057190 code [0x000001f26e057380, 0x000001f26e057918]
Event: 3.888 Thread 0x000001f27f2bced0 1061       3       java.util.ArrayList::remove (76 bytes)
Event: 3.889 Thread 0x000001f27f2bced0 nmethod 1061 0x000001f26e057b10 code [0x000001f26e057d00, 0x000001f26e0581f8]
Event: 3.889 Thread 0x000001f27f2bbc90 1062 %     4       java.util.ArrayList::remove @ 39 (76 bytes)

GC Heap History (8 events):
Event: 1.559 GC heap before
{Heap before GC invocations=0 (full 0):
 garbage-first heap   total 260096K, used 20480K [0x0000000703400000, 0x0000000800000000)
  region size 2048K, 11 young (22528K), 0 survivors (0K)
 Metaspace       used 7698K, committed 7872K, reserved 1064960K
  class space    used 359K, committed 448K, reserved 1048576K
}
Event: 1.563 GC heap after
{Heap after GC invocations=1 (full 0):
 garbage-first heap   total 260096K, used 4050K [0x0000000703400000, 0x0000000800000000)
  region size 2048K, 2 young (4096K), 2 survivors (4096K)
 Metaspace       used 7698K, committed 7872K, reserved 1064960K
  class space    used 359K, committed 448K, reserved 1048576K
}
Event: 1.647 GC heap before
{Heap before GC invocations=1 (full 0):
 garbage-first heap   total 260096K, used 32722K [0x0000000703400000, 0x0000000800000000)
  region size 2048K, 17 young (34816K), 2 survivors (4096K)
 Metaspace       used 7747K, committed 7872K, reserved 1064960K
  class space    used 359K, committed 448K, reserved 1048576K
}
Event: 1.658 GC heap after
{Heap after GC invocations=2 (full 0):
 garbage-first heap   total 260096K, used 19029K [0x0000000703400000, 0x0000000800000000)
  region size 2048K, 3 young (6144K), 3 survivors (6144K)
 Metaspace       used 7747K, committed 7872K, reserved 1064960K
  class space    used 359K, committed 448K, reserved 1048576K
}
Event: 1.738 GC heap before
{Heap before GC invocations=2 (full 0):
 garbage-first heap   total 260096K, used 49749K [0x0000000703400000, 0x0000000800000000)
  region size 2048K, 19 young (38912K), 3 survivors (6144K)
 Metaspace       used 7751K, committed 7936K, reserved 1064960K
  class space    used 359K, committed 448K, reserved 1048576K
}
Event: 1.747 GC heap after
{Heap after GC invocations=3 (full 0):
 garbage-first heap   total 260096K, used 36853K [0x0000000703400000, 0x0000000800000000)
  region size 2048K, 3 young (6144K), 3 survivors (6144K)
 Metaspace       used 7751K, committed 7936K, reserved 1064960K
  class space    used 359K, committed 448K, reserved 1048576K
}
Event: 1.861 GC heap before
{Heap before GC invocations=3 (full 0):
 garbage-first heap   total 260096K, used 75765K [0x0000000703400000, 0x0000000800000000)
  region size 2048K, 23 young (47104K), 3 survivors (6144K)
 Metaspace       used 7751K, committed 7936K, reserved 1064960K
  class space    used 359K, committed 448K, reserved 1048576K
}
Event: 1.873 GC heap after
{Heap after GC invocations=4 (full 0):
 garbage-first heap   total 260096K, used 59335K [0x0000000703400000, 0x0000000800000000)
  region size 2048K, 3 young (6144K), 3 survivors (6144K)
 Metaspace       used 7751K, committed 7936K, reserved 1064960K
  class space    used 359K, committed 448K, reserved 1048576K
}

Deoptimization events (20 events):
Event: 3.214 Thread 0x000001f21b853020 Uncommon trap: trap_request=0xffffff45 fr.pc=0x000001f275469e70 relative=0x00000000000006d0
Event: 3.214 Thread 0x000001f21b853020 Uncommon trap: reason=unstable_if action=reinterpret pc=0x000001f275469e70 method=Game.Test.onGameTick()V @ 110 c2
Event: 3.214 Thread 0x000001f21b853020 DEOPT PACKING pc=0x000001f275469e70 sp=0x000000e23a2feef0
Event: 3.214 Thread 0x000001f21b853020 DEOPT UNPACKING pc=0x000001f26d9623a3 sp=0x000000e23a2feed0 mode 2
Event: 3.215 Thread 0x000001f21b853020 Uncommon trap: trap_request=0xffffff45 fr.pc=0x000001f27546b06c relative=0x0000000000000bec
Event: 3.215 Thread 0x000001f21b853020 Uncommon trap: reason=unstable_if action=reinterpret pc=0x000001f27546b06c method=Game.Test.onGameTick()V @ 110 c2
Event: 3.215 Thread 0x000001f21b853020 DEOPT PACKING pc=0x000001f27546b06c sp=0x000000e23a2fef70
Event: 3.215 Thread 0x000001f21b853020 DEOPT UNPACKING pc=0x000001f26d9623a3 sp=0x000000e23a2feee0 mode 2
Event: 3.238 Thread 0x000001f21b853020 DEOPT PACKING pc=0x000001f26e054c94 sp=0x000000e23a2fef30
Event: 3.238 Thread 0x000001f21b853020 DEOPT UNPACKING pc=0x000001f26d962b43 sp=0x000000e23a2fe438 mode 0
Event: 3.244 Thread 0x000001f21b853020 DEOPT PACKING pc=0x000001f26e053900 sp=0x000000e23a2fef40
Event: 3.244 Thread 0x000001f21b853020 DEOPT UNPACKING pc=0x000001f26d962b43 sp=0x000000e23a2fe438 mode 0
Event: 3.882 Thread 0x000001f26611a530 Uncommon trap: trap_request=0xffffff45 fr.pc=0x000001f27544e90c relative=0x000000000000038c
Event: 3.882 Thread 0x000001f26611a530 Uncommon trap: reason=unstable_if action=reinterpret pc=0x000001f27544e90c method=windowStuff.Batch.draw()V @ 74 c2
Event: 3.882 Thread 0x000001f26611a530 DEOPT PACKING pc=0x000001f27544e90c sp=0x000000e237dff400
Event: 3.882 Thread 0x000001f26611a530 DEOPT UNPACKING pc=0x000001f26d9623a3 sp=0x000000e237dff3d0 mode 2
Event: 3.882 Thread 0x000001f26611a530 Uncommon trap: trap_request=0xffffff45 fr.pc=0x000001f27544dde8 relative=0x0000000000000328
Event: 3.882 Thread 0x000001f26611a530 Uncommon trap: reason=unstable_if action=reinterpret pc=0x000001f27544dde8 method=windowStuff.Batch.draw()V @ 74 c2
Event: 3.882 Thread 0x000001f26611a530 DEOPT PACKING pc=0x000001f27544dde8 sp=0x000000e237dff400
Event: 3.882 Thread 0x000001f26611a530 DEOPT UNPACKING pc=0x000001f26d9623a3 sp=0x000000e237dff3d0 mode 2

Classes unloaded (0 events):
No events

Classes redefined (0 events):
No events

Internal exceptions (16 events):
Event: 0.140 Thread 0x000001f26611a530 Exception <a 'java/lang/NoSuchMethodError'{0x0000000712f403e0}: 'java.lang.Object java.lang.invoke.DirectMethodHandle$Holder.invokeStaticInit(java.lang.Object)'> (0x0000000712f403e0) 
thrown [t:\workspace\open\src\hotspot\share\interpreter\linkResolver.cpp, line 766]
Event: 0.152 Thread 0x000001f26611a530 Exception <a 'java/lang/NoSuchMethodError'{0x0000000712f8e0a0}: 'void java.lang.invoke.DirectMethodHandle$Holder.invokeStatic(java.lang.Object, java.lang.Object)'> (0x0000000712f8e0a0) 
thrown [t:\workspace\open\src\hotspot\share\interpreter\linkResolver.cpp, line 766]
Event: 0.153 Thread 0x000001f26611a530 Exception <a 'java/lang/NoSuchMethodError'{0x0000000712f938e8}: 'void java.lang.invoke.DirectMethodHandle$Holder.invokeSpecial(java.lang.Object, java.lang.Object, java.lang.Object)'> (0x0000000712f938e8) 
thrown [t:\workspace\open\src\hotspot\share\interpreter\linkResolver.cpp, line 766]
Event: 0.155 Thread 0x000001f26611a530 Exception <a 'java/lang/NoSuchMethodError'{0x0000000712fa1fe8}: 'java.lang.Object java.lang.invoke.DirectMethodHandle$Holder.invokeStatic(java.lang.Object, java.lang.Object, int)'> (0x0000000712fa1fe8) 
thrown [t:\workspace\open\src\hotspot\share\interpreter\linkResolver.cpp, line 766]
Event: 0.157 Thread 0x000001f26611a530 Exception <a 'java/lang/NoSuchMethodError'{0x0000000712fadcd8}: 'void java.lang.invoke.DelegatingMethodHandle$Holder.delegate(java.lang.Object, java.lang.Object, int, java.lang.Object)'> (0x0000000712fadcd8) 
thrown [t:\workspace\open\src\hotspot\share\interpreter\linkResolver.cpp, line 766]
Event: 0.157 Thread 0x000001f26611a530 Exception <a 'java/lang/NoSuchMethodError'{0x0000000712fb1f18}: 'int java.lang.invoke.DirectMethodHandle$Holder.invokeSpecial(java.lang.Object, java.lang.Object, java.lang.Object)'> (0x0000000712fb1f18) 
thrown [t:\workspace\open\src\hotspot\share\interpreter\linkResolver.cpp, line 766]
Event: 0.189 Thread 0x000001f26611a530 Exception <a 'sun/nio/fs/WindowsException'{0x0000000712c0e420}> (0x0000000712c0e420) 
thrown [t:\workspace\open\src\hotspot\share\prims\jni.cpp, line 516]
Event: 0.189 Thread 0x000001f26611a530 Exception <a 'sun/nio/fs/WindowsException'{0x0000000712c0e978}> (0x0000000712c0e978) 
thrown [t:\workspace\open\src\hotspot\share\prims\jni.cpp, line 516]
Event: 0.217 Thread 0x000001f26611a530 Exception <a 'sun/nio/fs/WindowsException'{0x0000000712ccb060}> (0x0000000712ccb060) 
thrown [t:\workspace\open\src\hotspot\share\prims\jni.cpp, line 516]
Event: 0.217 Thread 0x000001f26611a530 Exception <a 'sun/nio/fs/WindowsException'{0x0000000712ccb3d0}> (0x0000000712ccb3d0) 
thrown [t:\workspace\open\src\hotspot\share\prims\jni.cpp, line 516]
Event: 0.999 Thread 0x000001f26611a530 Exception <a 'sun/nio/fs/WindowsException'{0x0000000712d80060}> (0x0000000712d80060) 
thrown [t:\workspace\open\src\hotspot\share\prims\jni.cpp, line 516]
Event: 0.999 Thread 0x000001f26611a530 Exception <a 'sun/nio/fs/WindowsException'{0x0000000712d80410}> (0x0000000712d80410) 
thrown [t:\workspace\open\src\hotspot\share\prims\jni.cpp, line 516]
Event: 1.002 Thread 0x000001f26611a530 Exception <a 'sun/nio/fs/WindowsException'{0x0000000712d87b48}> (0x0000000712d87b48) 
thrown [t:\workspace\open\src\hotspot\share\prims\jni.cpp, line 516]
Event: 1.002 Thread 0x000001f26611a530 Exception <a 'sun/nio/fs/WindowsException'{0x0000000712d87e30}> (0x0000000712d87e30) 
thrown [t:\workspace\open\src\hotspot\share\prims\jni.cpp, line 516]
Event: 1.299 Thread 0x000001f26611a530 Exception <a 'sun/nio/fs/WindowsException'{0x00000007122c1cb8}> (0x00000007122c1cb8) 
thrown [t:\workspace\open\src\hotspot\share\prims\jni.cpp, line 516]
Event: 1.299 Thread 0x000001f26611a530 Exception <a 'sun/nio/fs/WindowsException'{0x00000007122c2040}> (0x00000007122c2040) 
thrown [t:\workspace\open\src\hotspot\share\prims\jni.cpp, line 516]

VM Operations (20 events):
Event: 0.074 Executing VM operation: HandshakeAllThreads
Event: 0.074 Executing VM operation: HandshakeAllThreads done
Event: 1.011 Executing VM operation: HandshakeAllThreads
Event: 1.011 Executing VM operation: HandshakeAllThreads done
Event: 1.361 Executing VM operation: HandshakeAllThreads
Event: 1.361 Executing VM operation: HandshakeAllThreads done
Event: 1.361 Executing VM operation: Cleanup
Event: 1.361 Executing VM operation: Cleanup done
Event: 1.558 Executing VM operation: G1CollectForAllocation
Event: 1.564 Executing VM operation: G1CollectForAllocation done
Event: 1.647 Executing VM operation: G1CollectForAllocation
Event: 1.658 Executing VM operation: G1CollectForAllocation done
Event: 1.738 Executing VM operation: G1CollectForAllocation
Event: 1.748 Executing VM operation: G1CollectForAllocation done
Event: 1.861 Executing VM operation: G1CollectForAllocation
Event: 1.873 Executing VM operation: G1CollectForAllocation done
Event: 2.877 Executing VM operation: Cleanup
Event: 2.877 Executing VM operation: Cleanup done
Event: 3.888 Executing VM operation: Cleanup
Event: 3.888 Executing VM operation: Cleanup done

Events (20 events):
Event: 1.278 loading class java/util/regex/Pattern$SliceS
Event: 1.278 loading class java/util/regex/Pattern$SliceS done
Event: 1.300 Loaded shared library C:\Users\karel\AppData\Local\Temp\lwjglkarel\3.2.3-build-13\lwjgl_stb.dll
Event: 1.355 loading class java/io/Externalizable
Event: 1.355 loading class java/io/Externalizable done
Event: 1.356 Loaded shared library C:\Users\karel\.jdks\openjdk-17.0.1\bin\verify.dll
Event: 1.361 loading class java/lang/NumberFormatException
Event: 1.361 loading class java/lang/NumberFormatException done
Event: 1.437 loading class java/lang/SecurityException
Event: 1.437 loading class java/lang/SecurityException done
Event: 1.439 loading class jdk/internal/access/foreign/MemorySegmentProxy
Event: 1.439 loading class jdk/internal/access/foreign/MemorySegmentProxy done
Event: 1.524 Thread 0x000001f2104a9890 Thread exited: 0x000001f2104a9890
Event: 1.524 loading class java/util/LinkedList$ListItr
Event: 1.524 loading class java/util/LinkedList$ListItr done
Event: 1.573 Thread 0x000001f210bea020 Thread added: 0x000001f210bea020
Event: 1.892 Thread 0x000001f21b853020 Thread added: 0x000001f21b853020
Event: 1.892 Thread 0x000001f21c15bb90 Thread added: 0x000001f21c15bb90
Event: 2.226 Thread 0x000001f210bea020 Thread exited: 0x000001f210bea020
Event: 2.226 Thread 0x000001f2104a9380 Thread exited: 0x000001f2104a9380


Dynamic libraries:
0x00007ff71f530000 - 0x00007ff71f53e000 	C:\Users\karel\.jdks\openjdk-17.0.1\bin\java.exe
0x00007ffb07aa0000 - 0x00007ffb07ca9000 	C:\WINDOWS\SYSTEM32\ntdll.dll
0x00007ffaccfc0000 - 0x00007ffaccfd7000 	C:\Program Files\Avast Software\Avast\aswhook.dll
0x00007ffb06250000 - 0x00007ffb0630d000 	C:\WINDOWS\System32\KERNEL32.DLL
0x00007ffb04f80000 - 0x00007ffb052fd000 	C:\WINDOWS\System32\KERNELBASE.dll
0x00007ffb054f0000 - 0x00007ffb05601000 	C:\WINDOWS\System32\ucrtbase.dll
0x00007ffaf5380000 - 0x00007ffaf539a000 	C:\Users\karel\.jdks\openjdk-17.0.1\bin\VCRUNTIME140.dll
0x00007ffaf5870000 - 0x00007ffaf5888000 	C:\Users\karel\.jdks\openjdk-17.0.1\bin\jli.dll
0x00007ffb060a0000 - 0x00007ffb0624d000 	C:\WINDOWS\System32\USER32.dll
0x00007ffb057a0000 - 0x00007ffb057c6000 	C:\WINDOWS\System32\win32u.dll
0x00007ffafc350000 - 0x00007ffafc5f5000 	C:\WINDOWS\WinSxS\amd64_microsoft.windows.common-controls_6595b64144ccf1df_6.0.22000.120_none_9d947278b86cc467\COMCTL32.dll
0x00007ffb05ab0000 - 0x00007ffb05ad9000 	C:\WINDOWS\System32\GDI32.dll
0x00007ffb064a0000 - 0x00007ffb06543000 	C:\WINDOWS\System32\msvcrt.dll
0x00007ffb05610000 - 0x00007ffb05728000 	C:\WINDOWS\System32\gdi32full.dll
0x00007ffb057d0000 - 0x00007ffb0586d000 	C:\WINDOWS\System32\msvcp_win.dll
0x00007ffb074a0000 - 0x00007ffb074d1000 	C:\WINDOWS\System32\IMM32.DLL
0x00007ffafa4a0000 - 0x00007ffafa4ac000 	C:\Users\karel\.jdks\openjdk-17.0.1\bin\vcruntime140_1.dll
0x00007ffae7620000 - 0x00007ffae76ad000 	C:\Users\karel\.jdks\openjdk-17.0.1\bin\msvcp140.dll
0x00007ffaaa480000 - 0x00007ffaab03e000 	C:\Users\karel\.jdks\openjdk-17.0.1\bin\server\jvm.dll
0x00007ffb05a00000 - 0x00007ffb05aae000 	C:\WINDOWS\System32\ADVAPI32.dll
0x00007ffb06000000 - 0x00007ffb0609e000 	C:\WINDOWS\System32\sechost.dll
0x00007ffb07640000 - 0x00007ffb07760000 	C:\WINDOWS\System32\RPCRT4.dll
0x00007ffb07490000 - 0x00007ffb07498000 	C:\WINDOWS\System32\PSAPI.DLL
0x00007ffaefb40000 - 0x00007ffaefb73000 	C:\WINDOWS\SYSTEM32\WINMM.dll
0x00007ffaef120000 - 0x00007ffaef129000 	C:\WINDOWS\SYSTEM32\WSOCK32.dll
0x00007ffafc900000 - 0x00007ffafc90a000 	C:\WINDOWS\SYSTEM32\VERSION.dll
0x00007ffb05990000 - 0x00007ffb059ff000 	C:\WINDOWS\System32\WS2_32.dll
0x00007ffb04170000 - 0x00007ffb04188000 	C:\WINDOWS\SYSTEM32\kernel.appcore.dll
0x00007ffaf5d80000 - 0x00007ffaf5d8a000 	C:\Users\karel\.jdks\openjdk-17.0.1\bin\jimage.dll
0x00007ffb02ab0000 - 0x00007ffb02cd1000 	C:\WINDOWS\SYSTEM32\DBGHELP.DLL
0x00007ffafa750000 - 0x00007ffafa781000 	C:\WINDOWS\SYSTEM32\dbgcore.DLL
0x00007ffb05300000 - 0x00007ffb0537f000 	C:\WINDOWS\System32\bcryptPrimitives.dll
0x00007ffaf5350000 - 0x00007ffaf5375000 	C:\Users\karel\.jdks\openjdk-17.0.1\bin\java.dll
0x00007ffae7540000 - 0x00007ffae7616000 	C:\Users\karel\.jdks\openjdk-17.0.1\bin\svml.dll
0x00007ffb06640000 - 0x00007ffb06df8000 	C:\WINDOWS\System32\SHELL32.dll
0x00007ffb03100000 - 0x00007ffb03968000 	C:\WINDOWS\SYSTEM32\windows.storage.dll
0x00007ffb05b70000 - 0x00007ffb05ee9000 	C:\WINDOWS\System32\combase.dll
0x00007ffb02f90000 - 0x00007ffb030f6000 	C:\WINDOWS\SYSTEM32\wintypes.dll
0x00007ffb074e0000 - 0x00007ffb075ca000 	C:\WINDOWS\System32\SHCORE.dll
0x00007ffb05ef0000 - 0x00007ffb05f4d000 	C:\WINDOWS\System32\shlwapi.dll
0x00007ffb04eb0000 - 0x00007ffb04ed1000 	C:\WINDOWS\SYSTEM32\profapi.dll
0x00007ffaedf80000 - 0x00007ffaedf99000 	C:\Users\karel\.jdks\openjdk-17.0.1\bin\net.dll
0x00007ffaffc60000 - 0x00007ffaffd6c000 	C:\WINDOWS\SYSTEM32\WINHTTP.dll
0x00007ffb045a0000 - 0x00007ffb04607000 	C:\WINDOWS\system32\mswsock.dll
0x00007ffaedf60000 - 0x00007ffaedf75000 	C:\Users\karel\.jdks\openjdk-17.0.1\bin\nio.dll
0x00007ffaedf40000 - 0x00007ffaedf58000 	C:\Users\karel\.jdks\openjdk-17.0.1\bin\zip.dll
0x00007ffaee590000 - 0x00007ffaee5f4000 	C:\Users\karel\AppData\Local\Temp\lwjglkarel\3.2.3-build-13\lwjgl.dll
0x00007ffaee520000 - 0x00007ffaee582000 	C:\Users\karel\AppData\Local\Temp\lwjglkarel\3.2.3-build-13\glfw.dll
0x00007ffb01ee0000 - 0x00007ffb01f8c000 	C:\WINDOWS\system32\uxtheme.dll
0x00007ffaf5920000 - 0x00007ffaf5965000 	C:\WINDOWS\SYSTEM32\dinput8.dll
0x00007ffb00960000 - 0x00007ffb00971000 	C:\WINDOWS\SYSTEM32\xinput1_4.dll
0x00007ffb04ca0000 - 0x00007ffb04cec000 	C:\WINDOWS\SYSTEM32\cfgmgr32.dll
0x00007ffb04c50000 - 0x00007ffb04c7c000 	C:\WINDOWS\SYSTEM32\DEVOBJ.dll
0x00007ffb02550000 - 0x00007ffb0257f000 	C:\WINDOWS\SYSTEM32\dwmapi.dll
0x00007ffac8010000 - 0x00007ffac81d9000 	C:\WINDOWS\SYSTEM32\inputhost.dll
0x00007ffb01b00000 - 0x00007ffb01c32000 	C:\WINDOWS\SYSTEM32\CoreMessaging.dll
0x00007ffa8a950000 - 0x00007ffa8aa81000 	C:\ProgramData\A-Volute\A-Volute.SonicStudio3\Modules\ScheduledModules\x64\AudioDevProps2.dll
0x00007ffb072f0000 - 0x00007ffb0748a000 	C:\WINDOWS\System32\ole32.dll
0x00007ffb07770000 - 0x00007ffb0788e000 	C:\WINDOWS\System32\MSCTF.dll
0x00007ffb04800000 - 0x00007ffb0480c000 	C:\WINDOWS\SYSTEM32\CRYPTBASE.DLL
0x00007ffb03970000 - 0x00007ffb0397e000 	C:\WINDOWS\SYSTEM32\HID.DLL
0x00007ffb06e80000 - 0x00007ffb072ec000 	C:\WINDOWS\System32\SETUPAPI.DLL
0x00007ffb05730000 - 0x00007ffb05797000 	C:\WINDOWS\System32\WINTRUST.dll
0x00007ffb05380000 - 0x00007ffb054e2000 	C:\WINDOWS\System32\CRYPT32.dll
0x00007ffb04840000 - 0x00007ffb04852000 	C:\WINDOWS\SYSTEM32\MSASN1.dll
0x00007ffacce20000 - 0x00007ffaccf21000 	C:\WINDOWS\SYSTEM32\opengl32.dll
0x00007ffaccdb0000 - 0x00007ffaccddd000 	C:\WINDOWS\SYSTEM32\GLU32.dll
0x00007ffb024d0000 - 0x00007ffb02508000 	C:\WINDOWS\SYSTEM32\dxcore.dll
0x00007ffaffd70000 - 0x00007ffaffdb4000 	C:\WINDOWS\SYSTEM32\directxdatabasehelper.dll
0x00007ffb02580000 - 0x00007ffb025b4000 	C:\WINDOWS\SYSTEM32\ntmarta.dll
0x00007ffb05f50000 - 0x00007ffb05fff000 	C:\WINDOWS\System32\clbcatq.dll
0x00007ffa6e530000 - 0x00007ffa71558000 	C:\WINDOWS\System32\DriverStore\FileRepository\nvam.inf_amd64_4c9ded46d0fbe1f8\nvoglv64.dll
0x00007ffb06310000 - 0x00007ffb063e6000 	C:\WINDOWS\System32\OLEAUT32.dll
0x00007ffb004b0000 - 0x00007ffb004c4000 	C:\WINDOWS\SYSTEM32\WTSAPI32.dll
0x00007ffafb4d0000 - 0x00007ffafb501000 	C:\WINDOWS\SYSTEM32\cryptnet.dll
0x00007ffafb380000 - 0x00007ffafb4c9000 	C:\WINDOWS\SYSTEM32\drvstore.dll
0x00007ffb048b0000 - 0x00007ffb048f0000 	C:\WINDOWS\SYSTEM32\wldp.dll
0x00007ffa97c90000 - 0x00007ffa97f55000 	C:\WINDOWS\system32\nvspcap64.dll
0x00007ffb03980000 - 0x00007ffb039cd000 	C:\WINDOWS\SYSTEM32\powrprof.dll
0x00007ffb03a70000 - 0x00007ffb03a83000 	C:\WINDOWS\SYSTEM32\UMPDC.dll
0x00007ffb03c20000 - 0x00007ffb03c83000 	C:\WINDOWS\SYSTEM32\WINSTA.dll
0x00007ffac5e80000 - 0x00007ffac5fad000 	C:\WINDOWS\SYSTEM32\textinputframework.dll
0x00007ffafeb00000 - 0x00007ffafee6d000 	C:\WINDOWS\SYSTEM32\CoreUIComponents.dll
0x00007ffb02390000 - 0x00007ffb02483000 	C:\WINDOWS\system32\dxgi.dll
0x00007ffafe510000 - 0x00007ffafe790000 	C:\WINDOWS\system32\d3d11.dll
0x00007ffaba130000 - 0x00007ffaba1e0000 	C:\WINDOWS\System32\DriverStore\FileRepository\nvam.inf_amd64_4c9ded46d0fbe1f8\nvldumdx.dll
0x00007ffb06e60000 - 0x00007ffb06e7f000 	C:\WINDOWS\System32\imagehlp.dll
0x00007ffb047e0000 - 0x00007ffb047f8000 	C:\WINDOWS\SYSTEM32\CRYPTSP.dll
0x00007ffb040d0000 - 0x00007ffb04105000 	C:\WINDOWS\system32\rsaenh.dll
0x00007ffb04960000 - 0x00007ffb04987000 	C:\WINDOWS\SYSTEM32\bcrypt.dll
0x00007ffa93810000 - 0x00007ffa9615a000 	C:\WINDOWS\System32\DriverStore\FileRepository\nvam.inf_amd64_4c9ded46d0fbe1f8\nvwgf2umx.dll
0x00007ffaf14d0000 - 0x00007ffaf1c38000 	C:\WINDOWS\SYSTEM32\nvapi64.dll
0x00007ffaf8fc0000 - 0x00007ffafa230000 	C:\WINDOWS\System32\DriverStore\FileRepository\iigd_dch.inf_amd64_2ce3ffa204f4b311\igd10iumd64.dll
0x00007ffb04930000 - 0x00007ffb04958000 	C:\WINDOWS\SYSTEM32\ncrypt.dll
0x00007ffb048f0000 - 0x00007ffb04927000 	C:\WINDOWS\SYSTEM32\NTASN1.dll
0x00007ffafb530000 - 0x00007ffafb6d4000 	C:\WINDOWS\System32\DriverStore\FileRepository\iigd_dch.inf_amd64_2ce3ffa204f4b311\igdgmm64.dll
0x00007ffaf6b20000 - 0x00007ffaf8fbb000 	C:\WINDOWS\System32\DriverStore\FileRepository\iigd_dch.inf_amd64_2ce3ffa204f4b311\igc64.dll
0x00007ffaee410000 - 0x00007ffaee469000 	C:\Users\karel\AppData\Local\Temp\lwjglkarel\3.2.3-build-13\lwjgl_opengl.dll
0x00007ffaee390000 - 0x00007ffaee407000 	C:\Users\karel\AppData\Local\Temp\lwjglkarel\3.2.3-build-13\lwjgl_stb.dll
0x00007ffae7870000 - 0x00007ffae7880000 	C:\Users\karel\.jdks\openjdk-17.0.1\bin\verify.dll

dbghelp: loaded successfully - version: 4.0.5 - missing functions: none
symbol engine: initialized successfully - sym options: 0x614 - pdb path: .;C:\Users\karel\.jdks\openjdk-17.0.1\bin;C:\WINDOWS\SYSTEM32;C:\Program Files\Avast Software\Avast;C:\WINDOWS\WinSxS\amd64_microsoft.windows.common-controls_6595b64144ccf1df_6.0.22000.120_none_9d947278b86cc467;C:\Users\karel\.jdks\openjdk-17.0.1\bin\server;C:\Users\karel\AppData\Local\Temp\lwjglkarel\3.2.3-build-13;C:\ProgramData\A-Volute\A-Volute.SonicStudio3\Modules\ScheduledModules\x64;C:\WINDOWS\System32\DriverStore\FileRepository\nvam.inf_amd64_4c9ded46d0fbe1f8;C:\WINDOWS\System32\DriverStore\FileRepository\iigd_dch.inf_amd64_2ce3ffa204f4b311

VM Arguments:
jvm_args: -Dfile.encoding=windows-1252 -Duser.country=GB -Duser.language=en -Duser.variant 
java_command: windowStuff.Main
java_class_path (initial): C:\Users\karel\Documents\programming\Gloriousness\build\classes\java\main;C:\Users\karel\Documents\programming\Gloriousness\build\resources\main;C:\Users\karel\.gradle\caches\modules-2\files-2.1\org.lwjgl\lwjgl-assimp\3.2.3\f62aa07a20afbdd3097efc296c4841e0d29700eb\lwjgl-assimp-3.2.3.jar;C:\Users\karel\.gradle\caches\modules-2\files-2.1\org.lwjgl\lwjgl-assimp\3.2.3\4e60aeb75f0343c4a9ede4ef8b6b32ca702a00a3\lwjgl-assimp-3.2.3-natives-windows.jar;C:\Users\karel\.gradle\caches\modules-2\files-2.1\org.lwjgl\lwjgl-glfw\3.2.3\5e520d5c290c8b012545a8d34fa5db5ab051ea53\lwjgl-glfw-3.2.3.jar;C:\Users\karel\.gradle\caches\modules-2\files-2.1\org.lwjgl\lwjgl-glfw\3.2.3\b4d8a3477cdc2edcf7a5f1e822926be846223f54\lwjgl-glfw-3.2.3-natives-windows.jar;C:\Users\karel\.gradle\caches\modules-2\files-2.1\org.lwjgl\lwjgl-nfd\3.2.3\c44fee1043c022cf6614a28872d44cf114ca7737\lwjgl-nfd-3.2.3.jar;C:\Users\karel\.gradle\caches\modules-2\files-2.1\org.lwjgl\lwjgl-nfd\3.2.3\32782f5f5c57769efb82af864e70b819c77bc891\lwjgl-nfd-3.2.3-natives-windows.jar;C:\Users\karel\.gradle\caches\modules-2\files-2.1\org.lwjgl\lwjgl-openal\3.2.3\106742e805803ab9eab8e343f0fb31a3d263903c\lwjgl-openal-3.2.3.jar;C:\Users\karel\.gradle\caches\modules-2\files-2.1\org.lwjgl\lwjgl-openal\3.2.3\ec898e8ce11b5886f4f532a1536283ef2817758d\lwjgl-openal-3.2.3-natives-windows.jar;C:\Users\karel\.gradle\caches\modules-2\files-2.1\org.lwjgl\lwjgl-opengl\3.2.3\bdd534a323d0c8f54969b95e424b6ac8984f7d6e\lwjgl-opengl-3.2.3.jar;C:\Users\karel\.gradle\caches\modules-2\files-2.1\org.lwjgl\lwjgl-opengl\3.2.3\e81cfc73ec8708e5e791ed770e4ec3edfc1bbab1\lwjgl-opengl-3.2.3-natives-windows.jar;C:\Users\karel\.gradle\caches\modules-2\files-2.1\org.lwjgl\lwjgl-stb\3.2.3\40eccaa4fa86fc815f2e17946a392fb5fdcc286a\lwjgl-stb-3.2.3.jar;C:\Users\karel\.gradle\caches\modules-2\files-2.1\org.lwjgl\lwjgl-stb\3.2.3\817b21ec286f0ba3dcedb56a3bd275e6a9345be9\lwjgl-stb-3.2.3-natives-windows.jar;C:\Users\karel\.gradle\caches\modules-2\files-
Launcher Type: SUN_STANDARD

[Global flags]
     intx CICompilerCount                          = 4                                         {product} {ergonomic}
     uint ConcGCThreads                            = 3                                         {product} {ergonomic}
     uint G1ConcRefinementThreads                  = 10                                        {product} {ergonomic}
   size_t G1HeapRegionSize                         = 2097152                                   {product} {ergonomic}
    uintx GCDrainStackTargetSize                   = 64                                        {product} {ergonomic}
   size_t InitialHeapSize                          = 266338304                                 {product} {ergonomic}
   size_t MarkStackSize                            = 4194304                                   {product} {ergonomic}
   size_t MaxHeapSize                              = 4240441344                                {product} {ergonomic}
   size_t MaxNewSize                               = 2543845376                                {product} {ergonomic}
   size_t MinHeapDeltaBytes                        = 2097152                                   {product} {ergonomic}
   size_t MinHeapSize                              = 8388608                                   {product} {ergonomic}
    uintx NonNMethodCodeHeapSize                   = 5839372                                {pd product} {ergonomic}
    uintx NonProfiledCodeHeapSize                  = 122909434                              {pd product} {ergonomic}
    uintx ProfiledCodeHeapSize                     = 122909434                              {pd product} {ergonomic}
    uintx ReservedCodeCacheSize                    = 251658240                              {pd product} {ergonomic}
     bool SegmentedCodeCache                       = true                                      {product} {ergonomic}
   size_t SoftMaxHeapSize                          = 4240441344                             {manageable} {ergonomic}
     bool UseCompressedClassPointers               = true                           {product lp64_product} {ergonomic}
     bool UseCompressedOops                        = true                           {product lp64_product} {ergonomic}
     bool UseG1GC                                  = true                                      {product} {ergonomic}
     bool UseLargePagesIndividualAllocation        = false                                  {pd product} {ergonomic}

Logging:
Log output configuration:
 #0: stdout all=warning uptime,level,tags
 #1: stderr all=off uptime,level,tags

Environment Variables:
JAVA_HOME=C:\Program Files\AdoptOpenJDK\jdk-11.0.10.9-hotspot\
PATH=C:\Program Files\NVIDIA GPU Computing Toolkit\CUDA\v11.4\bin;C:\Program Files\NVIDIA GPU Computing Toolkit\CUDA\v11.4\libnvvp;C:\Program Files\AdoptOpenJDK\jdk-11.0.10.9-hotspot\bin;C:\Windows\system32;C:\Windows;C:\Windows\System32\Wbem;C:\Windows\System32\WindowsPowerShell\v1.0\;C:\Windows\System32\OpenSSH\;C:\Program Files (x86)\NVIDIA Corporation\PhysX\Common;C:\Program Files\NVIDIA Corporation\NVIDIA NvDLISR;C:\Program Files\Git\cmd;C:\Program Files\NVIDIA Corporation\Nsight Compute 2021.2.2\;C:\WINDOWS\system32;C:\WINDOWS;C:\WINDOWS\System32\Wbem;C:\WINDOWS\System32\WindowsPowerShell\v1.0\;C:\WINDOWS\System32\OpenSSH\;C:\Program Files\dotnet\;C:\Users\karel\AppData\Local\Programs\Python\Python39\Scripts\;C:\Users\karel\AppData\Local\Programs\Python\Python39\;C:\Users\karel\AppData\Local\Microsoft\WindowsApps;C:\Users\karel\AppData\Local\GitHubDesktop\bin;C:\Program Files\JetBrains\IntelliJ IDEA\bin;;C:\Program Files\CMake\bin;C:\pypy3.7-v7.3.5-win64;C:\Users\karel\.dotnet\tools
USERNAME=karel
OS=Windows_NT
PROCESSOR_IDENTIFIER=Intel64 Family 6 Model 165 Stepping 2, GenuineIntel



---------------  S Y S T E M  ---------------

OS:
 Windows 10 , 64 bit Build 22000 (10.0.22000.708)
OS uptime: 0 days 12:36 hours

CPU: total 12 (initial active 12) (6 cores per cpu, 2 threads per core) family 6 model 165 stepping 2 microcode 0xe0, cx8, cmov, fxsr, ht, mmx, 3dnowpref, sse, sse2, sse3, ssse3, sse4.1, sse4.2, popcnt, lzcnt, tsc, tscinvbit, avx, avx2, aes, erms, clmul, bmi1, bmi2, adx, fma, vzeroupper, clflush, clflushopt

Memory: 4k page, system-wide physical 16169M (5397M free)
TotalPageFile size 22313M (AvailPageFile size 6438M)
current process WorkingSet (physical memory assigned to process): 310M, peak: 311M
current process commit charge ("private bytes"): 595M, peak: 596M

vm_info: OpenJDK 64-Bit Server VM (17.0.1+12-39) for windows-amd64 JRE (17.0.1+12-39), built on Sep 27 2021 18:39:29 by "mach5one" with MS VC++ 16.8 (VS2019)

END.
