#
# A fatal error has been detected by the Java Runtime Environment:
#
#  EXCEPTION_ACCESS_VIOLATION (0xc0000005) at pc=0x00007ffa4c65ddfd, pid=388, tid=8544
#
# JRE version: OpenJDK Runtime Environment (17.0.1+12) (build 17.0.1+12-39)
# Java VM: OpenJDK 64-Bit Server VM (17.0.1+12-39, mixed mode, sharing, tiered, compressed oops, compressed class ptrs, g1 gc, windows-amd64)
# Problematic frame:
# C  [lwjgl_opengl.dll+0xddfd]
#
# No core dump will be written. Minidumps are not enabled by default on client versions of Windows
#
# If you would like to submit a bug report, please visit:
#   https://bugreport.java.com/bugreport/crash.jsp
# The crash happened outside the Java Virtual Machine in native code.
# See problematic frame for where to report the bug.
#

---------------  S U M M A R Y ------------

Command Line: -Dfile.encoding=windows-1252 -Duser.country=GB -Duser.language=en -Duser.variant -ea windowStuff.Main

Host: Intel(R) Core(TM) i7-10750H CPU @ 2.60GHz, 12 cores, 15G,  Windows 10 , 64 bit Build 22621 (10.0.22621.1344)
Time: Sat Apr  8 18:03:45 2023 Central Europe Summer Time elapsed time: 1.679595 seconds (0d 0h 0m 1s)

---------------  T H R E A D  ---------------

Current thread (0x0000029dcbef6830):  JavaThread "main" [_thread_in_native, id=8544, stack(0x000000f4aca00000,0x000000f4acb00000)]

Stack: [0x000000f4aca00000,0x000000f4acb00000],  sp=0x000000f4acafd0c8,  free space=1012k
Native frames: (J=compiled Java code, j=interpreted, Vv=VM code, C=native code)
C  [lwjgl_opengl.dll+0xddfd]

Java frames: (J=compiled Java code, j=interpreted, Vv=VM code)
j  org.lwjgl.opengl.GL15C.nglGenBuffers(IJ)V+0
j  org.lwjgl.opengl.GL15C.glGenBuffers()I+20
j  windowStuff.Graphics.<clinit>()V+0
v  ~StubRoutines::call_stub
j  Game.Game.<init>()V+112
j  Game.Game$SingletonHolder.<clinit>()V+4
v  ~StubRoutines::call_stub
j  Game.Game.get()LGame/Game;+0
j  windowStuff.Window.<init>()V+116
j  windowStuff.Window$SingletonHolder.<clinit>()V+4
v  ~StubRoutines::call_stub
j  windowStuff.Window.get()LwindowStuff/Window;+0
j  windowStuff.Main.main([Ljava/lang/String;)V+9
v  ~StubRoutines::call_stub

siginfo: EXCEPTION_ACCESS_VIOLATION (0xc0000005), reading address 0x0000000000000d98


Register to memory mapping:

RIP=0x00007ffa4c65ddfd lwjgl_opengl.dll
RAX=0x0000029df01f8b10 points into unknown readable memory: 0x0000000000000000 | 00 00 00 00 00 00 00 00
RBX={method} {0x0000029def4ed068} 'nglGenBuffers' '(IJ)V' in 'org/lwjgl/opengl/GL15C'
RCX=0x0000000000000001 is an unknown value
RDX=0x0000029df0209cec points into unknown readable memory: 00 00 00 00
RSP=0x000000f4acafd0c8 is pointing into the stack for thread: 0x0000029dcbef6830
RBP=0x000000f4acafd158 is pointing into the stack for thread: 0x0000029dcbef6830
RSI=0x0000029def11e608 is pointing into metadata
RDI=0x0000000000000001 is an unknown value
R8 =0x0000000000000001 is an unknown value
R9 =0x0000029df0209cec points into unknown readable memory: 00 00 00 00
R10=0x0 is NULL
R11=0x00000007124566d0 is an oop: java.lang.Class 
{0x00000007124566d0} - klass: 'java/lang/Class'
 - ---- fields (total size 28 words):
 - private volatile transient 'classRedefinedCount' 'I' @12  0
 - private volatile transient 'cachedConstructor' 'Ljava/lang/reflect/Constructor;' @40  NULL (0)
 - private transient 'name' 'Ljava/lang/String;' @44  "org.lwjgl.opengl.GL15C"{0x00000007124567c0} (e248acf8)
 - private transient 'module' 'Ljava/lang/Module;' @48  a 'java/lang/Module'{0x00000007130fa2d8} (e261f45b)
 - private final 'classLoader' 'Ljava/lang/ClassLoader;' @52  a 'jdk/internal/loader/ClassLoaders$AppClassLoader'{0x00000007130fa118} (e261f423)
 - private transient 'classData' 'Ljava/lang/Object;' @56  NULL (0)
 - private transient 'packageName' 'Ljava/lang/String;' @60  "org.lwjgl.opengl"{0x00000007127fd078} (e24ffa0f)
 - private final 'componentType' 'Ljava/lang/Class;' @64  NULL (0)
 - private volatile transient 'reflectionData' 'Ljava/lang/ref/SoftReference;' @68  NULL (0)
 - private volatile transient 'genericInfo' 'Lsun/reflect/generics/repository/ClassRepository;' @72  NULL (0)
 - private volatile transient 'enumConstants' '[Ljava/lang/Object;' @76  NULL (0)
 - private volatile transient 'enumConstantDirectory' 'Ljava/util/Map;' @80  NULL (0)
 - private volatile transient 'annotationData' 'Ljava/lang/Class$AnnotationData;' @84  NULL (0)
 - private volatile transient 'annotationType' 'Lsun/reflect/annotation/AnnotationType;' @88  NULL (0)
 - transient 'classValueMap' 'Ljava/lang/ClassValue$ClassValueMap;' @92  NULL (0)
 - signature: Lorg/lwjgl/opengl/GL15C;
 - fake entry for mirror: 'org/lwjgl/opengl/GL15C'
 - fake entry for array: NULL
 - fake entry for oop_size: 28
 - fake entry for static_oop_field_count: 0
 - public static final 'GL_SRC1_ALPHA' 'I' @112  34185 (8589)
 - public static final 'GL_ARRAY_BUFFER' 'I' @116  34962 (8892)
 - public static final 'GL_ELEMENT_ARRAY_BUFFER' 'I' @120  34963 (8893)
 - public static final 'GL_ARRAY_BUFFER_BINDING' 'I' @124  34964 (8894)
 - public static final 'GL_ELEMENT_ARRAY_BUFFER_BINDING' 'I' @128  34965 (8895)
 - public static final 'GL_VERTEX_ATTRIB_ARRAY_BUFFER_BINDING' 'I' @132  34975 (889f)
 - public static final 'GL_STREAM_DRAW' 'I' @136  35040 (88e0)
 - public static final 'GL_STREAM_READ' 'I' @140  35041 (88e1)
 - public static final 'GL_STREAM_COPY' 'I' @144  35042 (88e2)
 - public static final 'GL_STATIC_DRAW' 'I' @148  35044 (88e4)
 - public static final 'GL_STATIC_READ' 'I' @152  35045 (88e5)
 - public static final 'GL_STATIC_COPY' 'I' @156  35046 (88e6)
 - public static final 'GL_DYNAMIC_DRAW' 'I' @160  35048 (88e8)
 - public static final 'GL_DYNAMIC_READ' 'I' @164  35049 (88e9)
 - public static final 'GL_DYNAMIC_COPY' 'I' @168  35050 (88ea)
 - public static final 'GL_READ_ONLY' 'I' @172  35000 (88b8)
 - public static final 'GL_WRITE_ONLY' 'I' @176  35001 (88b9)
 - public static final 'GL_READ_WRITE' 'I' @180  35002 (88ba)
 - public static final 'GL_BUFFER_SIZE' 'I' @184  34660 (8764)
 - public static final 'GL_BUFFER_USAGE' 'I' @188  34661 (8765)
 - public static final 'GL_BUFFER_ACCESS' 'I' @192  35003 (88bb)
 - public static final 'GL_BUFFER_MAPPED' 'I' @196  35004 (88bc)
 - public static final 'GL_BUFFER_MAP_POINTER' 'I' @200  35005 (88bd)
 - public static final 'GL_SAMPLES_PASSED' 'I' @204  35092 (8914)
 - public static final 'GL_QUERY_COUNTER_BITS' 'I' @208  34916 (8864)
 - public static final 'GL_CURRENT_QUERY' 'I' @212  34917 (8865)
 - public static final 'GL_QUERY_RESULT' 'I' @216  34918 (8866)
 - public static final 'GL_QUERY_RESULT_AVAILABLE' 'I' @220  34919 (8867)
R12=0x0 is NULL
R13={method} {0x0000029def4ed068} 'nglGenBuffers' '(IJ)V' in 'org/lwjgl/opengl/GL15C'
R14=0x000000f4acafd188 is pointing into the stack for thread: 0x0000029dcbef6830
R15=0x0000029dcbef6830 is a thread


Registers:
RAX=0x0000029df01f8b10, RBX=0x0000029def4ed060, RCX=0x0000000000000001, RDX=0x0000029df0209cec
RSP=0x000000f4acafd0c8, RBP=0x000000f4acafd158, RSI=0x0000029def11e608, RDI=0x0000000000000001
R8 =0x0000000000000001, R9 =0x0000029df0209cec, R10=0x0000000000000000, R11=0x00000007124566d0
R12=0x0000000000000000, R13=0x0000029def4ed060, R14=0x000000f4acafd188, R15=0x0000029dcbef6830
RIP=0x00007ffa4c65ddfd, EFLAGS=0x0000000000010206

Top of Stack: (sp=0x000000f4acafd0c8)
0x000000f4acafd0c8:   0000029dd36dd621 0000000000000001
0x000000f4acafd0d8:   0000029dd36dd33c 0000029def4ed060
0x000000f4acafd0e8:   0000029def11e608 000000f4acafd108
0x000000f4acafd0f8:   000000f4acafd170 0000029dd36d95cd
0x000000f4acafd108:   0000029dd36dd2f6 000000f4acafd110
0x000000f4acafd118:   0000029def4ed060 000000f4acafd188
0x000000f4acafd128:   0000029def509948 0000000000000000
0x000000f4acafd138:   00000007124566d0 0000029def4ed060
0x000000f4acafd148:   0000000000000000 000000f4acafd178
0x000000f4acafd158:   000000f4acafd1d8 0000029dd36d94fe
0x000000f4acafd168:   00000007124566d0 0000029dd36daf78
0x000000f4acafd178:   0000029df0209cec 0000000000000000
0x000000f4acafd188:   0000000000000001 000000f4acafd190
0x000000f4acafd198:   0000029def4ed1d4 000000f4acafd208
0x000000f4acafd1a8:   0000029def509948 0000000000000000
0x000000f4acafd1b8:   00000007124566d0 0000029def4ed240 

Instructions: (pc=0x00007ffa4c65ddfd)
0x00007ffa4c65dcfd:   cc cc cc 48 8b 01 0f 28 cb 41 8b c8 48 8b 50 18
0x00007ffa4c65dd0d:   48 ff a2 58 0c 00 00 cc cc cc cc cc cc cc cc cc
0x00007ffa4c65dd1d:   cc cc cc 48 8b 01 41 8b d1 41 8b c8 4c 8b 50 18
0x00007ffa4c65dd2d:   49 ff a2 60 0c 00 00 cc cc cc cc cc cc cc cc cc
0x00007ffa4c65dd3d:   cc cc cc 48 8b 01 49 8b d1 41 8b c8 4c 8b 50 18
0x00007ffa4c65dd4d:   49 ff a2 68 0c 00 00 cc cc cc cc cc cc cc cc cc
0x00007ffa4c65dd5d:   cc cc cc 48 8b 01 49 8b d1 41 8b c8 4c 8b 50 18
0x00007ffa4c65dd6d:   49 ff a2 70 0c 00 00 cc cc cc cc cc cc cc cc cc
0x00007ffa4c65dd7d:   cc cc cc 40 53 48 8b 01 41 8b d8 44 8b 44 24 30
0x00007ffa4c65dd8d:   41 8b d1 44 8b 4c 24 38 8b cb 4c 8b 50 18 5b 49
0x00007ffa4c65dd9d:   ff a2 00 0d 00 00 cc cc cc cc cc cc cc cc cc cc
0x00007ffa4c65ddad:   cc cc cc 48 8b 01 41 8b d1 41 8b c8 4c 8b 50 18
0x00007ffa4c65ddbd:   49 ff a2 88 0d 00 00 cc cc cc cc cc cc cc cc cc
0x00007ffa4c65ddcd:   cc cc cc 48 8b 01 49 8b d1 41 8b c8 4c 8b 50 18
0x00007ffa4c65dddd:   49 ff a2 90 0d 00 00 cc cc cc cc cc cc cc cc cc
0x00007ffa4c65dded:   cc cc cc 48 8b 01 49 8b d1 41 8b c8 4c 8b 50 18
0x00007ffa4c65ddfd:   49 ff a2 98 0d 00 00 cc cc cc cc cc cc cc cc cc
0x00007ffa4c65de0d:   cc cc cc 48 8b 01 48 8b 48 18 48 8b 81 a0 0d 00
0x00007ffa4c65de1d:   00 41 8b c8 48 ff e0 cc cc cc cc cc cc cc cc cc
0x00007ffa4c65de2d:   cc cc cc 40 53 48 8b 01 41 8b d8 4c 8b 44 24 30
0x00007ffa4c65de3d:   49 8b d1 44 8b 4c 24 38 8b cb 4c 8b 50 18 5b 49
0x00007ffa4c65de4d:   ff a2 a8 0d 00 00 cc cc cc cc cc cc cc cc cc cc
0x00007ffa4c65de5d:   cc cc cc 40 53 48 8b 01 41 8b d8 4c 8b 44 24 30
0x00007ffa4c65de6d:   49 8b d1 4c 8b 4c 24 38 8b cb 4c 8b 50 18 5b 49
0x00007ffa4c65de7d:   ff a2 b0 0d 00 00 cc cc cc cc cc cc cc cc cc cc
0x00007ffa4c65de8d:   cc cc cc 40 53 48 8b 01 41 8b d8 4c 8b 44 24 30
0x00007ffa4c65de9d:   49 8b d1 4c 8b 4c 24 38 8b cb 4c 8b 50 18 5b 49
0x00007ffa4c65dead:   ff a2 b8 0d 00 00 cc cc cc cc cc cc cc cc cc cc
0x00007ffa4c65debd:   cc cc cc 48 8b 01 41 8b d1 48 8b 48 18 48 8b 81
0x00007ffa4c65decd:   c0 0d 00 00 41 8b c8 48 ff e0 cc cc cc cc cc cc
0x00007ffa4c65dedd:   cc cc cc 48 8b 01 48 8b 48 18 48 8b 81 c8 0d 00
0x00007ffa4c65deed:   00 41 8b c8 48 ff e0 cc cc cc cc cc cc cc cc cc 


Stack slot to memory mapping:
stack at sp + 0 slots: 0x0000029dd36dd621 is at code_begin+993 in an Interpreter codelet
method entry point (kind = native)  [0x0000029dd36dd240, 0x0000029dd36ddbc0]  2432 bytes
stack at sp + 1 slots: 0x0000000000000001 is an unknown value
stack at sp + 2 slots: 0x0000029dd36dd33c is at code_begin+252 in an Interpreter codelet
method entry point (kind = native)  [0x0000029dd36dd240, 0x0000029dd36ddbc0]  2432 bytes
stack at sp + 3 slots: {method} {0x0000029def4ed068} 'nglGenBuffers' '(IJ)V' in 'org/lwjgl/opengl/GL15C'
stack at sp + 4 slots: 0x0000029def11e608 is pointing into metadata
stack at sp + 5 slots: 0x000000f4acafd108 is pointing into the stack for thread: 0x0000029dcbef6830
stack at sp + 6 slots: 0x000000f4acafd170 is pointing into the stack for thread: 0x0000029dcbef6830
stack at sp + 7 slots: 0x0000029dd36d95cd is at code_begin+1325 in an Interpreter codelet
return entry points  [0x0000029dd36d90a0, 0x0000029dd36d9ba0]  2816 bytes


---------------  P R O C E S S  ---------------

Threads class SMR info:
_java_thread_list=0x0000029df01de0e0, length=13, elements={
0x0000029dcbef6830, 0x0000029deeec8330, 0x0000029deeec8ee0, 0x0000029deeee1450,
0x0000029deeee1d10, 0x0000029deeee26c0, 0x0000029deeee3070, 0x0000029deeee45a0,
0x0000029deeee7050, 0x0000029deeeec470, 0x0000029def923350, 0x0000029def935640,
0x0000029df2cf4640
}

Java Threads: ( => current thread )
=>0x0000029dcbef6830 JavaThread "main" [_thread_in_native, id=8544, stack(0x000000f4aca00000,0x000000f4acb00000)]
  0x0000029deeec8330 JavaThread "Reference Handler" daemon [_thread_blocked, id=6424, stack(0x000000f4ad100000,0x000000f4ad200000)]
  0x0000029deeec8ee0 JavaThread "Finalizer" daemon [_thread_blocked, id=19304, stack(0x000000f4ad200000,0x000000f4ad300000)]
  0x0000029deeee1450 JavaThread "Signal Dispatcher" daemon [_thread_blocked, id=8172, stack(0x000000f4ad300000,0x000000f4ad400000)]
  0x0000029deeee1d10 JavaThread "Attach Listener" daemon [_thread_blocked, id=12008, stack(0x000000f4ad400000,0x000000f4ad500000)]
  0x0000029deeee26c0 JavaThread "Service Thread" daemon [_thread_blocked, id=8712, stack(0x000000f4ad500000,0x000000f4ad600000)]
  0x0000029deeee3070 JavaThread "Monitor Deflation Thread" daemon [_thread_blocked, id=20832, stack(0x000000f4ad600000,0x000000f4ad700000)]
  0x0000029deeee45a0 JavaThread "C2 CompilerThread0" daemon [_thread_blocked, id=5964, stack(0x000000f4ad700000,0x000000f4ad800000)]
  0x0000029deeee7050 JavaThread "C1 CompilerThread0" daemon [_thread_blocked, id=8852, stack(0x000000f4ad800000,0x000000f4ad900000)]
  0x0000029deeeec470 JavaThread "Sweeper thread" daemon [_thread_blocked, id=20300, stack(0x000000f4ad900000,0x000000f4ada00000)]
  0x0000029def923350 JavaThread "Notification Thread" daemon [_thread_blocked, id=2452, stack(0x000000f4ada00000,0x000000f4adb00000)]
  0x0000029def935640 JavaThread "Common-Cleaner" daemon [_thread_blocked, id=12448, stack(0x000000f4adc00000,0x000000f4add00000)]
  0x0000029df2cf4640 JavaThread "C2 CompilerThread1" daemon [_thread_blocked, id=18744, stack(0x000000f4add00000,0x000000f4ade00000)]

Other Threads:
  0x0000029deeec30f0 VMThread "VM Thread" [stack: 0x000000f4ad000000,0x000000f4ad100000] [id=13904]
  0x0000029dcbf63130 WatcherThread [stack: 0x000000f4adb00000,0x000000f4adc00000] [id=9732]
  0x0000029dcbf43ef0 GCTaskThread "GC Thread#0" [stack: 0x000000f4acb00000,0x000000f4acc00000] [id=15668]
  0x0000029dcbf56b10 ConcurrentGCThread "G1 Main Marker" [stack: 0x000000f4acc00000,0x000000f4acd00000] [id=21384]
  0x0000029dcbf57ef0 ConcurrentGCThread "G1 Conc#0" [stack: 0x000000f4acd00000,0x000000f4ace00000] [id=20816]
  0x0000029dcbfae200 ConcurrentGCThread "G1 Refine#0" [stack: 0x000000f4ace00000,0x000000f4acf00000] [id=17556]
  0x0000029dcbfaeac0 ConcurrentGCThread "G1 Service" [stack: 0x000000f4acf00000,0x000000f4ad000000] [id=10628]

Threads with active compile tasks:

VM state: not at safepoint (normal execution)

VM Mutex/Monitor currently owned by a thread: None

Heap address: 0x0000000703400000, size: 4044 MB, Compressed Oops mode: Zero based, Oop shift amount: 3

CDS archive(s) mapped at: [0x0000000800000000-0x0000000800bc0000-0x0000000800bc0000), size 12320768, SharedBaseAddress: 0x0000000800000000, ArchiveRelocationMode: 0.
Compressed class space mapped at: 0x0000000800c00000-0x0000000840c00000, reserved size: 1073741824
Narrow klass base: 0x0000000800000000, Narrow klass shift: 0, Narrow klass range: 0x100000000

GC Precious Log:
 CPUs: 12 total, 12 available
 Memory: 16169M
 Large Page Support: Disabled
 NUMA Support: Disabled
 Compressed Oops: Enabled (Zero based)
 Heap Region Size: 2M
 Heap Min Capacity: 8M
 Heap Initial Capacity: 254M
 Heap Max Capacity: 4044M
 Pre-touch: Disabled
 Parallel Workers: 10
 Concurrent Workers: 3
 Concurrent Refinement Workers: 10
 Periodic GC: Disabled

Heap:
 garbage-first heap   total 260096K, used 12288K [0x0000000703400000, 0x0000000800000000)
  region size 2048K, 7 young (14336K), 0 survivors (0K)
 Metaspace       used 2469K, committed 2624K, reserved 1056768K
  class space    used 165K, committed 256K, reserved 1048576K

Heap Regions: E=young(eden), S=young(survivor), O=old, HS=humongous(starts), HC=humongous(continues), CS=collection set, F=free, OA=open archive, CA=closed archive, TAMS=top-at-mark-start (previous, next)
|   0|0x0000000703400000, 0x0000000703400000, 0x0000000703600000|  0%| F|  |TAMS 0x0000000703400000, 0x0000000703400000| Untracked 
|   1|0x0000000703600000, 0x0000000703600000, 0x0000000703800000|  0%| F|  |TAMS 0x0000000703600000, 0x0000000703600000| Untracked 
|   2|0x0000000703800000, 0x0000000703800000, 0x0000000703a00000|  0%| F|  |TAMS 0x0000000703800000, 0x0000000703800000| Untracked 
|   3|0x0000000703a00000, 0x0000000703a00000, 0x0000000703c00000|  0%| F|  |TAMS 0x0000000703a00000, 0x0000000703a00000| Untracked 
|   4|0x0000000703c00000, 0x0000000703c00000, 0x0000000703e00000|  0%| F|  |TAMS 0x0000000703c00000, 0x0000000703c00000| Untracked 
|   5|0x0000000703e00000, 0x0000000703e00000, 0x0000000704000000|  0%| F|  |TAMS 0x0000000703e00000, 0x0000000703e00000| Untracked 
|   6|0x0000000704000000, 0x0000000704000000, 0x0000000704200000|  0%| F|  |TAMS 0x0000000704000000, 0x0000000704000000| Untracked 
|   7|0x0000000704200000, 0x0000000704200000, 0x0000000704400000|  0%| F|  |TAMS 0x0000000704200000, 0x0000000704200000| Untracked 
|   8|0x0000000704400000, 0x0000000704400000, 0x0000000704600000|  0%| F|  |TAMS 0x0000000704400000, 0x0000000704400000| Untracked 
|   9|0x0000000704600000, 0x0000000704600000, 0x0000000704800000|  0%| F|  |TAMS 0x0000000704600000, 0x0000000704600000| Untracked 
|  10|0x0000000704800000, 0x0000000704800000, 0x0000000704a00000|  0%| F|  |TAMS 0x0000000704800000, 0x0000000704800000| Untracked 
|  11|0x0000000704a00000, 0x0000000704a00000, 0x0000000704c00000|  0%| F|  |TAMS 0x0000000704a00000, 0x0000000704a00000| Untracked 
|  12|0x0000000704c00000, 0x0000000704c00000, 0x0000000704e00000|  0%| F|  |TAMS 0x0000000704c00000, 0x0000000704c00000| Untracked 
|  13|0x0000000704e00000, 0x0000000704e00000, 0x0000000705000000|  0%| F|  |TAMS 0x0000000704e00000, 0x0000000704e00000| Untracked 
|  14|0x0000000705000000, 0x0000000705000000, 0x0000000705200000|  0%| F|  |TAMS 0x0000000705000000, 0x0000000705000000| Untracked 
|  15|0x0000000705200000, 0x0000000705200000, 0x0000000705400000|  0%| F|  |TAMS 0x0000000705200000, 0x0000000705200000| Untracked 
|  16|0x0000000705400000, 0x0000000705400000, 0x0000000705600000|  0%| F|  |TAMS 0x0000000705400000, 0x0000000705400000| Untracked 
|  17|0x0000000705600000, 0x0000000705600000, 0x0000000705800000|  0%| F|  |TAMS 0x0000000705600000, 0x0000000705600000| Untracked 
|  18|0x0000000705800000, 0x0000000705800000, 0x0000000705a00000|  0%| F|  |TAMS 0x0000000705800000, 0x0000000705800000| Untracked 
|  19|0x0000000705a00000, 0x0000000705a00000, 0x0000000705c00000|  0%| F|  |TAMS 0x0000000705a00000, 0x0000000705a00000| Untracked 
|  20|0x0000000705c00000, 0x0000000705c00000, 0x0000000705e00000|  0%| F|  |TAMS 0x0000000705c00000, 0x0000000705c00000| Untracked 
|  21|0x0000000705e00000, 0x0000000705e00000, 0x0000000706000000|  0%| F|  |TAMS 0x0000000705e00000, 0x0000000705e00000| Untracked 
|  22|0x0000000706000000, 0x0000000706000000, 0x0000000706200000|  0%| F|  |TAMS 0x0000000706000000, 0x0000000706000000| Untracked 
|  23|0x0000000706200000, 0x0000000706200000, 0x0000000706400000|  0%| F|  |TAMS 0x0000000706200000, 0x0000000706200000| Untracked 
|  24|0x0000000706400000, 0x0000000706400000, 0x0000000706600000|  0%| F|  |TAMS 0x0000000706400000, 0x0000000706400000| Untracked 
|  25|0x0000000706600000, 0x0000000706600000, 0x0000000706800000|  0%| F|  |TAMS 0x0000000706600000, 0x0000000706600000| Untracked 
|  26|0x0000000706800000, 0x0000000706800000, 0x0000000706a00000|  0%| F|  |TAMS 0x0000000706800000, 0x0000000706800000| Untracked 
|  27|0x0000000706a00000, 0x0000000706a00000, 0x0000000706c00000|  0%| F|  |TAMS 0x0000000706a00000, 0x0000000706a00000| Untracked 
|  28|0x0000000706c00000, 0x0000000706c00000, 0x0000000706e00000|  0%| F|  |TAMS 0x0000000706c00000, 0x0000000706c00000| Untracked 
|  29|0x0000000706e00000, 0x0000000706e00000, 0x0000000707000000|  0%| F|  |TAMS 0x0000000706e00000, 0x0000000706e00000| Untracked 
|  30|0x0000000707000000, 0x0000000707000000, 0x0000000707200000|  0%| F|  |TAMS 0x0000000707000000, 0x0000000707000000| Untracked 
|  31|0x0000000707200000, 0x0000000707200000, 0x0000000707400000|  0%| F|  |TAMS 0x0000000707200000, 0x0000000707200000| Untracked 
|  32|0x0000000707400000, 0x0000000707400000, 0x0000000707600000|  0%| F|  |TAMS 0x0000000707400000, 0x0000000707400000| Untracked 
|  33|0x0000000707600000, 0x0000000707600000, 0x0000000707800000|  0%| F|  |TAMS 0x0000000707600000, 0x0000000707600000| Untracked 
|  34|0x0000000707800000, 0x0000000707800000, 0x0000000707a00000|  0%| F|  |TAMS 0x0000000707800000, 0x0000000707800000| Untracked 
|  35|0x0000000707a00000, 0x0000000707a00000, 0x0000000707c00000|  0%| F|  |TAMS 0x0000000707a00000, 0x0000000707a00000| Untracked 
|  36|0x0000000707c00000, 0x0000000707c00000, 0x0000000707e00000|  0%| F|  |TAMS 0x0000000707c00000, 0x0000000707c00000| Untracked 
|  37|0x0000000707e00000, 0x0000000707e00000, 0x0000000708000000|  0%| F|  |TAMS 0x0000000707e00000, 0x0000000707e00000| Untracked 
|  38|0x0000000708000000, 0x0000000708000000, 0x0000000708200000|  0%| F|  |TAMS 0x0000000708000000, 0x0000000708000000| Untracked 
|  39|0x0000000708200000, 0x0000000708200000, 0x0000000708400000|  0%| F|  |TAMS 0x0000000708200000, 0x0000000708200000| Untracked 
|  40|0x0000000708400000, 0x0000000708400000, 0x0000000708600000|  0%| F|  |TAMS 0x0000000708400000, 0x0000000708400000| Untracked 
|  41|0x0000000708600000, 0x0000000708600000, 0x0000000708800000|  0%| F|  |TAMS 0x0000000708600000, 0x0000000708600000| Untracked 
|  42|0x0000000708800000, 0x0000000708800000, 0x0000000708a00000|  0%| F|  |TAMS 0x0000000708800000, 0x0000000708800000| Untracked 
|  43|0x0000000708a00000, 0x0000000708a00000, 0x0000000708c00000|  0%| F|  |TAMS 0x0000000708a00000, 0x0000000708a00000| Untracked 
|  44|0x0000000708c00000, 0x0000000708c00000, 0x0000000708e00000|  0%| F|  |TAMS 0x0000000708c00000, 0x0000000708c00000| Untracked 
|  45|0x0000000708e00000, 0x0000000708e00000, 0x0000000709000000|  0%| F|  |TAMS 0x0000000708e00000, 0x0000000708e00000| Untracked 
|  46|0x0000000709000000, 0x0000000709000000, 0x0000000709200000|  0%| F|  |TAMS 0x0000000709000000, 0x0000000709000000| Untracked 
|  47|0x0000000709200000, 0x0000000709200000, 0x0000000709400000|  0%| F|  |TAMS 0x0000000709200000, 0x0000000709200000| Untracked 
|  48|0x0000000709400000, 0x0000000709400000, 0x0000000709600000|  0%| F|  |TAMS 0x0000000709400000, 0x0000000709400000| Untracked 
|  49|0x0000000709600000, 0x0000000709600000, 0x0000000709800000|  0%| F|  |TAMS 0x0000000709600000, 0x0000000709600000| Untracked 
|  50|0x0000000709800000, 0x0000000709800000, 0x0000000709a00000|  0%| F|  |TAMS 0x0000000709800000, 0x0000000709800000| Untracked 
|  51|0x0000000709a00000, 0x0000000709a00000, 0x0000000709c00000|  0%| F|  |TAMS 0x0000000709a00000, 0x0000000709a00000| Untracked 
|  52|0x0000000709c00000, 0x0000000709c00000, 0x0000000709e00000|  0%| F|  |TAMS 0x0000000709c00000, 0x0000000709c00000| Untracked 
|  53|0x0000000709e00000, 0x0000000709e00000, 0x000000070a000000|  0%| F|  |TAMS 0x0000000709e00000, 0x0000000709e00000| Untracked 
|  54|0x000000070a000000, 0x000000070a000000, 0x000000070a200000|  0%| F|  |TAMS 0x000000070a000000, 0x000000070a000000| Untracked 
|  55|0x000000070a200000, 0x000000070a200000, 0x000000070a400000|  0%| F|  |TAMS 0x000000070a200000, 0x000000070a200000| Untracked 
|  56|0x000000070a400000, 0x000000070a400000, 0x000000070a600000|  0%| F|  |TAMS 0x000000070a400000, 0x000000070a400000| Untracked 
|  57|0x000000070a600000, 0x000000070a600000, 0x000000070a800000|  0%| F|  |TAMS 0x000000070a600000, 0x000000070a600000| Untracked 
|  58|0x000000070a800000, 0x000000070a800000, 0x000000070aa00000|  0%| F|  |TAMS 0x000000070a800000, 0x000000070a800000| Untracked 
|  59|0x000000070aa00000, 0x000000070aa00000, 0x000000070ac00000|  0%| F|  |TAMS 0x000000070aa00000, 0x000000070aa00000| Untracked 
|  60|0x000000070ac00000, 0x000000070ac00000, 0x000000070ae00000|  0%| F|  |TAMS 0x000000070ac00000, 0x000000070ac00000| Untracked 
|  61|0x000000070ae00000, 0x000000070ae00000, 0x000000070b000000|  0%| F|  |TAMS 0x000000070ae00000, 0x000000070ae00000| Untracked 
|  62|0x000000070b000000, 0x000000070b000000, 0x000000070b200000|  0%| F|  |TAMS 0x000000070b000000, 0x000000070b000000| Untracked 
|  63|0x000000070b200000, 0x000000070b200000, 0x000000070b400000|  0%| F|  |TAMS 0x000000070b200000, 0x000000070b200000| Untracked 
|  64|0x000000070b400000, 0x000000070b400000, 0x000000070b600000|  0%| F|  |TAMS 0x000000070b400000, 0x000000070b400000| Untracked 
|  65|0x000000070b600000, 0x000000070b600000, 0x000000070b800000|  0%| F|  |TAMS 0x000000070b600000, 0x000000070b600000| Untracked 
|  66|0x000000070b800000, 0x000000070b800000, 0x000000070ba00000|  0%| F|  |TAMS 0x000000070b800000, 0x000000070b800000| Untracked 
|  67|0x000000070ba00000, 0x000000070ba00000, 0x000000070bc00000|  0%| F|  |TAMS 0x000000070ba00000, 0x000000070ba00000| Untracked 
|  68|0x000000070bc00000, 0x000000070bc00000, 0x000000070be00000|  0%| F|  |TAMS 0x000000070bc00000, 0x000000070bc00000| Untracked 
|  69|0x000000070be00000, 0x000000070be00000, 0x000000070c000000|  0%| F|  |TAMS 0x000000070be00000, 0x000000070be00000| Untracked 
|  70|0x000000070c000000, 0x000000070c000000, 0x000000070c200000|  0%| F|  |TAMS 0x000000070c000000, 0x000000070c000000| Untracked 
|  71|0x000000070c200000, 0x000000070c200000, 0x000000070c400000|  0%| F|  |TAMS 0x000000070c200000, 0x000000070c200000| Untracked 
|  72|0x000000070c400000, 0x000000070c400000, 0x000000070c600000|  0%| F|  |TAMS 0x000000070c400000, 0x000000070c400000| Untracked 
|  73|0x000000070c600000, 0x000000070c600000, 0x000000070c800000|  0%| F|  |TAMS 0x000000070c600000, 0x000000070c600000| Untracked 
|  74|0x000000070c800000, 0x000000070c800000, 0x000000070ca00000|  0%| F|  |TAMS 0x000000070c800000, 0x000000070c800000| Untracked 
|  75|0x000000070ca00000, 0x000000070ca00000, 0x000000070cc00000|  0%| F|  |TAMS 0x000000070ca00000, 0x000000070ca00000| Untracked 
|  76|0x000000070cc00000, 0x000000070cc00000, 0x000000070ce00000|  0%| F|  |TAMS 0x000000070cc00000, 0x000000070cc00000| Untracked 
|  77|0x000000070ce00000, 0x000000070ce00000, 0x000000070d000000|  0%| F|  |TAMS 0x000000070ce00000, 0x000000070ce00000| Untracked 
|  78|0x000000070d000000, 0x000000070d000000, 0x000000070d200000|  0%| F|  |TAMS 0x000000070d000000, 0x000000070d000000| Untracked 
|  79|0x000000070d200000, 0x000000070d200000, 0x000000070d400000|  0%| F|  |TAMS 0x000000070d200000, 0x000000070d200000| Untracked 
|  80|0x000000070d400000, 0x000000070d400000, 0x000000070d600000|  0%| F|  |TAMS 0x000000070d400000, 0x000000070d400000| Untracked 
|  81|0x000000070d600000, 0x000000070d600000, 0x000000070d800000|  0%| F|  |TAMS 0x000000070d600000, 0x000000070d600000| Untracked 
|  82|0x000000070d800000, 0x000000070d800000, 0x000000070da00000|  0%| F|  |TAMS 0x000000070d800000, 0x000000070d800000| Untracked 
|  83|0x000000070da00000, 0x000000070da00000, 0x000000070dc00000|  0%| F|  |TAMS 0x000000070da00000, 0x000000070da00000| Untracked 
|  84|0x000000070dc00000, 0x000000070dc00000, 0x000000070de00000|  0%| F|  |TAMS 0x000000070dc00000, 0x000000070dc00000| Untracked 
|  85|0x000000070de00000, 0x000000070de00000, 0x000000070e000000|  0%| F|  |TAMS 0x000000070de00000, 0x000000070de00000| Untracked 
|  86|0x000000070e000000, 0x000000070e000000, 0x000000070e200000|  0%| F|  |TAMS 0x000000070e000000, 0x000000070e000000| Untracked 
|  87|0x000000070e200000, 0x000000070e200000, 0x000000070e400000|  0%| F|  |TAMS 0x000000070e200000, 0x000000070e200000| Untracked 
|  88|0x000000070e400000, 0x000000070e400000, 0x000000070e600000|  0%| F|  |TAMS 0x000000070e400000, 0x000000070e400000| Untracked 
|  89|0x000000070e600000, 0x000000070e600000, 0x000000070e800000|  0%| F|  |TAMS 0x000000070e600000, 0x000000070e600000| Untracked 
|  90|0x000000070e800000, 0x000000070e800000, 0x000000070ea00000|  0%| F|  |TAMS 0x000000070e800000, 0x000000070e800000| Untracked 
|  91|0x000000070ea00000, 0x000000070ea00000, 0x000000070ec00000|  0%| F|  |TAMS 0x000000070ea00000, 0x000000070ea00000| Untracked 
|  92|0x000000070ec00000, 0x000000070ec00000, 0x000000070ee00000|  0%| F|  |TAMS 0x000000070ec00000, 0x000000070ec00000| Untracked 
|  93|0x000000070ee00000, 0x000000070ee00000, 0x000000070f000000|  0%| F|  |TAMS 0x000000070ee00000, 0x000000070ee00000| Untracked 
|  94|0x000000070f000000, 0x000000070f000000, 0x000000070f200000|  0%| F|  |TAMS 0x000000070f000000, 0x000000070f000000| Untracked 
|  95|0x000000070f200000, 0x000000070f200000, 0x000000070f400000|  0%| F|  |TAMS 0x000000070f200000, 0x000000070f200000| Untracked 
|  96|0x000000070f400000, 0x000000070f400000, 0x000000070f600000|  0%| F|  |TAMS 0x000000070f400000, 0x000000070f400000| Untracked 
|  97|0x000000070f600000, 0x000000070f600000, 0x000000070f800000|  0%| F|  |TAMS 0x000000070f600000, 0x000000070f600000| Untracked 
|  98|0x000000070f800000, 0x000000070f800000, 0x000000070fa00000|  0%| F|  |TAMS 0x000000070f800000, 0x000000070f800000| Untracked 
|  99|0x000000070fa00000, 0x000000070fa00000, 0x000000070fc00000|  0%| F|  |TAMS 0x000000070fa00000, 0x000000070fa00000| Untracked 
| 100|0x000000070fc00000, 0x000000070fc00000, 0x000000070fe00000|  0%| F|  |TAMS 0x000000070fc00000, 0x000000070fc00000| Untracked 
| 101|0x000000070fe00000, 0x000000070fe00000, 0x0000000710000000|  0%| F|  |TAMS 0x000000070fe00000, 0x000000070fe00000| Untracked 
| 102|0x0000000710000000, 0x0000000710000000, 0x0000000710200000|  0%| F|  |TAMS 0x0000000710000000, 0x0000000710000000| Untracked 
| 103|0x0000000710200000, 0x0000000710200000, 0x0000000710400000|  0%| F|  |TAMS 0x0000000710200000, 0x0000000710200000| Untracked 
| 104|0x0000000710400000, 0x0000000710400000, 0x0000000710600000|  0%| F|  |TAMS 0x0000000710400000, 0x0000000710400000| Untracked 
| 105|0x0000000710600000, 0x0000000710600000, 0x0000000710800000|  0%| F|  |TAMS 0x0000000710600000, 0x0000000710600000| Untracked 
| 106|0x0000000710800000, 0x0000000710800000, 0x0000000710a00000|  0%| F|  |TAMS 0x0000000710800000, 0x0000000710800000| Untracked 
| 107|0x0000000710a00000, 0x0000000710a00000, 0x0000000710c00000|  0%| F|  |TAMS 0x0000000710a00000, 0x0000000710a00000| Untracked 
| 108|0x0000000710c00000, 0x0000000710c00000, 0x0000000710e00000|  0%| F|  |TAMS 0x0000000710c00000, 0x0000000710c00000| Untracked 
| 109|0x0000000710e00000, 0x0000000710e00000, 0x0000000711000000|  0%| F|  |TAMS 0x0000000710e00000, 0x0000000710e00000| Untracked 
| 110|0x0000000711000000, 0x0000000711000000, 0x0000000711200000|  0%| F|  |TAMS 0x0000000711000000, 0x0000000711000000| Untracked 
| 111|0x0000000711200000, 0x0000000711200000, 0x0000000711400000|  0%| F|  |TAMS 0x0000000711200000, 0x0000000711200000| Untracked 
| 112|0x0000000711400000, 0x0000000711400000, 0x0000000711600000|  0%| F|  |TAMS 0x0000000711400000, 0x0000000711400000| Untracked 
| 113|0x0000000711600000, 0x0000000711600000, 0x0000000711800000|  0%| F|  |TAMS 0x0000000711600000, 0x0000000711600000| Untracked 
| 114|0x0000000711800000, 0x0000000711800000, 0x0000000711a00000|  0%| F|  |TAMS 0x0000000711800000, 0x0000000711800000| Untracked 
| 115|0x0000000711a00000, 0x0000000711a00000, 0x0000000711c00000|  0%| F|  |TAMS 0x0000000711a00000, 0x0000000711a00000| Untracked 
| 116|0x0000000711c00000, 0x0000000711c00000, 0x0000000711e00000|  0%| F|  |TAMS 0x0000000711c00000, 0x0000000711c00000| Untracked 
| 117|0x0000000711e00000, 0x0000000711e00000, 0x0000000712000000|  0%| F|  |TAMS 0x0000000711e00000, 0x0000000711e00000| Untracked 
| 118|0x0000000712000000, 0x0000000712000000, 0x0000000712200000|  0%| F|  |TAMS 0x0000000712000000, 0x0000000712000000| Untracked 
| 119|0x0000000712200000, 0x0000000712200000, 0x0000000712400000|  0%| F|  |TAMS 0x0000000712200000, 0x0000000712200000| Untracked 
| 120|0x0000000712400000, 0x00000007124e66d8, 0x0000000712600000| 45%| E|  |TAMS 0x0000000712400000, 0x0000000712400000| Complete 
| 121|0x0000000712600000, 0x0000000712800000, 0x0000000712800000|100%| E|CS|TAMS 0x0000000712600000, 0x0000000712600000| Complete 
| 122|0x0000000712800000, 0x0000000712a00000, 0x0000000712a00000|100%| E|CS|TAMS 0x0000000712800000, 0x0000000712800000| Complete 
| 123|0x0000000712a00000, 0x0000000712c00000, 0x0000000712c00000|100%| E|CS|TAMS 0x0000000712a00000, 0x0000000712a00000| Complete 
| 124|0x0000000712c00000, 0x0000000712e00000, 0x0000000712e00000|100%| E|CS|TAMS 0x0000000712c00000, 0x0000000712c00000| Complete 
| 125|0x0000000712e00000, 0x0000000713000000, 0x0000000713000000|100%| E|CS|TAMS 0x0000000712e00000, 0x0000000712e00000| Complete 
| 126|0x0000000713000000, 0x0000000713200000, 0x0000000713200000|100%| E|CS|TAMS 0x0000000713000000, 0x0000000713000000| Complete 

Card table byte_map: [0x0000029de3410000,0x0000029de3c00000] _byte_map_base: 0x0000029ddfbf6000

Marking Bits (Prev, Next): (CMBitMap*) 0x0000029dcbf46520, (CMBitMap*) 0x0000029dcbf46560
 Prev Bits: [0x0000029de43f0000, 0x0000029de8320000)
 Next Bits: [0x0000029de8320000, 0x0000029dec250000)

Polling page: 0x0000029dc9e80000

Metaspace:

Usage:
  Non-class:      2.25 MB used.
      Class:    165.48 KB used.
       Both:      2.41 MB used.

Virtual space:
  Non-class space:        8.00 MB reserved,       2.31 MB ( 29%) committed,  1 nodes.
      Class space:        1.00 GB reserved,     256.00 KB ( <1%) committed,  1 nodes.
             Both:        1.01 GB reserved,       2.56 MB ( <1%) committed. 

Chunk freelists:
   Non-Class:  2.89 MB
       Class:  3.66 MB
        Both:  6.55 MB

MaxMetaspaceSize: unlimited
CompressedClassSpaceSize: 1.00 GB
Initial GC threshold: 21.00 MB
Current GC threshold: 21.00 MB
CDS: on
MetaspaceReclaimPolicy: balanced
 - commit_granule_bytes: 65536.
 - commit_granule_words: 8192.
 - virtual_space_node_default_size: 1048576.
 - enlarge_chunks_in_place: 1.
 - new_chunks_are_fully_committed: 0.
 - uncommit_free_chunks: 1.
 - use_allocation_guard: 0.
 - handle_deallocations: 1.


Internal statistics:

num_allocs_failed_limit: 0.
num_arena_births: 62.
num_arena_deaths: 0.
num_vsnodes_births: 2.
num_vsnodes_deaths: 0.
num_space_committed: 41.
num_space_uncommitted: 0.
num_chunks_returned_to_freelist: 0.
num_chunks_taken_from_freelist: 126.
num_chunk_merges: 0.
num_chunk_splits: 79.
num_chunks_enlarged: 52.
num_purges: 0.
num_inconsistent_stats: 0.

CodeHeap 'non-profiled nmethods': size=120000Kb used=244Kb max_used=244Kb free=119755Kb
 bounds [0x0000029ddb1a0000, 0x0000029ddb410000, 0x0000029de26d0000]
CodeHeap 'profiled nmethods': size=120000Kb used=1070Kb max_used=1070Kb free=118929Kb
 bounds [0x0000029dd3c70000, 0x0000029dd3ee0000, 0x0000029ddb1a0000]
CodeHeap 'non-nmethods': size=5760Kb used=1521Kb max_used=1540Kb free=4238Kb
 bounds [0x0000029dd36d0000, 0x0000029dd3940000, 0x0000029dd3c70000]
 total_blobs=1552 nmethods=627 adapters=838
 compilation: enabled
              stopped_count=0, restarted_count=0
 full_count=0

Compilation events (20 events):
Event: 1.615 Thread 0x0000029deeee7050  618       3       jdk.internal.misc.Unsafe::copyMemoryChecks (21 bytes)
Event: 1.616 Thread 0x0000029deeee7050 nmethod 618 0x0000029dd3d77090 code [0x0000029dd3d77340, 0x0000029dd3d780a8]
Event: 1.616 Thread 0x0000029deeee7050  619       3       java.nio.Buffer::remaining (20 bytes)
Event: 1.616 Thread 0x0000029deeee7050 nmethod 619 0x0000029dd3d78610 code [0x0000029dd3d787a0, 0x0000029dd3d78938]
Event: 1.619 Thread 0x0000029deeee7050  620       3       jdk.internal.loader.URLClassPath$JarLoader::findResource (18 bytes)
Event: 1.619 Thread 0x0000029deeee7050 nmethod 620 0x0000029dd3d78a10 code [0x0000029dd3d78bc0, 0x0000029dd3d78e38]
Event: 1.620 Thread 0x0000029deeee7050  621       3       jdk.internal.jimage.BasicImageReader::getLocationIndex (52 bytes)
Event: 1.620 Thread 0x0000029deeee7050 nmethod 621 0x0000029dd3d78f10 code [0x0000029dd3d79100, 0x0000029dd3d79598]
Event: 1.620 Thread 0x0000029deeee7050  623       3       jdk.internal.jimage.ImageLocation::verify (218 bytes)
Event: 1.622 Thread 0x0000029deeee7050 nmethod 623 0x0000029dd3d79810 code [0x0000029dd3d79ac0, 0x0000029dd3d7a858]
Event: 1.622 Thread 0x0000029deeee7050  622       3       jdk.internal.jimage.ImageStringsReader::hashCode (8 bytes)
Event: 1.622 Thread 0x0000029deeee7050 nmethod 622 0x0000029dd3d7ad90 code [0x0000029dd3d7af40, 0x0000029dd3d7b0f8]
Event: 1.624 Thread 0x0000029deeee45a0 nmethod 600 0x0000029ddb1da310 code [0x0000029ddb1da520, 0x0000029ddb1db1d0]
Event: 1.624 Thread 0x0000029deeee45a0  601       4       java.lang.String::startsWith (138 bytes)
Event: 1.627 Thread 0x0000029deeee7050  624       3       sun.misc.Unsafe::putLong (11 bytes)
Event: 1.628 Thread 0x0000029deeee7050 nmethod 624 0x0000029dd3d7b210 code [0x0000029dd3d7b3a0, 0x0000029dd3d7b4b8]
Event: 1.628 Thread 0x0000029deeee7050  625       3       org.lwjgl.system.MemoryUtil::memPutAddress (29 bytes)
Event: 1.628 Thread 0x0000029deeee7050 nmethod 625 0x0000029dd3d7b590 code [0x0000029dd3d7b740, 0x0000029dd3d7b938]
Event: 1.632 Thread 0x0000029deeee45a0 nmethod 601 0x0000029ddb1dbc90 code [0x0000029ddb1dbe20, 0x0000029ddb1dc058]
Event: 1.632 Thread 0x0000029deeee45a0  612       4       jdk.internal.jimage.ImageStringsReader::unmaskedHashCode (166 bytes)

GC Heap History (0 events):
No events

Deoptimization events (20 events):
Event: 0.420 Thread 0x0000029dcbef6830 DEOPT PACKING pc=0x0000029dd3d1bce5 sp=0x000000f4acafa910
Event: 0.420 Thread 0x0000029dcbef6830 DEOPT UNPACKING pc=0x0000029dd3722b43 sp=0x000000f4acaf9d60 mode 0
Event: 0.430 Thread 0x0000029dcbef6830 DEOPT PACKING pc=0x0000029dd3d1bce5 sp=0x000000f4acaf88b0
Event: 0.430 Thread 0x0000029dcbef6830 DEOPT UNPACKING pc=0x0000029dd3722b43 sp=0x000000f4acaf7d00 mode 0
Event: 0.438 Thread 0x0000029dcbef6830 Uncommon trap: trap_request=0xffffffde fr.pc=0x0000029ddb1c5950 relative=0x0000000000000390
Event: 0.438 Thread 0x0000029dcbef6830 Uncommon trap: reason=class_check action=maybe_recompile pc=0x0000029ddb1c5950 method=java.util.HashMap.getNode(Ljava/lang/Object;)Ljava/util/HashMap$Node; @ 63 c2
Event: 0.438 Thread 0x0000029dcbef6830 DEOPT PACKING pc=0x0000029ddb1c5950 sp=0x000000f4acafae60
Event: 0.438 Thread 0x0000029dcbef6830 DEOPT UNPACKING pc=0x0000029dd37223a3 sp=0x000000f4acafad78 mode 2
Event: 0.448 Thread 0x0000029dcbef6830 DEOPT PACKING pc=0x0000029dd3cb44a6 sp=0x000000f4acaf9960
Event: 0.448 Thread 0x0000029dcbef6830 DEOPT UNPACKING pc=0x0000029dd3722b43 sp=0x000000f4acaf8e10 mode 0
Event: 0.456 Thread 0x0000029dcbef6830 DEOPT PACKING pc=0x0000029dd3d1bce5 sp=0x000000f4acaf9eb0
Event: 0.456 Thread 0x0000029dcbef6830 DEOPT UNPACKING pc=0x0000029dd3722b43 sp=0x000000f4acaf9300 mode 0
Event: 0.475 Thread 0x0000029dcbef6830 Uncommon trap: trap_request=0xffffffde fr.pc=0x0000029ddb1c5950 relative=0x0000000000000390
Event: 0.475 Thread 0x0000029dcbef6830 Uncommon trap: reason=class_check action=maybe_recompile pc=0x0000029ddb1c5950 method=java.util.HashMap.getNode(Ljava/lang/Object;)Ljava/util/HashMap$Node; @ 63 c2
Event: 0.475 Thread 0x0000029dcbef6830 DEOPT PACKING pc=0x0000029ddb1c5950 sp=0x000000f4acafd130
Event: 0.475 Thread 0x0000029dcbef6830 DEOPT UNPACKING pc=0x0000029dd37223a3 sp=0x000000f4acafd048 mode 2
Event: 1.610 Thread 0x0000029dcbef6830 Uncommon trap: trap_request=0xffffffde fr.pc=0x0000029ddb1c59b4 relative=0x00000000000003f4
Event: 1.610 Thread 0x0000029dcbef6830 Uncommon trap: reason=class_check action=maybe_recompile pc=0x0000029ddb1c59b4 method=java.util.HashMap.getNode(Ljava/lang/Object;)Ljava/util/HashMap$Node; @ 128 c2
Event: 1.610 Thread 0x0000029dcbef6830 DEOPT PACKING pc=0x0000029ddb1c59b4 sp=0x000000f4acafacd0
Event: 1.610 Thread 0x0000029dcbef6830 DEOPT UNPACKING pc=0x0000029dd37223a3 sp=0x000000f4acafabe8 mode 2

Classes unloaded (0 events):
No events

Classes redefined (0 events):
No events

Internal exceptions (20 events):
Event: 0.318 Thread 0x0000029dcbef6830 Exception <a 'java/lang/NoSuchMethodError'{0x0000000712817598}: 'void java.lang.invoke.DirectMethodHandle$Holder.invokeSpecial(java.lang.Object, java.lang.Object, java.lang.Object)'> (0x0000000712817598) 
thrown [t:\workspace\open\src\hotspot\share\interpreter\linkResolver.cpp, line 766]
Event: 0.320 Thread 0x0000029dcbef6830 Exception <a 'java/lang/NoSuchMethodError'{0x0000000712825c98}: 'java.lang.Object java.lang.invoke.DirectMethodHandle$Holder.invokeStatic(java.lang.Object, java.lang.Object, int)'> (0x0000000712825c98) 
thrown [t:\workspace\open\src\hotspot\share\interpreter\linkResolver.cpp, line 766]
Event: 0.322 Thread 0x0000029dcbef6830 Exception <a 'java/lang/NoSuchMethodError'{0x0000000712831988}: 'void java.lang.invoke.DelegatingMethodHandle$Holder.delegate(java.lang.Object, java.lang.Object, int, java.lang.Object)'> (0x0000000712831988) 
thrown [t:\workspace\open\src\hotspot\share\interpreter\linkResolver.cpp, line 766]
Event: 0.322 Thread 0x0000029dcbef6830 Exception <a 'java/lang/NoSuchMethodError'{0x0000000712835bc8}: 'int java.lang.invoke.DirectMethodHandle$Holder.invokeSpecial(java.lang.Object, java.lang.Object, java.lang.Object)'> (0x0000000712835bc8) 
thrown [t:\workspace\open\src\hotspot\share\interpreter\linkResolver.cpp, line 766]
Event: 0.374 Thread 0x0000029dcbef6830 Exception <a 'sun/nio/fs/WindowsException'{0x0000000712910960}> (0x0000000712910960) 
thrown [t:\workspace\open\src\hotspot\share\prims\jni.cpp, line 516]
Event: 0.375 Thread 0x0000029dcbef6830 Exception <a 'sun/nio/fs/WindowsException'{0x0000000712910eb0}> (0x0000000712910eb0) 
thrown [t:\workspace\open\src\hotspot\share\prims\jni.cpp, line 516]
Event: 0.391 Thread 0x0000029dcbef6830 Exception <a 'java/lang/NoSuchMethodError'{0x000000071298ce58}: 'int java.lang.invoke.DirectMethodHandle$Holder.invokeStaticInit(java.lang.Object, java.lang.Object, int, long)'> (0x000000071298ce58) 
thrown [t:\workspace\open\src\hotspot\share\interpreter\linkResolver.cpp, line 766]
Event: 0.392 Thread 0x0000029dcbef6830 Exception <a 'java/lang/NoSuchMethodError'{0x0000000712992720}: 'java.lang.Object java.lang.invoke.DirectMethodHandle$Holder.newInvokeSpecial(java.lang.Object, java.lang.Object, int)'> (0x0000000712992720) 
thrown [t:\workspace\open\src\hotspot\share\interpreter\linkResolver.cpp, line 766]
Event: 0.396 Thread 0x0000029dcbef6830 Exception <a 'java/lang/NoSuchMethodError'{0x00000007129acfc0}: 'int java.lang.invoke.DirectMethodHandle$Holder.invokeStaticInit(java.lang.Object, java.lang.Object, long, long)'> (0x00000007129acfc0) 
thrown [t:\workspace\open\src\hotspot\share\interpreter\linkResolver.cpp, line 766]
Event: 0.399 Thread 0x0000029dcbef6830 Exception <a 'java/lang/NoSuchMethodError'{0x00000007129b30d0}: 'java.lang.Object java.lang.invoke.DirectMethodHandle$Holder.newInvokeSpecial(java.lang.Object, java.lang.Object, long)'> (0x00000007129b30d0) 
thrown [t:\workspace\open\src\hotspot\share\interpreter\linkResolver.cpp, line 766]
Event: 0.400 Thread 0x0000029dcbef6830 Exception <a 'java/lang/NoSuchMethodError'{0x00000007129b7118}: 'java.lang.Object java.lang.invoke.Invokers$Holder.linkToTargetMethod(java.lang.Object, long, java.lang.Object)'> (0x00000007129b7118) 
thrown [t:\workspace\open\src\hotspot\share\interpreter\linkResolver.cpp, line 766]
Event: 0.404 Thread 0x0000029dcbef6830 Exception <a 'java/lang/NoSuchMethodError'{0x00000007129be830}: 'int java.lang.invoke.DirectMethodHandle$Holder.invokeStaticInit(java.lang.Object, java.lang.Object, java.lang.Object, long)'> (0x00000007129be830) 
thrown [t:\workspace\open\src\hotspot\share\interpreter\linkResolver.cpp, line 766]
Event: 0.442 Thread 0x0000029dcbef6830 Exception <a 'sun/nio/fs/WindowsException'{0x00000007126e67d8}> (0x00000007126e67d8) 
thrown [t:\workspace\open\src\hotspot\share\prims\jni.cpp, line 516]
Event: 0.442 Thread 0x0000029dcbef6830 Exception <a 'sun/nio/fs/WindowsException'{0x00000007126e6b68}> (0x00000007126e6b68) 
thrown [t:\workspace\open\src\hotspot\share\prims\jni.cpp, line 516]
Event: 0.479 Thread 0x0000029dcbef6830 Exception <a 'sun/nio/fs/WindowsException'{0x00000007127cd488}> (0x00000007127cd488) 
thrown [t:\workspace\open\src\hotspot\share\prims\jni.cpp, line 516]
Event: 0.479 Thread 0x0000029dcbef6830 Exception <a 'sun/nio/fs/WindowsException'{0x00000007127cd7e8}> (0x00000007127cd7e8) 
thrown [t:\workspace\open\src\hotspot\share\prims\jni.cpp, line 516]
Event: 1.615 Thread 0x0000029dcbef6830 Exception <a 'sun/nio/fs/WindowsException'{0x000000071248c0d8}> (0x000000071248c0d8) 
thrown [t:\workspace\open\src\hotspot\share\prims\jni.cpp, line 516]
Event: 1.615 Thread 0x0000029dcbef6830 Exception <a 'sun/nio/fs/WindowsException'{0x000000071248c480}> (0x000000071248c480) 
thrown [t:\workspace\open\src\hotspot\share\prims\jni.cpp, line 516]
Event: 1.624 Thread 0x0000029dcbef6830 Exception <a 'sun/nio/fs/WindowsException'{0x000000071249f290}> (0x000000071249f290) 
thrown [t:\workspace\open\src\hotspot\share\prims\jni.cpp, line 516]
Event: 1.624 Thread 0x0000029dcbef6830 Exception <a 'sun/nio/fs/WindowsException'{0x000000071249f570}> (0x000000071249f570) 
thrown [t:\workspace\open\src\hotspot\share\prims\jni.cpp, line 516]

VM Operations (8 events):
Event: 0.149 Executing VM operation: HandshakeAllThreads
Event: 0.149 Executing VM operation: HandshakeAllThreads done
Event: 0.320 Executing VM operation: HandshakeAllThreads
Event: 0.320 Executing VM operation: HandshakeAllThreads done
Event: 0.366 Executing VM operation: HandshakeAllThreads
Event: 0.366 Executing VM operation: HandshakeAllThreads done
Event: 1.377 Executing VM operation: Cleanup
Event: 1.378 Executing VM operation: Cleanup done

Events (20 events):
Event: 0.409 loading class java/nio/BufferUnderflowException done
Event: 0.444 loading class java/lang/NoSuchFieldError
Event: 0.444 loading class java/lang/NoSuchFieldError done
Event: 0.482 loading class jdk/internal/reflect/UnsafeQualifiedStaticIntegerFieldAccessorImpl
Event: 0.482 loading class jdk/internal/reflect/UnsafeQualifiedStaticIntegerFieldAccessorImpl done
Event: 1.590 Thread 0x0000029def92a850 Thread exited: 0x0000029def92a850
Event: 1.593 loading class java/util/concurrent/BlockingQueue
Event: 1.594 loading class java/util/concurrent/BlockingQueue done
Event: 1.594 loading class java/util/concurrent/LinkedBlockingQueue
Event: 1.594 loading class java/util/AbstractQueue
Event: 1.594 loading class java/util/AbstractQueue done
Event: 1.594 loading class java/util/concurrent/LinkedBlockingQueue done
Event: 1.594 loading class java/util/concurrent/locks/AbstractQueuedSynchronizer$ConditionObject
Event: 1.594 loading class java/util/concurrent/locks/Condition
Event: 1.594 loading class java/util/concurrent/locks/Condition done
Event: 1.594 loading class java/util/concurrent/locks/AbstractQueuedSynchronizer$ConditionObject done
Event: 1.594 loading class java/util/concurrent/LinkedBlockingQueue$Node
Event: 1.594 loading class java/util/concurrent/LinkedBlockingQueue$Node done
Event: 1.617 Loaded shared library C:\Users\karel\AppData\Local\Temp\lwjglkarel\3.3.1-build-7\lwjgl_opengl.dll
Event: 1.629 Thread 0x0000029df2cf4640 Thread added: 0x0000029df2cf4640


Dynamic libraries:
0x00007ff65ab90000 - 0x00007ff65ab9e000 	C:\Users\karel\.jdks\openjdk-17.0.1\bin\java.exe
0x00007ffa7d050000 - 0x00007ffa7d264000 	C:\WINDOWS\SYSTEM32\ntdll.dll
0x00007ffa2ecf0000 - 0x00007ffa2ed09000 	C:\Program Files\Avast Software\Avast\aswhook.dll
0x00007ffa7c060000 - 0x00007ffa7c123000 	C:\WINDOWS\System32\KERNEL32.DLL
0x00007ffa7a800000 - 0x00007ffa7ab9c000 	C:\WINDOWS\System32\KERNELBASE.dll
0x00007ffa7ad40000 - 0x00007ffa7ae51000 	C:\WINDOWS\System32\ucrtbase.dll
0x00007ffa59f80000 - 0x00007ffa59f98000 	C:\Users\karel\.jdks\openjdk-17.0.1\bin\jli.dll
0x00007ffa6c540000 - 0x00007ffa6c55a000 	C:\Users\karel\.jdks\openjdk-17.0.1\bin\VCRUNTIME140.dll
0x00007ffa7c830000 - 0x00007ffa7c9dd000 	C:\WINDOWS\System32\USER32.dll
0x00007ffa7ad10000 - 0x00007ffa7ad36000 	C:\WINDOWS\System32\win32u.dll
0x00007ffa717d0000 - 0x00007ffa71a5e000 	C:\WINDOWS\WinSxS\amd64_microsoft.windows.common-controls_6595b64144ccf1df_6.0.22621.608_none_a9444ca7c10bb01d\COMCTL32.dll
0x00007ffa7c200000 - 0x00007ffa7c229000 	C:\WINDOWS\System32\GDI32.dll
0x00007ffa7c300000 - 0x00007ffa7c3a7000 	C:\WINDOWS\System32\msvcrt.dll
0x00007ffa7a490000 - 0x00007ffa7a5a3000 	C:\WINDOWS\System32\gdi32full.dll
0x00007ffa7a620000 - 0x00007ffa7a6ba000 	C:\WINDOWS\System32\msvcp_win.dll
0x00007ffa7c2c0000 - 0x00007ffa7c2f1000 	C:\WINDOWS\System32\IMM32.DLL
0x00007ffa6c5f0000 - 0x00007ffa6c5fc000 	C:\Users\karel\.jdks\openjdk-17.0.1\bin\vcruntime140_1.dll
0x00007ffa4c8c0000 - 0x00007ffa4c94d000 	C:\Users\karel\.jdks\openjdk-17.0.1\bin\msvcp140.dll
0x00007ff9cbce0000 - 0x00007ff9cc89e000 	C:\Users\karel\.jdks\openjdk-17.0.1\bin\server\jvm.dll
0x00007ffa7ba60000 - 0x00007ffa7bb0e000 	C:\WINDOWS\System32\ADVAPI32.dll
0x00007ffa7b890000 - 0x00007ffa7b934000 	C:\WINDOWS\System32\sechost.dll
0x00007ffa7b770000 - 0x00007ffa7b885000 	C:\WINDOWS\System32\RPCRT4.dll
0x00007ffa7c1f0000 - 0x00007ffa7c1f8000 	C:\WINDOWS\System32\PSAPI.DLL
0x00007ffa5fd40000 - 0x00007ffa5fd49000 	C:\WINDOWS\SYSTEM32\WSOCK32.dll
0x00007ffa72590000 - 0x00007ffa7259a000 	C:\WINDOWS\SYSTEM32\VERSION.dll
0x00007ffa63630000 - 0x00007ffa63664000 	C:\WINDOWS\SYSTEM32\WINMM.dll
0x00007ffa7ae60000 - 0x00007ffa7aed1000 	C:\WINDOWS\System32\WS2_32.dll
0x00007ffa795a0000 - 0x00007ffa795b8000 	C:\WINDOWS\SYSTEM32\kernel.appcore.dll
0x00007ffa5a940000 - 0x00007ffa5a94a000 	C:\Users\karel\.jdks\openjdk-17.0.1\bin\jimage.dll
0x00007ffa77820000 - 0x00007ffa77a4e000 	C:\WINDOWS\SYSTEM32\DBGHELP.DLL
0x00007ffa7c9e0000 - 0x00007ffa7cd69000 	C:\WINDOWS\System32\combase.dll
0x00007ffa7bd50000 - 0x00007ffa7be27000 	C:\WINDOWS\System32\OLEAUT32.dll
0x00007ffa71550000 - 0x00007ffa71582000 	C:\WINDOWS\SYSTEM32\dbgcore.DLL
0x00007ffa7a780000 - 0x00007ffa7a7fb000 	C:\WINDOWS\System32\bcryptPrimitives.dll
0x00007ffa56ab0000 - 0x00007ffa56ad5000 	C:\Users\karel\.jdks\openjdk-17.0.1\bin\java.dll
0x00007ffa44990000 - 0x00007ffa44a66000 	C:\Users\karel\.jdks\openjdk-17.0.1\bin\svml.dll
0x00007ffa7af60000 - 0x00007ffa7b750000 	C:\WINDOWS\System32\SHELL32.dll
0x00007ffa78460000 - 0x00007ffa78d2e000 	C:\WINDOWS\SYSTEM32\windows.storage.dll
0x00007ffa78320000 - 0x00007ffa7845e000 	C:\WINDOWS\SYSTEM32\wintypes.dll
0x00007ffa7b940000 - 0x00007ffa7ba31000 	C:\WINDOWS\System32\SHCORE.dll
0x00007ffa7c000000 - 0x00007ffa7c05e000 	C:\WINDOWS\System32\shlwapi.dll
0x00007ffa7a3c0000 - 0x00007ffa7a3e1000 	C:\WINDOWS\SYSTEM32\profapi.dll
0x00007ffa57dc0000 - 0x00007ffa57dd9000 	C:\Users\karel\.jdks\openjdk-17.0.1\bin\net.dll
0x00007ffa74700000 - 0x00007ffa7482f000 	C:\WINDOWS\SYSTEM32\WINHTTP.dll
0x00007ffa79a40000 - 0x00007ffa79aa9000 	C:\WINDOWS\system32\mswsock.dll
0x00007ffa51d80000 - 0x00007ffa51d95000 	C:\Users\karel\.jdks\openjdk-17.0.1\bin\nio.dll
0x00007ffa51440000 - 0x00007ffa51458000 	C:\Users\karel\.jdks\openjdk-17.0.1\bin\zip.dll
0x00007ffa45340000 - 0x00007ffa453b5000 	C:\Users\karel\AppData\Local\Temp\lwjglkarel\3.3.1-build-7\lwjgl.dll
0x00007ff9f4da0000 - 0x00007ff9f4ff9000 	C:\Users\karel\AppData\Local\Temp\lwjglkarel\3.3.1-build-7\jemalloc.dll
0x00007ffa4c9f0000 - 0x00007ffa4ca51000 	C:\Users\karel\AppData\Local\Temp\lwjglkarel\3.3.1-build-7\glfw.dll
0x00007ffa5a4b0000 - 0x00007ffa5a4f6000 	C:\WINDOWS\SYSTEM32\dinput8.dll
0x00007ffa5ae90000 - 0x00007ffa5aea1000 	C:\WINDOWS\SYSTEM32\xinput1_4.dll
0x00007ffa7a150000 - 0x00007ffa7a19e000 	C:\WINDOWS\SYSTEM32\cfgmgr32.dll
0x00007ffa7a1a0000 - 0x00007ffa7a1cc000 	C:\WINDOWS\SYSTEM32\DEVOBJ.dll
0x00007ffa77c90000 - 0x00007ffa77cbb000 	C:\WINDOWS\SYSTEM32\dwmapi.dll
0x00007ffa62b40000 - 0x00007ffa62d41000 	C:\WINDOWS\SYSTEM32\inputhost.dll
0x00007ffa77170000 - 0x00007ffa772a3000 	C:\WINDOWS\SYSTEM32\CoreMessaging.dll
0x00007ffa77690000 - 0x00007ffa7773b000 	C:\WINDOWS\system32\uxtheme.dll
0x00007ffa34d00000 - 0x00007ffa34e31000 	C:\ProgramData\A-Volute\A-Volute.SonicStudio3\Modules\ScheduledModules\x64\AudioDevProps2.dll
0x00007ffa7cd70000 - 0x00007ffa7cf0c000 	C:\WINDOWS\System32\ole32.dll
0x00007ffa79cc0000 - 0x00007ffa79ccc000 	C:\WINDOWS\SYSTEM32\CRYPTBASE.DLL
0x00007ffa7bbe0000 - 0x00007ffa7bcfe000 	C:\WINDOWS\System32\MSCTF.dll
0x00007ffa3da90000 - 0x00007ffa3db90000 	C:\WINDOWS\SYSTEM32\opengl32.dll
0x00007ffa3d860000 - 0x00007ffa3d88d000 	C:\WINDOWS\SYSTEM32\GLU32.dll
0x00007ffa77a50000 - 0x00007ffa77a86000 	C:\WINDOWS\SYSTEM32\dxcore.dll
0x00007ffa74ce0000 - 0x00007ffa74d29000 	C:\WINDOWS\SYSTEM32\directxdatabasehelper.dll
0x00007ffa7c130000 - 0x00007ffa7c1e0000 	C:\WINDOWS\System32\clbcatq.dll
0x00007ff9c77a0000 - 0x00007ff9ca7c8000 	C:\WINDOWS\System32\DriverStore\FileRepository\nvam.inf_amd64_4c9ded46d0fbe1f8\nvoglv64.dll
0x00007ffa77480000 - 0x00007ffa77494000 	C:\WINDOWS\SYSTEM32\WTSAPI32.dll
0x0000029df1920000 - 0x0000029df1d94000 	C:\WINDOWS\System32\SETUPAPI.dll
0x00007ffa7a130000 - 0x00007ffa7a142000 	C:\WINDOWS\SYSTEM32\msasn1.dll
0x00007ffa71bd0000 - 0x00007ffa71c02000 	C:\WINDOWS\SYSTEM32\cryptnet.dll
0x00007ffa7aba0000 - 0x00007ffa7ad06000 	C:\WINDOWS\System32\CRYPT32.dll
0x00007ffa6ccb0000 - 0x00007ffa6ce08000 	C:\WINDOWS\SYSTEM32\drvstore.dll
0x00007ffa79d50000 - 0x00007ffa79d98000 	C:\WINDOWS\SYSTEM32\wldp.dll
0x00007ffa7a5b0000 - 0x00007ffa7a61b000 	C:\WINDOWS\System32\WINTRUST.dll
0x00007ffa795c0000 - 0x00007ffa795f4000 	C:\WINDOWS\SYSTEM32\ntmarta.dll
0x00007ff9f6ee0000 - 0x00007ff9f71af000 	C:\WINDOWS\system32\nvspcap64.dll
0x00007ffa79370000 - 0x00007ffa793bd000 	C:\WINDOWS\SYSTEM32\powrprof.dll
0x00007ffa79350000 - 0x00007ffa79363000 	C:\WINDOWS\SYSTEM32\UMPDC.dll
0x00007ffa78f70000 - 0x00007ffa78fd6000 	C:\WINDOWS\SYSTEM32\WINSTA.dll
0x00007ffa64450000 - 0x00007ffa6457e000 	C:\WINDOWS\SYSTEM32\textinputframework.dll
0x00007ffa73c40000 - 0x00007ffa73fac000 	C:\WINDOWS\SYSTEM32\CoreUIComponents.dll
0x00007ffa77a90000 - 0x00007ffa77b87000 	C:\WINDOWS\system32\dxgi.dll
0x00007ffa767a0000 - 0x00007ffa769f7000 	C:\WINDOWS\system32\d3d11.dll
0x00007ffa2d360000 - 0x00007ffa2d410000 	C:\WINDOWS\System32\DriverStore\FileRepository\nvam.inf_amd64_4c9ded46d0fbe1f8\nvldumdx.dll
0x00007ffa7b750000 - 0x00007ffa7b76f000 	C:\WINDOWS\System32\imagehlp.dll
0x00007ffa79ca0000 - 0x00007ffa79cbb000 	C:\WINDOWS\SYSTEM32\CRYPTSP.dll
0x00007ffa79510000 - 0x00007ffa79545000 	C:\WINDOWS\system32\rsaenh.dll
0x00007ffa79e40000 - 0x00007ffa79e68000 	C:\WINDOWS\SYSTEM32\bcrypt.dll
0x00007ff9f71b0000 - 0x00007ff9f9afa000 	C:\WINDOWS\System32\DriverStore\FileRepository\nvam.inf_amd64_4c9ded46d0fbe1f8\nvwgf2umx.dll
0x00007ffa69770000 - 0x00007ffa69ed8000 	C:\WINDOWS\SYSTEM32\nvapi64.dll
0x00007ffa6f460000 - 0x00007ffa706d0000 	C:\Windows\System32\DriverStore\FileRepository\iigd_dch.inf_amd64_2ce3ffa204f4b311\igd10iumd64.dll
0x00007ffa79e10000 - 0x00007ffa79e3d000 	C:\WINDOWS\SYSTEM32\ncrypt.dll
0x00007ffa774a0000 - 0x00007ffa77537000 	C:\WINDOWS\SYSTEM32\apphelp.dll
0x00007ffa79dd0000 - 0x00007ffa79e07000 	C:\WINDOWS\SYSTEM32\NTASN1.dll
0x00007ffa6f2b0000 - 0x00007ffa6f454000 	C:\Windows\System32\DriverStore\FileRepository\iigd_dch.inf_amd64_2ce3ffa204f4b311\igdgmm64.dll
0x00007ffa6ce10000 - 0x00007ffa6f2ab000 	C:\Windows\System32\DriverStore\FileRepository\iigd_dch.inf_amd64_2ce3ffa204f4b311\igc64.dll
0x00007ffa4c650000 - 0x00007ffa4c6ad000 	C:\Users\karel\AppData\Local\Temp\lwjglkarel\3.3.1-build-7\lwjgl_opengl.dll

dbghelp: loaded successfully - version: 4.0.5 - missing functions: none
symbol engine: initialized successfully - sym options: 0x614 - pdb path: .;C:\Users\karel\.jdks\openjdk-17.0.1\bin;C:\WINDOWS\SYSTEM32;C:\Program Files\Avast Software\Avast;C:\WINDOWS\WinSxS\amd64_microsoft.windows.common-controls_6595b64144ccf1df_6.0.22621.608_none_a9444ca7c10bb01d;C:\Users\karel\.jdks\openjdk-17.0.1\bin\server;C:\Users\karel\AppData\Local\Temp\lwjglkarel\3.3.1-build-7;C:\ProgramData\A-Volute\A-Volute.SonicStudio3\Modules\ScheduledModules\x64;C:\WINDOWS\System32\DriverStore\FileRepository\nvam.inf_amd64_4c9ded46d0fbe1f8;C:\Windows\System32\DriverStore\FileRepository\iigd_dch.inf_amd64_2ce3ffa204f4b311

VM Arguments:
jvm_args: -Dfile.encoding=windows-1252 -Duser.country=GB -Duser.language=en -Duser.variant -ea 
java_command: windowStuff.Main
java_class_path (initial): C:\Users\karel\Documents\programming\Gloriousness\build\classes\java\main;C:\Users\karel\Documents\programming\Gloriousness\build\resources\main;C:\Users\karel\.gradle\caches\modules-2\files-2.1\org.joml\joml\1.10.5\22566d58af70ad3d72308bab63b8339906deb649\joml-1.10.5.jar;C:\Users\karel\.gradle\caches\modules-2\files-2.1\org.lwjgl\lwjgl-assimp\3.3.1\312072f451794f25670aebb0160ce6ec88aff842\lwjgl-assimp-3.3.1.jar;C:\Users\karel\.gradle\caches\modules-2\files-2.1\org.lwjgl\lwjgl-assimp\3.3.1\bfa2a0d57acbf952b716d0ad8a3acbd7ad9f5639\lwjgl-assimp-3.3.1-natives-windows.jar;C:\Users\karel\.gradle\caches\modules-2\files-2.1\org.lwjgl\lwjgl-bgfx\3.3.1\4243b7d255d885980f10c36edfb678729493685e\lwjgl-bgfx-3.3.1.jar;C:\Users\karel\.gradle\caches\modules-2\files-2.1\org.lwjgl\lwjgl-bgfx\3.3.1\12f22e13c99db9153124dbc17b84fe0233c6f3d5\lwjgl-bgfx-3.3.1-natives-windows.jar;C:\Users\karel\.gradle\caches\modules-2\files-2.1\org.lwjgl\lwjgl-cuda\3.3.1\8b67bd7760450f890eade8f74bfaf0dca10821fe\lwjgl-cuda-3.3.1.jar;C:\Users\karel\.gradle\caches\modules-2\files-2.1\org.lwjgl\lwjgl-egl\3.3.1\8399e6734ad7d97d2e1f865b2c6c5232d5126dca\lwjgl-egl-3.3.1.jar;C:\Users\karel\.gradle\caches\modules-2\files-2.1\org.lwjgl\lwjgl-glfw\3.3.1\cbac1b8d30cb4795149c1ef540f912671a8616d0\lwjgl-glfw-3.3.1.jar;C:\Users\karel\.gradle\caches\modules-2\files-2.1\org.lwjgl\lwjgl-glfw\3.3.1\ed892f945cf7e79c8756796f32d00fa4ceaf573b\lwjgl-glfw-3.3.1-natives-windows.jar;C:\Users\karel\.gradle\caches\modules-2\files-2.1\org.lwjgl\lwjgl-jawt\3.3.1\30330b16b809655d42f4951ece57f425cce43ce2\lwjgl-jawt-3.3.1.jar;C:\Users\karel\.gradle\caches\modules-2\files-2.1\org.lwjgl\lwjgl-jemalloc\3.3.1\a817bcf213db49f710603677457567c37d53e103\lwjgl-jemalloc-3.3.1.jar;C:\Users\karel\.gradle\caches\modules-2\files-2.1\org.lwjgl\lwjgl-jemalloc\3.3.1\948a89b76a16aa324b046ae9308891216ffce5f9\lwjgl-jemalloc-3.3.1-natives-windows.jar;C:\Users\karel\.gradle\caches\modules-2\files-2.1\org.lwjgl\lwjgl-libdivide\3.3.1\e
Launcher Type: SUN_STANDARD

[Global flags]
     intx CICompilerCount                          = 4                                         {product} {ergonomic}
     uint ConcGCThreads                            = 3                                         {product} {ergonomic}
     uint G1ConcRefinementThreads                  = 10                                        {product} {ergonomic}
   size_t G1HeapRegionSize                         = 2097152                                   {product} {ergonomic}
    uintx GCDrainStackTargetSize                   = 64                                        {product} {ergonomic}
   size_t InitialHeapSize                          = 266338304                                 {product} {ergonomic}
   size_t MarkStackSize                            = 4194304                                   {product} {ergonomic}
   size_t MaxHeapSize                              = 4240441344                                {product} {ergonomic}
   size_t MaxNewSize                               = 2543845376                                {product} {ergonomic}
   size_t MinHeapDeltaBytes                        = 2097152                                   {product} {ergonomic}
   size_t MinHeapSize                              = 8388608                                   {product} {ergonomic}
    uintx NonNMethodCodeHeapSize                   = 5839372                                {pd product} {ergonomic}
    uintx NonProfiledCodeHeapSize                  = 122909434                              {pd product} {ergonomic}
    uintx ProfiledCodeHeapSize                     = 122909434                              {pd product} {ergonomic}
    uintx ReservedCodeCacheSize                    = 251658240                              {pd product} {ergonomic}
     bool SegmentedCodeCache                       = true                                      {product} {ergonomic}
   size_t SoftMaxHeapSize                          = 4240441344                             {manageable} {ergonomic}
     bool UseCompressedClassPointers               = true                           {product lp64_product} {ergonomic}
     bool UseCompressedOops                        = true                           {product lp64_product} {ergonomic}
     bool UseG1GC                                  = true                                      {product} {ergonomic}
     bool UseLargePagesIndividualAllocation        = false                                  {pd product} {ergonomic}

Logging:
Log output configuration:
 #0: stdout all=warning uptime,level,tags
 #1: stderr all=off uptime,level,tags

Environment Variables:
JAVA_HOME=C:\Program Files\AdoptOpenJDK\jdk-11.0.10.9-hotspot\
PATH=C:\Program Files\NVIDIA GPU Computing Toolkit\CUDA\v11.4\bin;C:\Program Files\NVIDIA GPU Computing Toolkit\CUDA\v11.4\libnvvp;C:\Program Files\AdoptOpenJDK\jdk-11.0.10.9-hotspot\bin;C:\Windows\system32;C:\Windows;C:\Windows\System32\Wbem;C:\Windows\System32\WindowsPowerShell\v1.0\;C:\Windows\System32\OpenSSH\;C:\Program Files (x86)\NVIDIA Corporation\PhysX\Common;C:\Program Files\NVIDIA Corporation\NVIDIA NvDLISR;C:\Program Files\Git\cmd;C:\Program Files\NVIDIA Corporation\Nsight Compute 2021.2.2\;C:\WINDOWS\system32;C:\WINDOWS;C:\WINDOWS\System32\Wbem;C:\WINDOWS\System32\WindowsPowerShell\v1.0\;C:\WINDOWS\System32\OpenSSH\;C:\WINDOWS\system32;C:\WINDOWS;C:\WINDOWS\System32\Wbem;C:\WINDOWS\System32\WindowsPowerShell\v1.0\;C:\WINDOWS\System32\OpenSSH\;C:\Users\karel\AppData\Local\Programs\Python\Python39\Scripts\;C:\Users\karel\AppData\Local\Programs\Python\Python39\;C:\Users\karel\AppData\Local\Microsoft\WindowsApps;C:\Users\karel\AppData\Local\GitHubDesktop\bin;C:\Program Files\JetBrains\IntelliJ IDEA\bin;;C:\Program Files\CMake\bin;C:\pypy3.7-v7.3.5-win64;
USERNAME=karel
OS=Windows_NT
PROCESSOR_IDENTIFIER=Intel64 Family 6 Model 165 Stepping 2, GenuineIntel



---------------  S Y S T E M  ---------------

OS:
 Windows 10 , 64 bit Build 22621 (10.0.22621.1344)
OS uptime: 0 days 9:18 hours
Hyper-V role detected

CPU: total 12 (initial active 12) (6 cores per cpu, 2 threads per core) family 6 model 165 stepping 2 microcode 0xe0, cx8, cmov, fxsr, ht, mmx, 3dnowpref, sse, sse2, sse3, ssse3, sse4.1, sse4.2, popcnt, lzcnt, tsc, tscinvbit, avx, avx2, aes, erms, clmul, bmi1, bmi2, adx, fma, vzeroupper, clflush, clflushopt, hv

Memory: 4k page, system-wide physical 16169M (4863M free)
TotalPageFile size 25385M (AvailPageFile size 8983M)
current process WorkingSet (physical memory assigned to process): 121M, peak: 121M
current process commit charge ("private bytes"): 453M, peak: 453M

vm_info: OpenJDK 64-Bit Server VM (17.0.1+12-39) for windows-amd64 JRE (17.0.1+12-39), built on Sep 27 2021 18:39:29 by "mach5one" with MS VC++ 16.8 (VS2019)

END.
