#
# A fatal error has been detected by the Java Runtime Environment:
#
#  EXCEPTION_ACCESS_VIOLATION (0xc0000005) at pc=0x00007ffa6dab7a40, pid=9228, tid=23940
#
# JRE version: OpenJDK Runtime Environment (17.0.1+12) (build 17.0.1+12-39)
# Java VM: OpenJDK 64-Bit Server VM (17.0.1+12-39, mixed mode, sharing, tiered, compressed oops, compressed class ptrs, g1 gc, windows-amd64)
# Problematic frame:
# C  [nvoglv64.dll+0x917a40]
#
# No core dump will be written. Minidumps are not enabled by default on client versions of Windows
#
# If you would like to submit a bug report, please visit:
#   https://bugreport.java.com/bugreport/crash.jsp
# The crash happened outside the Java Virtual Machine in native code.
# See problematic frame for where to report the bug.
#

---------------  S U M M A R Y ------------

Command Line: -Dfile.encoding=windows-1252 -Duser.country=GB -Duser.language=en -Duser.variant windowStuff.Main

Host: Intel(R) Core(TM) i7-10750H CPU @ 2.60GHz, 12 cores, 15G,  Windows 10 , 64 bit Build 22000 (10.0.22000.708)
Time: Tue Aug 30 19:23:56 2022 Central Europe Summer Time elapsed time: 31.887158 seconds (0d 0h 0m 31s)

---------------  T H R E A D  ---------------

Current thread (0x000002333a28a530):  JavaThread "main" [_thread_in_native, id=23940, stack(0x000000bf55200000,0x000000bf55300000)]

Stack: [0x000000bf55200000,0x000000bf55300000],  sp=0x000000bf552ff070,  free space=1020k
Native frames: (J=compiled Java code, j=interpreted, Vv=VM code, C=native code)
C  [nvoglv64.dll+0x917a40]

Java frames: (J=compiled Java code, j=interpreted, Vv=VM code)
J 1023  org.lwjgl.opengl.GL11C.nglDrawElements(IIIJ)V (0 bytes) @ 0x000002334adbd776 [0x000002334adbd720+0x0000000000000056]
J 1025 c1 org.lwjgl.opengl.GL11C.glDrawElements(IIIJ)V (8 bytes) @ 0x00000233439bcd6c [0x00000233439bcd20+0x000000000000004c]
J 1020 c1 org.lwjgl.opengl.GL11.glDrawElements(IIIJ)V (8 bytes) @ 0x00000233439bc9ec [0x00000233439bc9a0+0x000000000000004c]
J 1120 c1 windowStuff.Batch.draw()V (122 bytes) @ 0x00000233439e108c [0x00000233439e09a0+0x00000000000006ec]
j  windowStuff.BatchSystem.draw()V+98
J 1112 c1 windowStuff.Graphics.redraw(D)V (63 bytes) @ 0x00000233439dd1b4 [0x00000233439dce20+0x0000000000000394]
J 1105 c1 windowStuff.Window.loop(F)V (36 bytes) @ 0x00000233439db9ac [0x00000233439db740+0x000000000000026c]
j  windowStuff.Window.run()V+79
j  windowStuff.Main.main([Ljava/lang/String;)V+14
v  ~StubRoutines::call_stub

siginfo: EXCEPTION_ACCESS_VIOLATION (0xc0000005), reading address 0x0000000000000000


Register to memory mapping:

RIP=0x00007ffa6dab7a40 nvoglv64.dll
RAX=0x0 is NULL
RBX=0x0 is NULL
RCX=0x00000000ffffffb6 is an unknown value
RDX=0x0000023373bc60d0 points into unknown readable memory: 0x0002001e00000000 | 00 00 00 00 1e 00 02 00
RSP=0x000000bf552ff070 is pointing into the stack for thread: 0x000002333a28a530
RBP=0x000000000000098c is an unknown value
RSI=0x0000000000000258 is an unknown value
RDI=0x0000023361482080 points into unknown readable memory: 0x0000000000000000 | 00 00 00 00 00 00 00 00
R8 =0x0000000000000008 is an unknown value
R9 =0x0000023373bc60ac points into unknown readable memory: 06 60 4c 00
R10=0x0000023373bc60c4 points into unknown readable memory: 20 01 00 00
R11=0x000000000000004a is an unknown value
R12=0x0000023373bc60d0 points into unknown readable memory: 0x0002001e00000000 | 00 00 00 00 1e 00 02 00
R13=0x0000000000001405 is an unknown value
R14=2400 is a compressed pointer to class: 0x0000000800000960
R15=0x0 is NULL


Registers:
RAX=0x0000000000000000, RBX=0x0000000000000000, RCX=0x00000000ffffffb6, RDX=0x0000023373bc60d0
RSP=0x000000bf552ff070, RBP=0x000000000000098c, RSI=0x0000000000000258, RDI=0x0000023361482080
R8 =0x0000000000000008, R9 =0x0000023373bc60ac, R10=0x0000023373bc60c4, R11=0x000000000000004a
R12=0x0000023373bc60d0, R13=0x0000000000001405, R14=0x0000000000000960, R15=0x0000000000000000
RIP=0x00007ffa6dab7a40, EFLAGS=0x0000000000010293

Top of Stack: (sp=0x000000bf552ff070)
0x000000bf552ff070:   0000000706a01780 0000000000018380
0x000000bf552ff080:   0000000000000028 00000233432b464a
0x000000bf552ff090:   0000000000000004 000000bf552ff1e0
0x000000bf552ff0a0:   000002336bde1430 00007ffaaa74603c
0x000000bf552ff0b0:   0000000706a00000 00000233432b46cd
0x000000bf552ff0c0:   0000000000000000 0000000000000000
0x000000bf552ff0d0:   000002333a28a530 0000000703400110
0x000000bf552ff0e0:   0000000000000000 0000000000000000
0x000000bf552ff0f0:   000002336bde1c50 000002334adbd816
0x000000bf552ff100:   000000bf552ff170 0000000000030701
0x000000bf552ff110:   000000bf552ff160 0000000000000722
0x000000bf552ff120:   0000000000001405 0000000000000000
0x000000bf552ff130:   0000000000030700 000002334ad99c36
0x000000bf552ff140:   0000023366b1c2d0 000002333a0f0000
0x000000bf552ff150:   000000bf552ff328 0000000000000000
0x000000bf552ff160:   000000070346d448 00000233432969de 

Instructions: (pc=0x00007ffa6dab7a40)
0x00007ffa6dab7940:   90 00 00 00 4c 8b b4 24 a0 00 00 00 48 8b 9c 24
0x00007ffa6dab7950:   a8 00 00 00 48 83 c4 60 41 5f 41 5d 41 5c 5f 5e
0x00007ffa6dab7960:   c3 4c 8b 4f 40 8b c3 48 8b 4f 50 49 2b c9 48 c1
0x00007ffa6dab7970:   f9 02 85 c9 0f 49 c1 c1 e0 02 3b e8 72 0e 8b d5
0x00007ffa6dab7980:   48 8b cf e8 d8 3d 21 00 4c 8b 4f 40 8b c5 45 89
0x00007ffa6dab7990:   61 04 c1 e0 0b 83 c8 06 41 89 71 08 41 89 01 45
0x00007ffa6dab79a0:   89 69 0c 4d 89 79 10 38 9c 24 98 00 00 00 0f 84
0x00007ffa6dab79b0:   15 01 00 00 4c 8b 57 40 41 8d 4f 0f 83 e1 f0 49
0x00007ffa6dab79c0:   83 c2 18 41 2b cf 0f 57 db d1 f9 49 8b c7 44 8b
0x00007ffa6dab79d0:   c6 66 0f 7f 5c 24 50 49 8d 52 04 03 ca 49 8d 52
0x00007ffa6dab79e0:   04 f7 d9 83 e1 0f 48 03 d1 4c 8b e2 41 f6 c7 0f
0x00007ffa6dab79f0:   74 1b 45 85 c0 74 16 8b 08 41 ff c8 66 89 0a 0b
0x00007ffa6dab7a00:   d9 48 83 c2 02 48 83 c0 04 a8 0f 75 e5 41 83 f8
0x00007ffa6dab7a10:   08 7e 71 66 0f 6f 25 f5 4a 9f 01 41 8d 48 f7 66
0x00007ffa6dab7a20:   0f 6f 2d f9 4a 9f 01 c1 e9 03 ff c1 44 8b d9 f7
0x00007ffa6dab7a30:   d9 45 8d 04 c8 66 66 66 0f 1f 84 00 00 00 00 00
0x00007ffa6dab7a40:   f3 0f 6f 10 f3 0f 6f 48 10 66 0f 6f c2 66 0f eb
0x00007ffa6dab7a50:   c3 48 83 c0 20 66 0f 6f d8 66 0f eb d9 0f 18 00
0x00007ffa6dab7a60:   66 0f fe d4 66 0f fe cc 66 0f 6b d1 66 0f fd d5
0x00007ffa6dab7a70:   f3 0f 7f 12 48 83 c2 10 49 83 eb 01 75 c2 66 0f
0x00007ffa6dab7a80:   7f 5c 24 50 8b 4c 24 5c 0b 4c 24 58 0b 4c 24 54
0x00007ffa6dab7a90:   0b 4c 24 50 0b d9 45 85 c0 74 1a 0f 1f 44 00 00
0x00007ffa6dab7aa0:   8b 08 0b d9 66 89 0a 48 8d 52 02 48 8d 40 04 41
0x00007ffa6dab7ab0:   83 e8 01 75 eb 45 2b e2 45 89 22 f7 c3 00 00 ff
0x00007ffa6dab7ac0:   ff 74 46 ff 87 ec ef 55 00 48 8b 5f 40 49 8b d7
0x00007ffa6dab7ad0:   4d 63 c6 48 8d 4b 1c e8 44 3e 95 00 c7 43 18 04
0x00007ffa6dab7ae0:   00 00 00 48 63 c5 48 83 e0 fc 48 01 47 40 48 8b
0x00007ffa6dab7af0:   47 40 48 3b 47 48 0f 82 40 fe ff ff 48 8b cf e8
0x00007ffa6dab7b00:   8c 38 21 00 e9 33 fe ff ff 41 c7 41 0c 03 14 00
0x00007ffa6dab7b10:   00 41 8b 2a 48 8b 47 40 83 c5 03 8d 6c 75 00 83
0x00007ffa6dab7b20:   e5 fc 83 c5 18 8b cd c1 e1 0b 83 c9 06 89 08 8b
0x00007ffa6dab7b30:   87 ec ef 55 00 85 c0 74 aa ff c8 89 87 ec ef 55 


Stack slot to memory mapping:
stack at sp + 0 slots: 0x0000000706a01780 is pointing into object: [Ljava.lang.Object; 
{0x0000000706a00000} - klass: 'java/lang/Object'[]
 - length: 291871
stack at sp + 1 slots: 0x0000000000018380 is an unknown value
stack at sp + 2 slots: 0x0000000000000028 is an unknown value
stack at sp + 3 slots: 0x00000233432b464a is at begin+554 in a stub
StubRoutines::oop_disjoint_arraycopy [0x00000233432b4420, 0x00000233432b475b] (827 bytes)
stack at sp + 4 slots: 0x0000000000000004 is an unknown value
stack at sp + 5 slots: 0x000000bf552ff1e0 is pointing into the stack for thread: 0x000002333a28a530
stack at sp + 6 slots: 0x000002336bde1430 is pointing into metadata
stack at sp + 7 slots: 0x00007ffaaa74603c jvm.dll


---------------  P R O C E S S  ---------------

Threads class SMR info:
_java_thread_list=0x000002337222e660, length=13, elements={
0x000002333a28a530, 0x000002335f231f90, 0x000002335f232c10, 0x000002335f247420,
0x000002335f249de0, 0x000002335f24b7a0, 0x000002335f24c150, 0x000002335f24ce30,
0x000002335f24d8d0, 0x000002335f24e2c0, 0x000002335fd188c0, 0x000002335fd1f360,
0x0000023371b92450
}

Java Threads: ( => current thread )
=>0x000002333a28a530 JavaThread "main" [_thread_in_native, id=23940, stack(0x000000bf55200000,0x000000bf55300000)]
  0x000002335f231f90 JavaThread "Reference Handler" daemon [_thread_blocked, id=24076, stack(0x000000bf55900000,0x000000bf55a00000)]
  0x000002335f232c10 JavaThread "Finalizer" daemon [_thread_blocked, id=9668, stack(0x000000bf55a00000,0x000000bf55b00000)]
  0x000002335f247420 JavaThread "Signal Dispatcher" daemon [_thread_blocked, id=16760, stack(0x000000bf55b00000,0x000000bf55c00000)]
  0x000002335f249de0 JavaThread "Attach Listener" daemon [_thread_blocked, id=2296, stack(0x000000bf55c00000,0x000000bf55d00000)]
  0x000002335f24b7a0 JavaThread "Service Thread" daemon [_thread_blocked, id=5076, stack(0x000000bf55d00000,0x000000bf55e00000)]
  0x000002335f24c150 JavaThread "Monitor Deflation Thread" daemon [_thread_blocked, id=23204, stack(0x000000bf55e00000,0x000000bf55f00000)]
  0x000002335f24ce30 JavaThread "C2 CompilerThread0" daemon [_thread_blocked, id=22428, stack(0x000000bf55f00000,0x000000bf56000000)]
  0x000002335f24d8d0 JavaThread "C1 CompilerThread0" daemon [_thread_blocked, id=6072, stack(0x000000bf56000000,0x000000bf56100000)]
  0x000002335f24e2c0 JavaThread "Sweeper thread" daemon [_thread_blocked, id=11336, stack(0x000000bf56100000,0x000000bf56200000)]
  0x000002335fd188c0 JavaThread "Notification Thread" daemon [_thread_blocked, id=12244, stack(0x000000bf56200000,0x000000bf56300000)]
  0x000002335fd1f360 JavaThread "Common-Cleaner" daemon [_thread_blocked, id=13476, stack(0x000000bf56400000,0x000000bf56500000)]
  0x0000023371b92450 JavaThread "Thread-0" [_thread_in_Java, id=22036, stack(0x000000bf57800000,0x000000bf57900000)]

Other Threads:
  0x000002335f229400 VMThread "VM Thread" [stack: 0x000000bf55800000,0x000000bf55900000] [id=18320]
  0x000002333a3109d0 WatcherThread [stack: 0x000000bf56300000,0x000000bf56400000] [id=22436]
  0x000002333a2d6af0 GCTaskThread "GC Thread#0" [stack: 0x000000bf55300000,0x000000bf55400000] [id=2072]
  0x0000023366c25650 GCTaskThread "GC Thread#1" [stack: 0x000000bf56f00000,0x000000bf57000000] [id=20840]
  0x0000023366c25900 GCTaskThread "GC Thread#2" [stack: 0x000000bf57000000,0x000000bf57100000] [id=2624]
  0x0000023366c25bb0 GCTaskThread "GC Thread#3" [stack: 0x000000bf57100000,0x000000bf57200000] [id=21148]
  0x0000023366c2be80 GCTaskThread "GC Thread#4" [stack: 0x000000bf57200000,0x000000bf57300000] [id=8264]
  0x0000023366c34140 GCTaskThread "GC Thread#5" [stack: 0x000000bf57300000,0x000000bf57400000] [id=7448]
  0x0000023366c4b530 GCTaskThread "GC Thread#6" [stack: 0x000000bf57400000,0x000000bf57500000] [id=20784]
  0x0000023366c4b7e0 GCTaskThread "GC Thread#7" [stack: 0x000000bf57500000,0x000000bf57600000] [id=18128]
  0x000002333a2e9710 ConcurrentGCThread "G1 Main Marker" [stack: 0x000000bf55400000,0x000000bf55500000] [id=4660]
  0x000002333a2eab00 ConcurrentGCThread "G1 Conc#0" [stack: 0x000000bf55500000,0x000000bf55600000] [id=20380]
  0x000002333a348bb0 ConcurrentGCThread "G1 Refine#0" [stack: 0x000000bf55600000,0x000000bf55700000] [id=704]
  0x0000023367071660 ConcurrentGCThread "G1 Refine#1" [stack: 0x000000bf57700000,0x000000bf57800000] [id=19628]
  0x000002333a34a5e0 ConcurrentGCThread "G1 Service" [stack: 0x000000bf55700000,0x000000bf55800000] [id=16372]

Threads with active compile tasks:

VM state: not at safepoint (normal execution)

VM Mutex/Monitor currently owned by a thread: None

Heap address: 0x0000000703400000, size: 4044 MB, Compressed Oops mode: Zero based, Oop shift amount: 3

CDS archive(s) mapped at: [0x0000000800000000-0x0000000800bc0000-0x0000000800bc0000), size 12320768, SharedBaseAddress: 0x0000000800000000, ArchiveRelocationMode: 0.
Compressed class space mapped at: 0x0000000800c00000-0x0000000840c00000, reserved size: 1073741824
Narrow klass base: 0x0000000800000000, Narrow klass shift: 0, Narrow klass range: 0x100000000

GC Precious Log:
 CPUs: 12 total, 12 available
 Memory: 16169M
 Large Page Support: Disabled
 NUMA Support: Disabled
 Compressed Oops: Enabled (Zero based)
 Heap Region Size: 2M
 Heap Min Capacity: 8M
 Heap Initial Capacity: 254M
 Heap Max Capacity: 4044M
 Pre-touch: Disabled
 Parallel Workers: 10
 Concurrent Workers: 3
 Concurrent Refinement Workers: 10
 Periodic GC: Disabled

Heap:
 garbage-first heap   total 260096K, used 71631K [0x0000000703400000, 0x0000000800000000)
  region size 2048K, 8 young (16384K), 3 survivors (6144K)
 Metaspace       used 7798K, committed 8000K, reserved 1064960K
  class space    used 363K, committed 448K, reserved 1048576K

Heap Regions: E=young(eden), S=young(survivor), O=old, HS=humongous(starts), HC=humongous(continues), CS=collection set, F=free, OA=open archive, CA=closed archive, TAMS=top-at-mark-start (previous, next)
|   0|0x0000000703400000, 0x0000000703600000, 0x0000000703600000|100%| O|  |TAMS 0x0000000703400000, 0x0000000703400000| Untracked 
|   1|0x0000000703600000, 0x0000000703800000, 0x0000000703800000|100%| O|  |TAMS 0x0000000703600000, 0x0000000703600000| Untracked 
|   2|0x0000000703800000, 0x0000000703a00000, 0x0000000703a00000|100%| O|  |TAMS 0x0000000703800000, 0x0000000703800000| Untracked 
|   3|0x0000000703a00000, 0x0000000703c00000, 0x0000000703c00000|100%| O|  |TAMS 0x0000000703a00000, 0x0000000703a00000| Untracked 
|   4|0x0000000703c00000, 0x0000000703e00000, 0x0000000703e00000|100%| O|  |TAMS 0x0000000703c00000, 0x0000000703c00000| Untracked 
|   5|0x0000000703e00000, 0x0000000704000000, 0x0000000704000000|100%| O|  |TAMS 0x0000000703e00000, 0x0000000703e00000| Untracked 
|   6|0x0000000704000000, 0x0000000704200000, 0x0000000704200000|100%| O|  |TAMS 0x0000000704000000, 0x0000000704000000| Untracked 
|   7|0x0000000704200000, 0x0000000704400000, 0x0000000704400000|100%| O|  |TAMS 0x0000000704200000, 0x0000000704200000| Untracked 
|   8|0x0000000704400000, 0x0000000704600000, 0x0000000704600000|100%| O|  |TAMS 0x0000000704400000, 0x0000000704400000| Untracked 
|   9|0x0000000704600000, 0x0000000704800000, 0x0000000704800000|100%| O|  |TAMS 0x0000000704600000, 0x0000000704600000| Untracked 
|  10|0x0000000704800000, 0x0000000704a00000, 0x0000000704a00000|100%| O|  |TAMS 0x0000000704800000, 0x0000000704800000| Untracked 
|  11|0x0000000704a00000, 0x0000000704c00000, 0x0000000704c00000|100%| O|  |TAMS 0x0000000704a00000, 0x0000000704a00000| Untracked 
|  12|0x0000000704c00000, 0x0000000704e00000, 0x0000000704e00000|100%| O|  |TAMS 0x0000000704c00000, 0x0000000704c00000| Untracked 
|  13|0x0000000704e00000, 0x0000000705000000, 0x0000000705000000|100%| O|  |TAMS 0x0000000704e00000, 0x0000000704e00000| Untracked 
|  14|0x0000000705000000, 0x0000000705200000, 0x0000000705200000|100%| O|  |TAMS 0x0000000705000000, 0x0000000705000000| Untracked 
|  15|0x0000000705200000, 0x0000000705400000, 0x0000000705400000|100%| O|  |TAMS 0x0000000705200000, 0x0000000705200000| Untracked 
|  16|0x0000000705400000, 0x0000000705600000, 0x0000000705600000|100%| O|  |TAMS 0x0000000705400000, 0x0000000705400000| Untracked 
|  17|0x0000000705600000, 0x0000000705800000, 0x0000000705800000|100%| O|  |TAMS 0x0000000705600000, 0x0000000705600000| Untracked 
|  18|0x0000000705800000, 0x0000000705a00000, 0x0000000705a00000|100%| O|  |TAMS 0x0000000705800000, 0x0000000705800000| Untracked 
|  19|0x0000000705a00000, 0x0000000705c00000, 0x0000000705c00000|100%| O|  |TAMS 0x0000000705a00000, 0x0000000705a00000| Untracked 
|  20|0x0000000705c00000, 0x0000000705e00000, 0x0000000705e00000|100%| O|  |TAMS 0x0000000705c00000, 0x0000000705c00000| Untracked 
|  21|0x0000000705e00000, 0x0000000706000000, 0x0000000706000000|100%| O|  |TAMS 0x0000000705e00000, 0x0000000705e00000| Untracked 
|  22|0x0000000706000000, 0x0000000706200000, 0x0000000706200000|100%| O|  |TAMS 0x0000000706000000, 0x0000000706000000| Untracked 
|  23|0x0000000706200000, 0x0000000706400000, 0x0000000706400000|100%| O|  |TAMS 0x0000000706200000, 0x0000000706200000| Untracked 
|  24|0x0000000706400000, 0x0000000706600000, 0x0000000706600000|100%| O|  |TAMS 0x0000000706400000, 0x0000000706400000| Untracked 
|  25|0x0000000706600000, 0x00000007067f3e00, 0x0000000706800000| 97%| O|  |TAMS 0x0000000706600000, 0x0000000706600000| Untracked 
|  26|0x0000000706800000, 0x0000000706a00000, 0x0000000706a00000|100%|HS|  |TAMS 0x0000000706800000, 0x0000000706800000| Complete 
|  27|0x0000000706a00000, 0x0000000706c00000, 0x0000000706c00000|100%|HS|  |TAMS 0x0000000706a00000, 0x0000000706a00000| Complete 
|  28|0x0000000706c00000, 0x0000000706c00000, 0x0000000706e00000|  0%| F|  |TAMS 0x0000000706c00000, 0x0000000706c00000| Untracked 
|  29|0x0000000706e00000, 0x0000000706e00000, 0x0000000707000000|  0%| F|  |TAMS 0x0000000706e00000, 0x0000000706e00000| Untracked 
|  30|0x0000000707000000, 0x0000000707000000, 0x0000000707200000|  0%| F|  |TAMS 0x0000000707000000, 0x0000000707000000| Untracked 
|  31|0x0000000707200000, 0x0000000707200000, 0x0000000707400000|  0%| F|  |TAMS 0x0000000707200000, 0x0000000707200000| Untracked 
|  32|0x0000000707400000, 0x0000000707400000, 0x0000000707600000|  0%| F|  |TAMS 0x0000000707400000, 0x0000000707400000| Untracked 
|  33|0x0000000707600000, 0x0000000707600000, 0x0000000707800000|  0%| F|  |TAMS 0x0000000707600000, 0x0000000707600000| Untracked 
|  34|0x0000000707800000, 0x0000000707800000, 0x0000000707a00000|  0%| F|  |TAMS 0x0000000707800000, 0x0000000707800000| Untracked 
|  35|0x0000000707a00000, 0x0000000707a00000, 0x0000000707c00000|  0%| F|  |TAMS 0x0000000707a00000, 0x0000000707a00000| Untracked 
|  36|0x0000000707c00000, 0x0000000707c00000, 0x0000000707e00000|  0%| F|  |TAMS 0x0000000707c00000, 0x0000000707c00000| Untracked 
|  37|0x0000000707e00000, 0x0000000707e00000, 0x0000000708000000|  0%| F|  |TAMS 0x0000000707e00000, 0x0000000707e00000| Untracked 
|  38|0x0000000708000000, 0x0000000708000000, 0x0000000708200000|  0%| F|  |TAMS 0x0000000708000000, 0x0000000708000000| Untracked 
|  39|0x0000000708200000, 0x0000000708200000, 0x0000000708400000|  0%| F|  |TAMS 0x0000000708200000, 0x0000000708200000| Untracked 
|  40|0x0000000708400000, 0x0000000708400000, 0x0000000708600000|  0%| F|  |TAMS 0x0000000708400000, 0x0000000708400000| Untracked 
|  41|0x0000000708600000, 0x0000000708600000, 0x0000000708800000|  0%| F|  |TAMS 0x0000000708600000, 0x0000000708600000| Untracked 
|  42|0x0000000708800000, 0x0000000708800000, 0x0000000708a00000|  0%| F|  |TAMS 0x0000000708800000, 0x0000000708800000| Untracked 
|  43|0x0000000708a00000, 0x0000000708a00000, 0x0000000708c00000|  0%| F|  |TAMS 0x0000000708a00000, 0x0000000708a00000| Untracked 
|  44|0x0000000708c00000, 0x0000000708c00000, 0x0000000708e00000|  0%| F|  |TAMS 0x0000000708c00000, 0x0000000708c00000| Untracked 
|  45|0x0000000708e00000, 0x0000000708e00000, 0x0000000709000000|  0%| F|  |TAMS 0x0000000708e00000, 0x0000000708e00000| Untracked 
|  46|0x0000000709000000, 0x0000000709000000, 0x0000000709200000|  0%| F|  |TAMS 0x0000000709000000, 0x0000000709000000| Untracked 
|  47|0x0000000709200000, 0x0000000709200000, 0x0000000709400000|  0%| F|  |TAMS 0x0000000709200000, 0x0000000709200000| Untracked 
|  48|0x0000000709400000, 0x0000000709400000, 0x0000000709600000|  0%| F|  |TAMS 0x0000000709400000, 0x0000000709400000| Untracked 
|  49|0x0000000709600000, 0x0000000709600000, 0x0000000709800000|  0%| F|  |TAMS 0x0000000709600000, 0x0000000709600000| Untracked 
|  50|0x0000000709800000, 0x0000000709800000, 0x0000000709a00000|  0%| F|  |TAMS 0x0000000709800000, 0x0000000709800000| Untracked 
|  51|0x0000000709a00000, 0x0000000709a00000, 0x0000000709c00000|  0%| F|  |TAMS 0x0000000709a00000, 0x0000000709a00000| Untracked 
|  52|0x0000000709c00000, 0x0000000709c00000, 0x0000000709e00000|  0%| F|  |TAMS 0x0000000709c00000, 0x0000000709c00000| Untracked 
|  53|0x0000000709e00000, 0x0000000709e00000, 0x000000070a000000|  0%| F|  |TAMS 0x0000000709e00000, 0x0000000709e00000| Untracked 
|  54|0x000000070a000000, 0x000000070a000000, 0x000000070a200000|  0%| F|  |TAMS 0x000000070a000000, 0x000000070a000000| Untracked 
|  55|0x000000070a200000, 0x000000070a200000, 0x000000070a400000|  0%| F|  |TAMS 0x000000070a200000, 0x000000070a200000| Untracked 
|  56|0x000000070a400000, 0x000000070a400000, 0x000000070a600000|  0%| F|  |TAMS 0x000000070a400000, 0x000000070a400000| Untracked 
|  57|0x000000070a600000, 0x000000070a600000, 0x000000070a800000|  0%| F|  |TAMS 0x000000070a600000, 0x000000070a600000| Untracked 
|  58|0x000000070a800000, 0x000000070a800000, 0x000000070aa00000|  0%| F|  |TAMS 0x000000070a800000, 0x000000070a800000| Untracked 
|  59|0x000000070aa00000, 0x000000070aa00000, 0x000000070ac00000|  0%| F|  |TAMS 0x000000070aa00000, 0x000000070aa00000| Untracked 
|  60|0x000000070ac00000, 0x000000070ac00000, 0x000000070ae00000|  0%| F|  |TAMS 0x000000070ac00000, 0x000000070ac00000| Untracked 
|  61|0x000000070ae00000, 0x000000070ae00000, 0x000000070b000000|  0%| F|  |TAMS 0x000000070ae00000, 0x000000070ae00000| Untracked 
|  62|0x000000070b000000, 0x000000070b000000, 0x000000070b200000|  0%| F|  |TAMS 0x000000070b000000, 0x000000070b000000| Untracked 
|  63|0x000000070b200000, 0x000000070b200000, 0x000000070b400000|  0%| F|  |TAMS 0x000000070b200000, 0x000000070b200000| Untracked 
|  64|0x000000070b400000, 0x000000070b400000, 0x000000070b600000|  0%| F|  |TAMS 0x000000070b400000, 0x000000070b400000| Untracked 
|  65|0x000000070b600000, 0x000000070b600000, 0x000000070b800000|  0%| F|  |TAMS 0x000000070b600000, 0x000000070b600000| Untracked 
|  66|0x000000070b800000, 0x000000070b800000, 0x000000070ba00000|  0%| F|  |TAMS 0x000000070b800000, 0x000000070b800000| Untracked 
|  67|0x000000070ba00000, 0x000000070ba00000, 0x000000070bc00000|  0%| F|  |TAMS 0x000000070ba00000, 0x000000070ba00000| Untracked 
|  68|0x000000070bc00000, 0x000000070bc00000, 0x000000070be00000|  0%| F|  |TAMS 0x000000070bc00000, 0x000000070bc00000| Untracked 
|  69|0x000000070be00000, 0x000000070be00000, 0x000000070c000000|  0%| F|  |TAMS 0x000000070be00000, 0x000000070be00000| Untracked 
|  70|0x000000070c000000, 0x000000070c000000, 0x000000070c200000|  0%| F|  |TAMS 0x000000070c000000, 0x000000070c000000| Untracked 
|  71|0x000000070c200000, 0x000000070c200000, 0x000000070c400000|  0%| F|  |TAMS 0x000000070c200000, 0x000000070c200000| Untracked 
|  72|0x000000070c400000, 0x000000070c400000, 0x000000070c600000|  0%| F|  |TAMS 0x000000070c400000, 0x000000070c400000| Untracked 
|  73|0x000000070c600000, 0x000000070c600000, 0x000000070c800000|  0%| F|  |TAMS 0x000000070c600000, 0x000000070c600000| Untracked 
|  74|0x000000070c800000, 0x000000070c800000, 0x000000070ca00000|  0%| F|  |TAMS 0x000000070c800000, 0x000000070c800000| Untracked 
|  75|0x000000070ca00000, 0x000000070ca00000, 0x000000070cc00000|  0%| F|  |TAMS 0x000000070ca00000, 0x000000070ca00000| Untracked 
|  76|0x000000070cc00000, 0x000000070cc00000, 0x000000070ce00000|  0%| F|  |TAMS 0x000000070cc00000, 0x000000070cc00000| Untracked 
|  77|0x000000070ce00000, 0x000000070ce00000, 0x000000070d000000|  0%| F|  |TAMS 0x000000070ce00000, 0x000000070ce00000| Untracked 
|  78|0x000000070d000000, 0x000000070d000000, 0x000000070d200000|  0%| F|  |TAMS 0x000000070d000000, 0x000000070d000000| Untracked 
|  79|0x000000070d200000, 0x000000070d200000, 0x000000070d400000|  0%| F|  |TAMS 0x000000070d200000, 0x000000070d200000| Untracked 
|  80|0x000000070d400000, 0x000000070d400000, 0x000000070d600000|  0%| F|  |TAMS 0x000000070d400000, 0x000000070d400000| Untracked 
|  81|0x000000070d600000, 0x000000070d600000, 0x000000070d800000|  0%| F|  |TAMS 0x000000070d600000, 0x000000070d600000| Untracked 
|  82|0x000000070d800000, 0x000000070d800000, 0x000000070da00000|  0%| F|  |TAMS 0x000000070d800000, 0x000000070d800000| Untracked 
|  83|0x000000070da00000, 0x000000070da00000, 0x000000070dc00000|  0%| F|  |TAMS 0x000000070da00000, 0x000000070da00000| Untracked 
|  84|0x000000070dc00000, 0x000000070dc00000, 0x000000070de00000|  0%| F|  |TAMS 0x000000070dc00000, 0x000000070dc00000| Untracked 
|  85|0x000000070de00000, 0x000000070de00000, 0x000000070e000000|  0%| F|  |TAMS 0x000000070de00000, 0x000000070de00000| Untracked 
|  86|0x000000070e000000, 0x000000070e000000, 0x000000070e200000|  0%| F|  |TAMS 0x000000070e000000, 0x000000070e000000| Untracked 
|  87|0x000000070e200000, 0x000000070e200000, 0x000000070e400000|  0%| F|  |TAMS 0x000000070e200000, 0x000000070e200000| Untracked 
|  88|0x000000070e400000, 0x000000070e400000, 0x000000070e600000|  0%| F|  |TAMS 0x000000070e400000, 0x000000070e400000| Untracked 
|  89|0x000000070e600000, 0x000000070e600000, 0x000000070e800000|  0%| F|  |TAMS 0x000000070e600000, 0x000000070e600000| Untracked 
|  90|0x000000070e800000, 0x000000070e800000, 0x000000070ea00000|  0%| F|  |TAMS 0x000000070e800000, 0x000000070e800000| Untracked 
|  91|0x000000070ea00000, 0x000000070ea00000, 0x000000070ec00000|  0%| F|  |TAMS 0x000000070ea00000, 0x000000070ea00000| Untracked 
|  92|0x000000070ec00000, 0x000000070ec00000, 0x000000070ee00000|  0%| F|  |TAMS 0x000000070ec00000, 0x000000070ec00000| Untracked 
|  93|0x000000070ee00000, 0x000000070ee00000, 0x000000070f000000|  0%| F|  |TAMS 0x000000070ee00000, 0x000000070ee00000| Untracked 
|  94|0x000000070f000000, 0x000000070f000000, 0x000000070f200000|  0%| F|  |TAMS 0x000000070f000000, 0x000000070f000000| Untracked 
|  95|0x000000070f200000, 0x000000070f200000, 0x000000070f400000|  0%| F|  |TAMS 0x000000070f200000, 0x000000070f200000| Untracked 
|  96|0x000000070f400000, 0x000000070f400000, 0x000000070f600000|  0%| F|  |TAMS 0x000000070f400000, 0x000000070f400000| Untracked 
|  97|0x000000070f600000, 0x000000070f600000, 0x000000070f800000|  0%| F|  |TAMS 0x000000070f600000, 0x000000070f600000| Untracked 
|  98|0x000000070f800000, 0x000000070f800000, 0x000000070fa00000|  0%| F|  |TAMS 0x000000070f800000, 0x000000070f800000| Untracked 
|  99|0x000000070fa00000, 0x000000070fa00000, 0x000000070fc00000|  0%| F|  |TAMS 0x000000070fa00000, 0x000000070fa00000| Untracked 
| 100|0x000000070fc00000, 0x000000070fc00000, 0x000000070fe00000|  0%| F|  |TAMS 0x000000070fc00000, 0x000000070fc00000| Untracked 
| 101|0x000000070fe00000, 0x000000070fe00000, 0x0000000710000000|  0%| F|  |TAMS 0x000000070fe00000, 0x000000070fe00000| Untracked 
| 102|0x0000000710000000, 0x0000000710200000, 0x0000000710200000|100%| S|CS|TAMS 0x0000000710000000, 0x0000000710000000| Complete 
| 103|0x0000000710200000, 0x0000000710400000, 0x0000000710400000|100%| S|CS|TAMS 0x0000000710200000, 0x0000000710200000| Complete 
| 104|0x0000000710400000, 0x0000000710600000, 0x0000000710600000|100%| S|CS|TAMS 0x0000000710400000, 0x0000000710400000| Complete 
| 105|0x0000000710600000, 0x0000000710600000, 0x0000000710800000|  0%| F|  |TAMS 0x0000000710600000, 0x0000000710600000| Untracked 
| 106|0x0000000710800000, 0x0000000710800000, 0x0000000710a00000|  0%| F|  |TAMS 0x0000000710800000, 0x0000000710800000| Untracked 
| 107|0x0000000710a00000, 0x0000000710a00000, 0x0000000710c00000|  0%| F|  |TAMS 0x0000000710a00000, 0x0000000710a00000| Untracked 
| 108|0x0000000710c00000, 0x0000000710c00000, 0x0000000710e00000|  0%| F|  |TAMS 0x0000000710c00000, 0x0000000710c00000| Untracked 
| 109|0x0000000710e00000, 0x0000000710e00000, 0x0000000711000000|  0%| F|  |TAMS 0x0000000710e00000, 0x0000000710e00000| Untracked 
| 110|0x0000000711000000, 0x0000000711000000, 0x0000000711200000|  0%| F|  |TAMS 0x0000000711000000, 0x0000000711000000| Untracked 
| 111|0x0000000711200000, 0x0000000711200000, 0x0000000711400000|  0%| F|  |TAMS 0x0000000711200000, 0x0000000711200000| Untracked 
| 112|0x0000000711400000, 0x0000000711400000, 0x0000000711600000|  0%| F|  |TAMS 0x0000000711400000, 0x0000000711400000| Untracked 
| 113|0x0000000711600000, 0x0000000711600000, 0x0000000711800000|  0%| F|  |TAMS 0x0000000711600000, 0x0000000711600000| Untracked 
| 114|0x0000000711800000, 0x0000000711800000, 0x0000000711a00000|  0%| F|  |TAMS 0x0000000711800000, 0x0000000711800000| Untracked 
| 115|0x0000000711a00000, 0x0000000711a00000, 0x0000000711c00000|  0%| F|  |TAMS 0x0000000711a00000, 0x0000000711a00000| Untracked 
| 116|0x0000000711c00000, 0x0000000711c00000, 0x0000000711e00000|  0%| F|  |TAMS 0x0000000711c00000, 0x0000000711c00000| Untracked 
| 117|0x0000000711e00000, 0x0000000711e00000, 0x0000000712000000|  0%| F|  |TAMS 0x0000000711e00000, 0x0000000711e00000| Untracked 
| 118|0x0000000712000000, 0x0000000712000000, 0x0000000712200000|  0%| F|  |TAMS 0x0000000712000000, 0x0000000712000000| Untracked 
| 119|0x0000000712200000, 0x0000000712200000, 0x0000000712400000|  0%| F|  |TAMS 0x0000000712200000, 0x0000000712200000| Untracked 
| 120|0x0000000712400000, 0x0000000712400000, 0x0000000712600000|  0%| F|  |TAMS 0x0000000712400000, 0x0000000712400000| Untracked 
| 121|0x0000000712600000, 0x0000000712600000, 0x0000000712800000|  0%| F|  |TAMS 0x0000000712600000, 0x0000000712600000| Untracked 
| 122|0x0000000712800000, 0x0000000712800800, 0x0000000712a00000|  0%| E|  |TAMS 0x0000000712800000, 0x0000000712800000| Complete 
| 123|0x0000000712a00000, 0x0000000712c00000, 0x0000000712c00000|100%| E|CS|TAMS 0x0000000712a00000, 0x0000000712a00000| Complete 
| 124|0x0000000712c00000, 0x0000000712e00000, 0x0000000712e00000|100%| E|CS|TAMS 0x0000000712c00000, 0x0000000712c00000| Complete 
| 125|0x0000000712e00000, 0x0000000713000000, 0x0000000713000000|100%| E|CS|TAMS 0x0000000712e00000, 0x0000000712e00000| Complete 
| 126|0x0000000713000000, 0x0000000713200000, 0x0000000713200000|100%| E|CS|TAMS 0x0000000713000000, 0x0000000713000000| Complete 

Card table byte_map: [0x00000233536f0000,0x0000023353ee0000] _byte_map_base: 0x000002334fed6000

Marking Bits (Prev, Next): (CMBitMap*) 0x000002333a2d9120, (CMBitMap*) 0x000002333a2d9160
 Prev Bits: [0x00000233546d0000, 0x0000023358600000)
 Next Bits: [0x0000023358600000, 0x000002335c530000)

Polling page: 0x000002333a0e0000

Metaspace:

Usage:
  Non-class:      7.26 MB used.
      Class:    363.29 KB used.
       Both:      7.62 MB used.

Virtual space:
  Non-class space:       16.00 MB reserved,       7.38 MB ( 46%) committed,  2 nodes.
      Class space:        1.00 GB reserved,     448.00 KB ( <1%) committed,  1 nodes.
             Both:        1.02 GB reserved,       7.81 MB ( <1%) committed. 

Chunk freelists:
   Non-Class:  2.09 MB
       Class:  3.47 MB
        Both:  5.56 MB

MaxMetaspaceSize: unlimited
CompressedClassSpaceSize: 1.00 GB
Initial GC threshold: 21.00 MB
Current GC threshold: 21.00 MB
CDS: on
MetaspaceReclaimPolicy: balanced
 - commit_granule_bytes: 65536.
 - commit_granule_words: 8192.
 - virtual_space_node_default_size: 1048576.
 - enlarge_chunks_in_place: 1.
 - new_chunks_are_fully_committed: 0.
 - uncommit_free_chunks: 1.
 - use_allocation_guard: 0.
 - handle_deallocations: 1.


Internal statistics:

num_allocs_failed_limit: 0.
num_arena_births: 72.
num_arena_deaths: 0.
num_vsnodes_births: 3.
num_vsnodes_deaths: 0.
num_space_committed: 123.
num_space_uncommitted: 0.
num_chunks_returned_to_freelist: 0.
num_chunks_taken_from_freelist: 303.
num_chunk_merges: 0.
num_chunk_splits: 234.
num_chunks_enlarged: 196.
num_purges: 0.
num_inconsistent_stats: 0.

CodeHeap 'non-profiled nmethods': size=120000Kb used=631Kb max_used=631Kb free=119369Kb
 bounds [0x000002334ad50000, 0x000002334afc0000, 0x0000023352280000]
CodeHeap 'profiled nmethods': size=120000Kb used=1800Kb max_used=1800Kb free=118199Kb
 bounds [0x0000023343820000, 0x0000023343a90000, 0x000002334ad50000]
CodeHeap 'non-nmethods': size=5760Kb used=1649Kb max_used=1700Kb free=4110Kb
 bounds [0x0000023343280000, 0x00000233434f0000, 0x0000023343820000]
 total_blobs=2217 nmethods=1125 adapters=1005
 compilation: enabled
              stopped_count=0, restarted_count=0
 full_count=0

Compilation events (20 events):
Event: 31.806 Thread 0x000002335f24d8d0 1115       3       Game.Test::delete (8 bytes)
Event: 31.806 Thread 0x000002335f24d8d0 nmethod 1115 0x00000233439de610 code [0x00000233439de7c0, 0x00000233439dea18]
Event: 31.806 Thread 0x000002335f24d8d0 1116  s    3       windowStuff.Sprite::delete (6 bytes)
Event: 31.807 Thread 0x000002335f24d8d0 nmethod 1116 0x00000233439deb10 code [0x00000233439deca0, 0x00000233439dee58]
Event: 31.849 Thread 0x000002335f24d8d0 1117 %     3       windowStuff.Batch::draw @ 32 (122 bytes)
Event: 31.850 Thread 0x000002335f24d8d0 nmethod 1117% 0x00000233439def10 code [0x00000233439df1a0, 0x00000233439dfde8]
Event: 31.850 Thread 0x000002335f24d8d0 1118       3       org.lwjgl.opengl.GL13::glActiveTexture (5 bytes)
Event: 31.850 Thread 0x000002335f24d8d0 nmethod 1118 0x00000233439e0390 code [0x00000233439e0520, 0x00000233439e0628]
Event: 31.850 Thread 0x000002335f24d8d0 1120       3       windowStuff.Batch::draw (122 bytes)
Event: 31.850 Thread 0x000002335f24d8d0 nmethod 1120 0x00000233439e0710 code [0x00000233439e09a0, 0x00000233439e1508]
Event: 31.850 Thread 0x000002335f24d8d0 1119       3       windowStuff.Texture::bind (11 bytes)
Event: 31.851 Thread 0x000002335f24d8d0 nmethod 1119 0x00000233439e1a90 code [0x00000233439e1c20, 0x00000233439e1d68]
Event: 31.851 Thread 0x000002335f24ce30 1121       4       java.lang.Object::equals (11 bytes)
Event: 31.852 Thread 0x000002335f24ce30 nmethod 1121 0x000002334adec810 code [0x000002334adec980, 0x000002334adeca18]
Event: 31.852 Thread 0x000002335f24d8d0 1122       3       sun.nio.cs.SingleByte$Encoder::encode (32 bytes)
Event: 31.852 Thread 0x000002335f24d8d0 nmethod 1122 0x00000233439e1e10 code [0x00000233439e1fc0, 0x00000233439e21b8]
Event: 31.854 Thread 0x000002335f24ce30 1123 %     4       java.util.ArrayList::remove @ 39 (76 bytes)
Event: 31.859 Thread 0x000002335f24ce30 nmethod 1123% 0x000002334adecb10 code [0x000002334adecca0, 0x000002334aded028]
Event: 31.859 Thread 0x000002335f24ce30 1124       4       java.util.ArrayList::remove (76 bytes)
Event: 31.863 Thread 0x000002335f24ce30 nmethod 1124 0x000002334aded210 code [0x000002334aded3a0, 0x000002334aded688]

GC Heap History (8 events):
Event: 1.907 GC heap before
{Heap before GC invocations=0 (full 0):
 garbage-first heap   total 260096K, used 20480K [0x0000000703400000, 0x0000000800000000)
  region size 2048K, 11 young (22528K), 0 survivors (0K)
 Metaspace       used 7699K, committed 7872K, reserved 1064960K
  class space    used 359K, committed 448K, reserved 1048576K
}
Event: 1.912 GC heap after
{Heap after GC invocations=1 (full 0):
 garbage-first heap   total 260096K, used 4082K [0x0000000703400000, 0x0000000800000000)
  region size 2048K, 2 young (4096K), 2 survivors (4096K)
 Metaspace       used 7699K, committed 7872K, reserved 1064960K
  class space    used 359K, committed 448K, reserved 1048576K
}
Event: 2.013 GC heap before
{Heap before GC invocations=1 (full 0):
 garbage-first heap   total 260096K, used 34802K [0x0000000703400000, 0x0000000800000000)
  region size 2048K, 17 young (34816K), 2 survivors (4096K)
 Metaspace       used 7748K, committed 7872K, reserved 1064960K
  class space    used 359K, committed 448K, reserved 1048576K
}
Event: 2.024 GC heap after
{Heap after GC invocations=2 (full 0):
 garbage-first heap   total 260096K, used 19420K [0x0000000703400000, 0x0000000800000000)
  region size 2048K, 3 young (6144K), 3 survivors (6144K)
 Metaspace       used 7748K, committed 7872K, reserved 1064960K
  class space    used 359K, committed 448K, reserved 1048576K
}
Event: 2.106 GC heap before
{Heap before GC invocations=2 (full 0):
 garbage-first heap   total 260096K, used 52188K [0x0000000703400000, 0x0000000800000000)
  region size 2048K, 19 young (38912K), 3 survivors (6144K)
 Metaspace       used 7752K, committed 7936K, reserved 1064960K
  class space    used 359K, committed 448K, reserved 1048576K
}
Event: 2.116 GC heap after
{Heap after GC invocations=3 (full 0):
 garbage-first heap   total 260096K, used 37172K [0x0000000703400000, 0x0000000800000000)
  region size 2048K, 3 young (6144K), 3 survivors (6144K)
 Metaspace       used 7752K, committed 7936K, reserved 1064960K
  class space    used 359K, committed 448K, reserved 1048576K
}
Event: 2.237 GC heap before
{Heap before GC invocations=3 (full 0):
 garbage-first heap   total 260096K, used 74036K [0x0000000703400000, 0x0000000800000000)
  region size 2048K, 22 young (45056K), 3 survivors (6144K)
 Metaspace       used 7752K, committed 7936K, reserved 1064960K
  class space    used 359K, committed 448K, reserved 1048576K
}
Event: 2.250 GC heap after
{Heap after GC invocations=4 (full 0):
 garbage-first heap   total 260096K, used 59343K [0x0000000703400000, 0x0000000800000000)
  region size 2048K, 3 young (6144K), 3 survivors (6144K)
 Metaspace       used 7752K, committed 7936K, reserved 1064960K
  class space    used 359K, committed 448K, reserved 1048576K
}

Deoptimization events (20 events):
Event: 4.965 Thread 0x0000023371b92450 DEOPT PACKING pc=0x00000233439d4680 sp=0x000000bf578fef20
Event: 4.965 Thread 0x0000023371b92450 DEOPT UNPACKING pc=0x00000233432d2b43 sp=0x000000bf578fe418 mode 0
Event: 6.609 Thread 0x000002333a28a530 DEOPT PACKING pc=0x00000233439d2687 sp=0x000000bf552ff260
Event: 6.609 Thread 0x000002333a28a530 DEOPT UNPACKING pc=0x00000233432d2b43 sp=0x000000bf552fe748 mode 0
Event: 31.848 Thread 0x000002333a28a530 Uncommon trap: trap_request=0xffffff45 fr.pc=0x000002334ade8be4 relative=0x0000000000000964
Event: 31.848 Thread 0x000002333a28a530 Uncommon trap: reason=unstable_if action=reinterpret pc=0x000002334ade8be4 method=windowStuff.Batch.draw()V @ 79 c2
Event: 31.848 Thread 0x000002333a28a530 DEOPT PACKING pc=0x000002334ade8be4 sp=0x000000bf552ff2c0
Event: 31.849 Thread 0x000002333a28a530 DEOPT UNPACKING pc=0x00000233432d23a3 sp=0x000000bf552ff228 mode 2
Event: 31.849 Thread 0x000002333a28a530 Uncommon trap: trap_request=0xffffff45 fr.pc=0x000002334adc1300 relative=0x0000000000000340
Event: 31.849 Thread 0x000002333a28a530 Uncommon trap: reason=unstable_if action=reinterpret pc=0x000002334adc1300 method=windowStuff.Batch.draw()V @ 79 c2
Event: 31.849 Thread 0x000002333a28a530 DEOPT PACKING pc=0x000002334adc1300 sp=0x000000bf552ff250
Event: 31.849 Thread 0x000002333a28a530 DEOPT UNPACKING pc=0x00000233432d23a3 sp=0x000000bf552ff220 mode 2
Event: 31.849 Thread 0x000002333a28a530 Uncommon trap: trap_request=0xffffff45 fr.pc=0x000002334adc1e0c relative=0x000000000000038c
Event: 31.849 Thread 0x000002333a28a530 Uncommon trap: reason=unstable_if action=reinterpret pc=0x000002334adc1e0c method=windowStuff.Batch.draw()V @ 79 c2
Event: 31.849 Thread 0x000002333a28a530 DEOPT PACKING pc=0x000002334adc1e0c sp=0x000000bf552ff250
Event: 31.849 Thread 0x000002333a28a530 DEOPT UNPACKING pc=0x00000233432d23a3 sp=0x000000bf552ff220 mode 2
Event: 31.851 Thread 0x000002337125e810 Uncommon trap: trap_request=0xffffff45 fr.pc=0x000002334adc0934 relative=0x00000000000003f4
Event: 31.851 Thread 0x000002337125e810 Uncommon trap: reason=unstable_if action=reinterpret pc=0x000002334adc0934 method=java.util.ArrayList$Itr.checkForComodification()V @ 11 c2
Event: 31.851 Thread 0x000002337125e810 DEOPT PACKING pc=0x000002334adc0934 sp=0x000000bf579ff240
Event: 31.851 Thread 0x000002337125e810 DEOPT UNPACKING pc=0x00000233432d23a3 sp=0x000000bf579ff138 mode 2

Classes unloaded (0 events):
No events

Classes redefined (0 events):
No events

Internal exceptions (16 events):
Event: 0.272 Thread 0x000002333a28a530 Exception <a 'java/lang/NoSuchMethodError'{0x0000000712f403e0}: 'java.lang.Object java.lang.invoke.DirectMethodHandle$Holder.invokeStaticInit(java.lang.Object)'> (0x0000000712f403e0) 
thrown [t:\workspace\open\src\hotspot\share\interpreter\linkResolver.cpp, line 766]
Event: 0.283 Thread 0x000002333a28a530 Exception <a 'java/lang/NoSuchMethodError'{0x0000000712f8e0a0}: 'void java.lang.invoke.DirectMethodHandle$Holder.invokeStatic(java.lang.Object, java.lang.Object)'> (0x0000000712f8e0a0) 
thrown [t:\workspace\open\src\hotspot\share\interpreter\linkResolver.cpp, line 766]
Event: 0.284 Thread 0x000002333a28a530 Exception <a 'java/lang/NoSuchMethodError'{0x0000000712f938e8}: 'void java.lang.invoke.DirectMethodHandle$Holder.invokeSpecial(java.lang.Object, java.lang.Object, java.lang.Object)'> (0x0000000712f938e8) 
thrown [t:\workspace\open\src\hotspot\share\interpreter\linkResolver.cpp, line 766]
Event: 0.286 Thread 0x000002333a28a530 Exception <a 'java/lang/NoSuchMethodError'{0x0000000712fa1fe8}: 'java.lang.Object java.lang.invoke.DirectMethodHandle$Holder.invokeStatic(java.lang.Object, java.lang.Object, int)'> (0x0000000712fa1fe8) 
thrown [t:\workspace\open\src\hotspot\share\interpreter\linkResolver.cpp, line 766]
Event: 0.287 Thread 0x000002333a28a530 Exception <a 'java/lang/NoSuchMethodError'{0x0000000712fadcd8}: 'void java.lang.invoke.DelegatingMethodHandle$Holder.delegate(java.lang.Object, java.lang.Object, int, java.lang.Object)'> (0x0000000712fadcd8) 
thrown [t:\workspace\open\src\hotspot\share\interpreter\linkResolver.cpp, line 766]
Event: 0.288 Thread 0x000002333a28a530 Exception <a 'java/lang/NoSuchMethodError'{0x0000000712fb1f18}: 'int java.lang.invoke.DirectMethodHandle$Holder.invokeSpecial(java.lang.Object, java.lang.Object, java.lang.Object)'> (0x0000000712fb1f18) 
thrown [t:\workspace\open\src\hotspot\share\interpreter\linkResolver.cpp, line 766]
Event: 0.352 Thread 0x000002333a28a530 Exception <a 'sun/nio/fs/WindowsException'{0x0000000712c0e420}> (0x0000000712c0e420) 
thrown [t:\workspace\open\src\hotspot\share\prims\jni.cpp, line 516]
Event: 0.352 Thread 0x000002333a28a530 Exception <a 'sun/nio/fs/WindowsException'{0x0000000712c0e978}> (0x0000000712c0e978) 
thrown [t:\workspace\open\src\hotspot\share\prims\jni.cpp, line 516]
Event: 0.381 Thread 0x000002333a28a530 Exception <a 'sun/nio/fs/WindowsException'{0x0000000712ccb1e8}> (0x0000000712ccb1e8) 
thrown [t:\workspace\open\src\hotspot\share\prims\jni.cpp, line 516]
Event: 0.381 Thread 0x000002333a28a530 Exception <a 'sun/nio/fs/WindowsException'{0x0000000712ccb558}> (0x0000000712ccb558) 
thrown [t:\workspace\open\src\hotspot\share\prims\jni.cpp, line 516]
Event: 1.274 Thread 0x000002333a28a530 Exception <a 'sun/nio/fs/WindowsException'{0x0000000712d80128}> (0x0000000712d80128) 
thrown [t:\workspace\open\src\hotspot\share\prims\jni.cpp, line 516]
Event: 1.274 Thread 0x000002333a28a530 Exception <a 'sun/nio/fs/WindowsException'{0x0000000712d804d8}> (0x0000000712d804d8) 
thrown [t:\workspace\open\src\hotspot\share\prims\jni.cpp, line 516]
Event: 1.293 Thread 0x000002333a28a530 Exception <a 'sun/nio/fs/WindowsException'{0x0000000712d87c10}> (0x0000000712d87c10) 
thrown [t:\workspace\open\src\hotspot\share\prims\jni.cpp, line 516]
Event: 1.293 Thread 0x000002333a28a530 Exception <a 'sun/nio/fs/WindowsException'{0x0000000712d87ef8}> (0x0000000712d87ef8) 
thrown [t:\workspace\open\src\hotspot\share\prims\jni.cpp, line 516]
Event: 1.629 Thread 0x000002333a28a530 Exception <a 'sun/nio/fs/WindowsException'{0x00000007122c1cb8}> (0x00000007122c1cb8) 
thrown [t:\workspace\open\src\hotspot\share\prims\jni.cpp, line 516]
Event: 1.629 Thread 0x000002333a28a530 Exception <a 'sun/nio/fs/WindowsException'{0x00000007122c2040}> (0x00000007122c2040) 
thrown [t:\workspace\open\src\hotspot\share\prims\jni.cpp, line 516]

VM Operations (20 events):
Event: 2.105 Executing VM operation: G1CollectForAllocation
Event: 2.116 Executing VM operation: G1CollectForAllocation done
Event: 2.237 Executing VM operation: G1CollectForAllocation
Event: 2.250 Executing VM operation: G1CollectForAllocation done
Event: 3.255 Executing VM operation: Cleanup
Event: 3.255 Executing VM operation: Cleanup done
Event: 4.264 Executing VM operation: Cleanup
Event: 4.265 Executing VM operation: Cleanup done
Event: 5.272 Executing VM operation: Cleanup
Event: 5.272 Executing VM operation: Cleanup done
Event: 6.282 Executing VM operation: Cleanup
Event: 6.282 Executing VM operation: Cleanup done
Event: 9.137 Executing VM operation: HandshakeAllThreads
Event: 9.137 Executing VM operation: HandshakeAllThreads done
Event: 15.186 Executing VM operation: HandshakeAllThreads
Event: 15.186 Executing VM operation: HandshakeAllThreads done
Event: 21.245 Executing VM operation: HandshakeAllThreads
Event: 21.245 Executing VM operation: HandshakeAllThreads done
Event: 27.292 Executing VM operation: HandshakeAllThreads
Event: 27.292 Executing VM operation: HandshakeAllThreads done

Events (20 events):
Event: 1.781 loading class java/lang/SecurityException
Event: 1.781 loading class java/lang/SecurityException done
Event: 1.783 loading class jdk/internal/access/foreign/MemorySegmentProxy
Event: 1.783 loading class jdk/internal/access/foreign/MemorySegmentProxy done
Event: 1.871 loading class java/util/LinkedList$ListItr
Event: 1.871 loading class java/util/LinkedList$ListItr done
Event: 1.921 Thread 0x0000023366a750a0 Thread added: 0x0000023366a750a0
Event: 2.274 Thread 0x0000023371b92450 Thread added: 0x0000023371b92450
Event: 2.275 Thread 0x000002337125e810 Thread added: 0x000002337125e810
Event: 2.632 Thread 0x0000023366a750a0 Thread exited: 0x0000023366a750a0
Event: 2.632 Thread 0x00000233665bca20 Thread exited: 0x00000233665bca20
Event: 31.851 loading class java/util/ConcurrentModificationException
Event: 31.851 loading class java/util/ConcurrentModificationException done
Event: 31.851 loading class java/lang/Throwable$WrappedPrintStream
Event: 31.851 loading class java/lang/Throwable$PrintStreamOrWriter
Event: 31.851 loading class java/lang/Throwable$PrintStreamOrWriter done
Event: 31.851 loading class java/lang/Throwable$WrappedPrintStream done
Event: 31.852 loading class java/lang/StackTraceElement$HashedModules
Event: 31.852 loading class java/lang/StackTraceElement$HashedModules done
Event: 31.852 Thread 0x000002337125e810 Thread exited: 0x000002337125e810


Dynamic libraries:
0x00007ff71f530000 - 0x00007ff71f53e000 	C:\Users\karel\.jdks\openjdk-17.0.1\bin\java.exe
0x00007ffb07aa0000 - 0x00007ffb07ca9000 	C:\WINDOWS\SYSTEM32\ntdll.dll
0x00007ffaccfc0000 - 0x00007ffaccfd7000 	C:\Program Files\Avast Software\Avast\aswhook.dll
0x00007ffb06250000 - 0x00007ffb0630d000 	C:\WINDOWS\System32\KERNEL32.DLL
0x00007ffb04f80000 - 0x00007ffb052fd000 	C:\WINDOWS\System32\KERNELBASE.dll
0x00007ffb054f0000 - 0x00007ffb05601000 	C:\WINDOWS\System32\ucrtbase.dll
0x00007ffaf5380000 - 0x00007ffaf539a000 	C:\Users\karel\.jdks\openjdk-17.0.1\bin\VCRUNTIME140.dll
0x00007ffaf5870000 - 0x00007ffaf5888000 	C:\Users\karel\.jdks\openjdk-17.0.1\bin\jli.dll
0x00007ffb060a0000 - 0x00007ffb0624d000 	C:\WINDOWS\System32\USER32.dll
0x00007ffb057a0000 - 0x00007ffb057c6000 	C:\WINDOWS\System32\win32u.dll
0x00007ffafc350000 - 0x00007ffafc5f5000 	C:\WINDOWS\WinSxS\amd64_microsoft.windows.common-controls_6595b64144ccf1df_6.0.22000.120_none_9d947278b86cc467\COMCTL32.dll
0x00007ffb05ab0000 - 0x00007ffb05ad9000 	C:\WINDOWS\System32\GDI32.dll
0x00007ffb064a0000 - 0x00007ffb06543000 	C:\WINDOWS\System32\msvcrt.dll
0x00007ffb05610000 - 0x00007ffb05728000 	C:\WINDOWS\System32\gdi32full.dll
0x00007ffb057d0000 - 0x00007ffb0586d000 	C:\WINDOWS\System32\msvcp_win.dll
0x00007ffb074a0000 - 0x00007ffb074d1000 	C:\WINDOWS\System32\IMM32.DLL
0x00007ffafa4a0000 - 0x00007ffafa4ac000 	C:\Users\karel\.jdks\openjdk-17.0.1\bin\vcruntime140_1.dll
0x00007ffae7620000 - 0x00007ffae76ad000 	C:\Users\karel\.jdks\openjdk-17.0.1\bin\msvcp140.dll
0x00007ffaaa480000 - 0x00007ffaab03e000 	C:\Users\karel\.jdks\openjdk-17.0.1\bin\server\jvm.dll
0x00007ffb05a00000 - 0x00007ffb05aae000 	C:\WINDOWS\System32\ADVAPI32.dll
0x00007ffb06000000 - 0x00007ffb0609e000 	C:\WINDOWS\System32\sechost.dll
0x00007ffb07640000 - 0x00007ffb07760000 	C:\WINDOWS\System32\RPCRT4.dll
0x00007ffb07490000 - 0x00007ffb07498000 	C:\WINDOWS\System32\PSAPI.DLL
0x00007ffaef120000 - 0x00007ffaef129000 	C:\WINDOWS\SYSTEM32\WSOCK32.dll
0x00007ffaefb40000 - 0x00007ffaefb73000 	C:\WINDOWS\SYSTEM32\WINMM.dll
0x00007ffafc900000 - 0x00007ffafc90a000 	C:\WINDOWS\SYSTEM32\VERSION.dll
0x00007ffb05990000 - 0x00007ffb059ff000 	C:\WINDOWS\System32\WS2_32.dll
0x00007ffb04170000 - 0x00007ffb04188000 	C:\WINDOWS\SYSTEM32\kernel.appcore.dll
0x00007ffaf5d80000 - 0x00007ffaf5d8a000 	C:\Users\karel\.jdks\openjdk-17.0.1\bin\jimage.dll
0x00007ffb02ab0000 - 0x00007ffb02cd1000 	C:\WINDOWS\SYSTEM32\DBGHELP.DLL
0x00007ffafa750000 - 0x00007ffafa781000 	C:\WINDOWS\SYSTEM32\dbgcore.DLL
0x00007ffb05300000 - 0x00007ffb0537f000 	C:\WINDOWS\System32\bcryptPrimitives.dll
0x00007ffaf5350000 - 0x00007ffaf5375000 	C:\Users\karel\.jdks\openjdk-17.0.1\bin\java.dll
0x00007ffae7540000 - 0x00007ffae7616000 	C:\Users\karel\.jdks\openjdk-17.0.1\bin\svml.dll
0x00007ffb06640000 - 0x00007ffb06df8000 	C:\WINDOWS\System32\SHELL32.dll
0x00007ffb03100000 - 0x00007ffb03968000 	C:\WINDOWS\SYSTEM32\windows.storage.dll
0x00007ffb05b70000 - 0x00007ffb05ee9000 	C:\WINDOWS\System32\combase.dll
0x00007ffb02f90000 - 0x00007ffb030f6000 	C:\WINDOWS\SYSTEM32\wintypes.dll
0x00007ffb074e0000 - 0x00007ffb075ca000 	C:\WINDOWS\System32\SHCORE.dll
0x00007ffb05ef0000 - 0x00007ffb05f4d000 	C:\WINDOWS\System32\shlwapi.dll
0x00007ffb04eb0000 - 0x00007ffb04ed1000 	C:\WINDOWS\SYSTEM32\profapi.dll
0x00007ffaedf80000 - 0x00007ffaedf99000 	C:\Users\karel\.jdks\openjdk-17.0.1\bin\net.dll
0x00007ffaffc60000 - 0x00007ffaffd6c000 	C:\WINDOWS\SYSTEM32\WINHTTP.dll
0x00007ffb045a0000 - 0x00007ffb04607000 	C:\WINDOWS\system32\mswsock.dll
0x00007ffaedf60000 - 0x00007ffaedf75000 	C:\Users\karel\.jdks\openjdk-17.0.1\bin\nio.dll
0x00007ffaedf40000 - 0x00007ffaedf58000 	C:\Users\karel\.jdks\openjdk-17.0.1\bin\zip.dll
0x00007ffacee70000 - 0x00007ffaceed4000 	C:\Users\karel\AppData\Local\Temp\lwjglkarel\3.2.3-build-13\lwjgl.dll
0x00007ffac9730000 - 0x00007ffac9792000 	C:\Users\karel\AppData\Local\Temp\lwjglkarel\3.2.3-build-13\glfw.dll
0x00007ffb01ee0000 - 0x00007ffb01f8c000 	C:\WINDOWS\system32\uxtheme.dll
0x00007ffae4440000 - 0x00007ffae4485000 	C:\WINDOWS\SYSTEM32\dinput8.dll
0x00007ffb00910000 - 0x00007ffb00921000 	C:\WINDOWS\SYSTEM32\xinput1_4.dll
0x00007ffb04ca0000 - 0x00007ffb04cec000 	C:\WINDOWS\SYSTEM32\cfgmgr32.dll
0x00007ffb04c50000 - 0x00007ffb04c7c000 	C:\WINDOWS\SYSTEM32\DEVOBJ.dll
0x00007ffb02550000 - 0x00007ffb0257f000 	C:\WINDOWS\SYSTEM32\dwmapi.dll
0x00007ffac8010000 - 0x00007ffac81d9000 	C:\WINDOWS\SYSTEM32\inputhost.dll
0x00007ffb01b00000 - 0x00007ffb01c32000 	C:\WINDOWS\SYSTEM32\CoreMessaging.dll
0x00007ffa8a950000 - 0x00007ffa8aa81000 	C:\ProgramData\A-Volute\A-Volute.SonicStudio3\Modules\ScheduledModules\x64\AudioDevProps2.dll
0x00007ffb072f0000 - 0x00007ffb0748a000 	C:\WINDOWS\System32\ole32.dll
0x00007ffb07770000 - 0x00007ffb0788e000 	C:\WINDOWS\System32\MSCTF.dll
0x00007ffb04800000 - 0x00007ffb0480c000 	C:\WINDOWS\SYSTEM32\CRYPTBASE.DLL
0x00007ffb03970000 - 0x00007ffb0397e000 	C:\WINDOWS\SYSTEM32\HID.DLL
0x00007ffb06e80000 - 0x00007ffb072ec000 	C:\WINDOWS\System32\SETUPAPI.DLL
0x00007ffb05730000 - 0x00007ffb05797000 	C:\WINDOWS\System32\WINTRUST.dll
0x00007ffb05380000 - 0x00007ffb054e2000 	C:\WINDOWS\System32\CRYPT32.dll
0x00007ffb04840000 - 0x00007ffb04852000 	C:\WINDOWS\SYSTEM32\MSASN1.dll
0x00007ffacce20000 - 0x00007ffaccf21000 	C:\WINDOWS\SYSTEM32\opengl32.dll
0x00007ffaccdb0000 - 0x00007ffaccddd000 	C:\WINDOWS\SYSTEM32\GLU32.dll
0x00007ffb024d0000 - 0x00007ffb02508000 	C:\WINDOWS\SYSTEM32\dxcore.dll
0x00007ffaffd70000 - 0x00007ffaffdb4000 	C:\WINDOWS\SYSTEM32\directxdatabasehelper.dll
0x00007ffb02580000 - 0x00007ffb025b4000 	C:\WINDOWS\SYSTEM32\ntmarta.dll
0x00007ffb05f50000 - 0x00007ffb05fff000 	C:\WINDOWS\System32\clbcatq.dll
0x00007ffa6d1a0000 - 0x00007ffa701c8000 	C:\WINDOWS\System32\DriverStore\FileRepository\nvam.inf_amd64_4c9ded46d0fbe1f8\nvoglv64.dll
0x00007ffb06310000 - 0x00007ffb063e6000 	C:\WINDOWS\System32\OLEAUT32.dll
0x00007ffb004b0000 - 0x00007ffb004c4000 	C:\WINDOWS\SYSTEM32\WTSAPI32.dll
0x00007ffafb4d0000 - 0x00007ffafb501000 	C:\WINDOWS\SYSTEM32\cryptnet.dll
0x00007ffafb380000 - 0x00007ffafb4c9000 	C:\WINDOWS\SYSTEM32\drvstore.dll
0x00007ffb048b0000 - 0x00007ffb048f0000 	C:\WINDOWS\SYSTEM32\wldp.dll
0x00007ffa97c90000 - 0x00007ffa97f55000 	C:\WINDOWS\system32\nvspcap64.dll
0x00007ffb03980000 - 0x00007ffb039cd000 	C:\WINDOWS\SYSTEM32\powrprof.dll
0x00007ffb03a70000 - 0x00007ffb03a83000 	C:\WINDOWS\SYSTEM32\UMPDC.dll
0x00007ffb03c20000 - 0x00007ffb03c83000 	C:\WINDOWS\SYSTEM32\WINSTA.dll
0x00007ffac5e80000 - 0x00007ffac5fad000 	C:\WINDOWS\SYSTEM32\textinputframework.dll
0x00007ffafeb00000 - 0x00007ffafee6d000 	C:\WINDOWS\SYSTEM32\CoreUIComponents.dll
0x00007ffb02390000 - 0x00007ffb02483000 	C:\WINDOWS\system32\dxgi.dll
0x00007ffafe510000 - 0x00007ffafe790000 	C:\WINDOWS\system32\d3d11.dll
0x00007ffaba130000 - 0x00007ffaba1e0000 	C:\WINDOWS\System32\DriverStore\FileRepository\nvam.inf_amd64_4c9ded46d0fbe1f8\nvldumdx.dll
0x00007ffb06e60000 - 0x00007ffb06e7f000 	C:\WINDOWS\System32\imagehlp.dll
0x00007ffb047e0000 - 0x00007ffb047f8000 	C:\WINDOWS\SYSTEM32\CRYPTSP.dll
0x00007ffb040d0000 - 0x00007ffb04105000 	C:\WINDOWS\system32\rsaenh.dll
0x00007ffb04960000 - 0x00007ffb04987000 	C:\WINDOWS\SYSTEM32\bcrypt.dll
0x00007ffa93810000 - 0x00007ffa9615a000 	C:\WINDOWS\System32\DriverStore\FileRepository\nvam.inf_amd64_4c9ded46d0fbe1f8\nvwgf2umx.dll
0x00007ffaf14d0000 - 0x00007ffaf1c38000 	C:\WINDOWS\SYSTEM32\nvapi64.dll
0x00007ffaf8fc0000 - 0x00007ffafa230000 	C:\WINDOWS\System32\DriverStore\FileRepository\iigd_dch.inf_amd64_2ce3ffa204f4b311\igd10iumd64.dll
0x00007ffb04930000 - 0x00007ffb04958000 	C:\WINDOWS\SYSTEM32\ncrypt.dll
0x00007ffb048f0000 - 0x00007ffb04927000 	C:\WINDOWS\SYSTEM32\NTASN1.dll
0x00007ffafb530000 - 0x00007ffafb6d4000 	C:\WINDOWS\System32\DriverStore\FileRepository\iigd_dch.inf_amd64_2ce3ffa204f4b311\igdgmm64.dll
0x00007ffaf6b20000 - 0x00007ffaf8fbb000 	C:\WINDOWS\System32\DriverStore\FileRepository\iigd_dch.inf_amd64_2ce3ffa204f4b311\igc64.dll
0x00007ffacb530000 - 0x00007ffacb589000 	C:\Users\karel\AppData\Local\Temp\lwjglkarel\3.2.3-build-13\lwjgl_opengl.dll
0x00007ffac8b10000 - 0x00007ffac8b87000 	C:\Users\karel\AppData\Local\Temp\lwjglkarel\3.2.3-build-13\lwjgl_stb.dll
0x00007ffae7870000 - 0x00007ffae7880000 	C:\Users\karel\.jdks\openjdk-17.0.1\bin\verify.dll

dbghelp: loaded successfully - version: 4.0.5 - missing functions: none
symbol engine: initialized successfully - sym options: 0x614 - pdb path: .;C:\Users\karel\.jdks\openjdk-17.0.1\bin;C:\WINDOWS\SYSTEM32;C:\Program Files\Avast Software\Avast;C:\WINDOWS\WinSxS\amd64_microsoft.windows.common-controls_6595b64144ccf1df_6.0.22000.120_none_9d947278b86cc467;C:\Users\karel\.jdks\openjdk-17.0.1\bin\server;C:\Users\karel\AppData\Local\Temp\lwjglkarel\3.2.3-build-13;C:\ProgramData\A-Volute\A-Volute.SonicStudio3\Modules\ScheduledModules\x64;C:\WINDOWS\System32\DriverStore\FileRepository\nvam.inf_amd64_4c9ded46d0fbe1f8;C:\WINDOWS\System32\DriverStore\FileRepository\iigd_dch.inf_amd64_2ce3ffa204f4b311

VM Arguments:
jvm_args: -Dfile.encoding=windows-1252 -Duser.country=GB -Duser.language=en -Duser.variant 
java_command: windowStuff.Main
java_class_path (initial): C:\Users\karel\Documents\programming\Gloriousness\build\classes\java\main;C:\Users\karel\Documents\programming\Gloriousness\build\resources\main;C:\Users\karel\.gradle\caches\modules-2\files-2.1\org.lwjgl\lwjgl-assimp\3.2.3\f62aa07a20afbdd3097efc296c4841e0d29700eb\lwjgl-assimp-3.2.3.jar;C:\Users\karel\.gradle\caches\modules-2\files-2.1\org.lwjgl\lwjgl-assimp\3.2.3\4e60aeb75f0343c4a9ede4ef8b6b32ca702a00a3\lwjgl-assimp-3.2.3-natives-windows.jar;C:\Users\karel\.gradle\caches\modules-2\files-2.1\org.lwjgl\lwjgl-glfw\3.2.3\5e520d5c290c8b012545a8d34fa5db5ab051ea53\lwjgl-glfw-3.2.3.jar;C:\Users\karel\.gradle\caches\modules-2\files-2.1\org.lwjgl\lwjgl-glfw\3.2.3\b4d8a3477cdc2edcf7a5f1e822926be846223f54\lwjgl-glfw-3.2.3-natives-windows.jar;C:\Users\karel\.gradle\caches\modules-2\files-2.1\org.lwjgl\lwjgl-nfd\3.2.3\c44fee1043c022cf6614a28872d44cf114ca7737\lwjgl-nfd-3.2.3.jar;C:\Users\karel\.gradle\caches\modules-2\files-2.1\org.lwjgl\lwjgl-nfd\3.2.3\32782f5f5c57769efb82af864e70b819c77bc891\lwjgl-nfd-3.2.3-natives-windows.jar;C:\Users\karel\.gradle\caches\modules-2\files-2.1\org.lwjgl\lwjgl-openal\3.2.3\106742e805803ab9eab8e343f0fb31a3d263903c\lwjgl-openal-3.2.3.jar;C:\Users\karel\.gradle\caches\modules-2\files-2.1\org.lwjgl\lwjgl-openal\3.2.3\ec898e8ce11b5886f4f532a1536283ef2817758d\lwjgl-openal-3.2.3-natives-windows.jar;C:\Users\karel\.gradle\caches\modules-2\files-2.1\org.lwjgl\lwjgl-opengl\3.2.3\bdd534a323d0c8f54969b95e424b6ac8984f7d6e\lwjgl-opengl-3.2.3.jar;C:\Users\karel\.gradle\caches\modules-2\files-2.1\org.lwjgl\lwjgl-opengl\3.2.3\e81cfc73ec8708e5e791ed770e4ec3edfc1bbab1\lwjgl-opengl-3.2.3-natives-windows.jar;C:\Users\karel\.gradle\caches\modules-2\files-2.1\org.lwjgl\lwjgl-stb\3.2.3\40eccaa4fa86fc815f2e17946a392fb5fdcc286a\lwjgl-stb-3.2.3.jar;C:\Users\karel\.gradle\caches\modules-2\files-2.1\org.lwjgl\lwjgl-stb\3.2.3\817b21ec286f0ba3dcedb56a3bd275e6a9345be9\lwjgl-stb-3.2.3-natives-windows.jar;C:\Users\karel\.gradle\caches\modules-2\files-
Launcher Type: SUN_STANDARD

[Global flags]
     intx CICompilerCount                          = 4                                         {product} {ergonomic}
     uint ConcGCThreads                            = 3                                         {product} {ergonomic}
     uint G1ConcRefinementThreads                  = 10                                        {product} {ergonomic}
   size_t G1HeapRegionSize                         = 2097152                                   {product} {ergonomic}
    uintx GCDrainStackTargetSize                   = 64                                        {product} {ergonomic}
   size_t InitialHeapSize                          = 266338304                                 {product} {ergonomic}
   size_t MarkStackSize                            = 4194304                                   {product} {ergonomic}
   size_t MaxHeapSize                              = 4240441344                                {product} {ergonomic}
   size_t MaxNewSize                               = 2543845376                                {product} {ergonomic}
   size_t MinHeapDeltaBytes                        = 2097152                                   {product} {ergonomic}
   size_t MinHeapSize                              = 8388608                                   {product} {ergonomic}
    uintx NonNMethodCodeHeapSize                   = 5839372                                {pd product} {ergonomic}
    uintx NonProfiledCodeHeapSize                  = 122909434                              {pd product} {ergonomic}
    uintx ProfiledCodeHeapSize                     = 122909434                              {pd product} {ergonomic}
    uintx ReservedCodeCacheSize                    = 251658240                              {pd product} {ergonomic}
     bool SegmentedCodeCache                       = true                                      {product} {ergonomic}
   size_t SoftMaxHeapSize                          = 4240441344                             {manageable} {ergonomic}
     bool UseCompressedClassPointers               = true                           {product lp64_product} {ergonomic}
     bool UseCompressedOops                        = true                           {product lp64_product} {ergonomic}
     bool UseG1GC                                  = true                                      {product} {ergonomic}
     bool UseLargePagesIndividualAllocation        = false                                  {pd product} {ergonomic}

Logging:
Log output configuration:
 #0: stdout all=warning uptime,level,tags
 #1: stderr all=off uptime,level,tags

Environment Variables:
JAVA_HOME=C:\Program Files\AdoptOpenJDK\jdk-11.0.10.9-hotspot\
PATH=C:\Program Files\NVIDIA GPU Computing Toolkit\CUDA\v11.4\bin;C:\Program Files\NVIDIA GPU Computing Toolkit\CUDA\v11.4\libnvvp;C:\Program Files\AdoptOpenJDK\jdk-11.0.10.9-hotspot\bin;C:\Windows\system32;C:\Windows;C:\Windows\System32\Wbem;C:\Windows\System32\WindowsPowerShell\v1.0\;C:\Windows\System32\OpenSSH\;C:\Program Files (x86)\NVIDIA Corporation\PhysX\Common;C:\Program Files\NVIDIA Corporation\NVIDIA NvDLISR;C:\Program Files\Git\cmd;C:\Program Files\NVIDIA Corporation\Nsight Compute 2021.2.2\;C:\WINDOWS\system32;C:\WINDOWS;C:\WINDOWS\System32\Wbem;C:\WINDOWS\System32\WindowsPowerShell\v1.0\;C:\WINDOWS\System32\OpenSSH\;C:\Program Files\dotnet\;C:\Users\karel\AppData\Local\Programs\Python\Python39\Scripts\;C:\Users\karel\AppData\Local\Programs\Python\Python39\;C:\Users\karel\AppData\Local\Microsoft\WindowsApps;C:\Users\karel\AppData\Local\GitHubDesktop\bin;C:\Program Files\JetBrains\IntelliJ IDEA\bin;;C:\Program Files\CMake\bin;C:\pypy3.7-v7.3.5-win64;C:\Users\karel\.dotnet\tools
USERNAME=karel
OS=Windows_NT
PROCESSOR_IDENTIFIER=Intel64 Family 6 Model 165 Stepping 2, GenuineIntel



---------------  S Y S T E M  ---------------

OS:
 Windows 10 , 64 bit Build 22000 (10.0.22000.708)
OS uptime: 0 days 12:12 hours

CPU: total 12 (initial active 12) (6 cores per cpu, 2 threads per core) family 6 model 165 stepping 2 microcode 0xe0, cx8, cmov, fxsr, ht, mmx, 3dnowpref, sse, sse2, sse3, ssse3, sse4.1, sse4.2, popcnt, lzcnt, tsc, tscinvbit, avx, avx2, aes, erms, clmul, bmi1, bmi2, adx, fma, vzeroupper, clflush, clflushopt

Memory: 4k page, system-wide physical 16169M (5265M free)
TotalPageFile size 22313M (AvailPageFile size 6259M)
current process WorkingSet (physical memory assigned to process): 300M, peak: 305M
current process commit charge ("private bytes"): 588M, peak: 592M

vm_info: OpenJDK 64-Bit Server VM (17.0.1+12-39) for windows-amd64 JRE (17.0.1+12-39), built on Sep 27 2021 18:39:29 by "mach5one" with MS VC++ 16.8 (VS2019)

END.
